[
  {
    "Plan": {
      "Node Type": "Aggregate",
      "Strategy": "Plain",
      "Partial Mode": "Finalize",
      "Parallel Aware": false,
      "Startup Cost": 215957.87,
      "Total Cost": 215957.88,
      "Plan Rows": 1,
      "Plan Width": 8,
      "Actual Startup Time": 534.768,
      "Actual Total Time": 575.846,
      "Actual Rows": 1,
      "Actual Loops": 1,
      "Plans": [
        {
          "Node Type": "Gather",
          "Parent Relationship": "Outer",
          "Parallel Aware": false,
          "Startup Cost": 215957.55,
          "Total Cost": 215957.86,
          "Plan Rows": 3,
          "Plan Width": 8,
          "Actual Startup Time": 526.505,
          "Actual Total Time": 575.833,
          "Actual Rows": 4,
          "Actual Loops": 1,
          "Workers Planned": 3,
          "Workers Launched": 3,
          "Single Copy": false,
          "Plans": [
            {
              "Node Type": "Aggregate",
              "Strategy": "Plain",
              "Partial Mode": "Partial",
              "Parent Relationship": "Outer",
              "Parallel Aware": false,
              "Startup Cost": 214957.55,
              "Total Cost": 214957.56,
              "Plan Rows": 1,
              "Plan Width": 8,
              "Actual Startup Time": 513.359,
              "Actual Total Time": 513.366,
              "Actual Rows": 1,
              "Actual Loops": 4,
              "Plans": [
                {
                  "Node Type": "Nested Loop",
                  "Parent Relationship": "Outer",
                  "Parallel Aware": false,
                  "Join Type": "Inner",
                  "Startup Cost": 54286.36,
                  "Total Cost": 213108.8,
                  "Plan Rows": 739500,
                  "Plan Width": 0,
                  "Actual Startup Time": 286.14,
                  "Actual Total Time": 505.664,
                  "Actual Rows": 119034,
                  "Actual Loops": 4,
                  "Inner Unique": false,
                  "Plans": [
                    {
                      "Node Type": "Hash Join",
                      "Parent Relationship": "Outer",
                      "Parallel Aware": true,
                      "Join Type": "Inner",
                      "Startup Cost": 54285.79,
                      "Total Cost": 80023.92,
                      "Plan Rows": 51608,
                      "Plan Width": 8,
                      "Actual Startup Time": 286.007,
                      "Actual Total Time": 347.132,
                      "Actual Rows": 3387,
                      "Actual Loops": 4,
                      "Inner Unique": true,
                      "Hash Cond": "(mk.movie_id = t.id)",
                      "Plans": [
                        {
                          "Node Type": "Bitmap Heap Scan",
                          "Parent Relationship": "Outer",
                          "Parallel Aware": true,
                          "Relation Name": "movie_keyword",
                          "Alias": "mk",
                          "Startup Cost": 5584.18,
                          "Total Cost": 31099.44,
                          "Plan Rows": 84901,
                          "Plan Width": 4,
                          "Actual Startup Time": 24.789,
                          "Actual Total Time": 65.97,
                          "Actual Rows": 63515,
                          "Actual Loops": 4,
                          "Recheck Cond": "(keyword_id > 59979)",
                          "Rows Removed by Index Recheck": 0,
                          "Exact Heap Blocks": 5632,
                          "Lossy Heap Blocks": 0,
                          "Plans": [
                            {
                              "Node Type": "Bitmap Index Scan",
                              "Parent Relationship": "Outer",
                              "Parallel Aware": false,
                              "Index Name": "keyword_id_movie_keyword",
                              "Startup Cost": 0.0,
                              "Total Cost": 5518.38,
                              "Plan Rows": 263193,
                              "Plan Width": 0,
                              "Actual Startup Time": 19.846,
                              "Actual Total Time": 19.847,
                              "Actual Rows": 254059,
                              "Actual Loops": 1,
                              "Index Cond": "(keyword_id > 59979)"
                            }
                          ]
                        },
                        {
                          "Node Type": "Hash",
                          "Parent Relationship": "Inner",
                          "Parallel Aware": true,
                          "Startup Cost": 43898.92,
                          "Total Cost": 43898.92,
                          "Plan Rows": 384216,
                          "Plan Width": 4,
                          "Actual Startup Time": 253.674,
                          "Actual Total Time": 253.675,
                          "Actual Rows": 385816,
                          "Actual Loops": 4,
                          "Hash Buckets": 2097152,
                          "Original Hash Buckets": 2097152,
                          "Hash Batches": 1,
                          "Original Hash Batches": 1,
                          "Peak Memory Usage": 76832,
                          "Plans": [
                            {
                              "Node Type": "Seq Scan",
                              "Parent Relationship": "Outer",
                              "Parallel Aware": true,
                              "Relation Name": "title",
                              "Alias": "t",
                              "Startup Cost": 0.0,
                              "Total Cost": 43898.92,
                              "Plan Rows": 384216,
                              "Plan Width": 4,
                              "Actual Startup Time": 0.046,
                              "Actual Total Time": 109.386,
                              "Actual Rows": 385816,
                              "Actual Loops": 4,
                              "Filter": "(kind_id = 7)",
                              "Rows Removed by Filter": 246262
                            }
                          ]
                        }
                      ]
                    },
                    {
                      "Node Type": "Index Only Scan",
                      "Parent Relationship": "Inner",
                      "Parallel Aware": false,
                      "Scan Direction": "Forward",
                      "Index Name": "movie_id_cast_info",
                      "Relation Name": "cast_info",
                      "Alias": "ci",
                      "Startup Cost": 0.56,
                      "Total Cost": 2.21,
                      "Plan Rows": 37,
                      "Plan Width": 4,
                      "Actual Startup Time": 0.006,
                      "Actual Total Time": 0.043,
                      "Actual Rows": 35,
                      "Actual Loops": 13547,
                      "Index Cond": "(movie_id = t.id)",
                      "Rows Removed by Index Recheck": 0,
                      "Heap Fetches": 476137
                    }
                  ]
                }
              ]
            }
          ]
        }
      ]
    },
    "Planning Time": 1.372,
    "Triggers": [],
    "Execution Time": 575.973
  }
]