[
  {
    "Plan": {
      "Node Type": "Aggregate",
      "Strategy": "Plain",
      "Partial Mode": "Simple",
      "Parallel Aware": false,
      "Startup Cost": 11619.2,
      "Total Cost": 11619.21,
      "Plan Rows": 1,
      "Plan Width": 8,
      "Actual Startup Time": 14.93,
      "Actual Total Time": 14.932,
      "Actual Rows": 1,
      "Actual Loops": 1,
      "Plans": [
        {
          "Node Type": "Bitmap Heap Scan",
          "Parent Relationship": "Outer",
          "Parallel Aware": false,
          "Relation Name": "movie_keyword",
          "Alias": "mk",
          "Startup Cost": 99.49,
          "Total Cost": 11607.89,
          "Plan Rows": 4524,
          "Plan Width": 0,
          "Actual Startup Time": 3.04,
          "Actual Total Time": 14.192,
          "Actual Rows": 4702,
          "Actual Loops": 1,
          "Recheck Cond": "(keyword_id = 275)",
          "Rows Removed by Index Recheck": 0,
          "Exact Heap Blocks": 4251,
          "Lossy Heap Blocks": 0,
          "Plans": [
            {
              "Node Type": "Bitmap Index Scan",
              "Parent Relationship": "Outer",
              "Parallel Aware": false,
              "Index Name": "keyword_id_movie_keyword",
              "Startup Cost": 0.0,
              "Total Cost": 98.36,
              "Plan Rows": 4524,
              "Plan Width": 0,
              "Actual Startup Time": 1.357,
              "Actual Total Time": 1.358,
              "Actual Rows": 4702,
              "Actual Loops": 1,
              "Index Cond": "(keyword_id = 275)"
            }
          ]
        }
      ]
    },
    "Planning Time": 0.136,
    "Triggers": [],
    "Execution Time": 14.986
  }
]