[
  {
    "Plan": {
      "Node Type": "Aggregate",
      "Strategy": "Plain",
      "Partial Mode": "Finalize",
      "Parallel Aware": false,
      "Startup Cost": 248097.28,
      "Total Cost": 248097.29,
      "Plan Rows": 1,
      "Plan Width": 8,
      "Actual Startup Time": 259.451,
      "Actual Total Time": 288.386,
      "Actual Rows": 1,
      "Actual Loops": 1,
      "Plans": [
        {
          "Node Type": "Gather",
          "Parent Relationship": "Outer",
          "Parallel Aware": false,
          "Startup Cost": 248096.86,
          "Total Cost": 248097.27,
          "Plan Rows": 4,
          "Plan Width": 8,
          "Actual Startup Time": 259.296,
          "Actual Total Time": 288.375,
          "Actual Rows": 5,
          "Actual Loops": 1,
          "Workers Planned": 4,
          "Workers Launched": 4,
          "Single Copy": false,
          "Plans": [
            {
              "Node Type": "Aggregate",
              "Strategy": "Plain",
              "Partial Mode": "Partial",
              "Parent Relationship": "Outer",
              "Parallel Aware": false,
              "Startup Cost": 247096.86,
              "Total Cost": 247096.87,
              "Plan Rows": 1,
              "Plan Width": 8,
              "Actual Startup Time": 253.734,
              "Actual Total Time": 253.736,
              "Actual Rows": 1,
              "Actual Loops": 5,
              "Plans": [
                {
                  "Node Type": "Nested Loop",
                  "Parent Relationship": "Outer",
                  "Parallel Aware": false,
                  "Join Type": "Inner",
                  "Startup Cost": 0.56,
                  "Total Cost": 247059.74,
                  "Plan Rows": 14850,
                  "Plan Width": 0,
                  "Actual Startup Time": 0.216,
                  "Actual Total Time": 251.9,
                  "Actual Rows": 14995,
                  "Actual Loops": 5,
                  "Inner Unique": false,
                  "Plans": [
                    {
                      "Node Type": "Seq Scan",
                      "Parent Relationship": "Outer",
                      "Parallel Aware": true,
                      "Relation Name": "title",
                      "Alias": "t",
                      "Startup Cost": 0.0,
                      "Total Cost": 45479.59,
                      "Plan Rows": 2172,
                      "Plan Width": 4,
                      "Actual Startup Time": 0.044,
                      "Actual Total Time": 88.579,
                      "Actual Rows": 1579,
                      "Actual Loops": 5,
                      "Filter": "((kind_id = 7) AND (production_year = 1982))",
                      "Rows Removed by Filter": 504083
                    },
                    {
                      "Node Type": "Index Scan",
                      "Parent Relationship": "Inner",
                      "Parallel Aware": false,
                      "Scan Direction": "Forward",
                      "Index Name": "movie_id_cast_info",
                      "Relation Name": "cast_info",
                      "Alias": "ci",
                      "Startup Cost": 0.56,
                      "Total Cost": 92.64,
                      "Plan Rows": 17,
                      "Plan Width": 4,
                      "Actual Startup Time": 0.056,
                      "Actual Total Time": 0.101,
                      "Actual Rows": 9,
                      "Actual Loops": 7895,
                      "Index Cond": "(movie_id = t.id)",
                      "Rows Removed by Index Recheck": 0,
                      "Filter": "((person_id < 3143468) AND (role_id < 3))",
                      "Rows Removed by Filter": 6
                    }
                  ]
                }
              ]
            }
          ]
        }
      ]
    },
    "Planning Time": 0.227,
    "Triggers": [],
    "Execution Time": 288.429
  }
]