{
  "Plan": {
    "Node Type": "Aggregate",
    "Strategy": "Plain",
    "Partial Mode": "Finalize",
    "Parallel Aware": false,
    "Startup Cost": 139165.49,
    "Total Cost": 139165.5,
    "Plan Rows": 1,
    "Plan Width": 8,
    "Actual Startup Time": 1069.981,
    "Actual Total Time": 1086.755,
    "Actual Rows": 1,
    "Actual Loops": 1,
    "Plans": [
      {
        "Node Type": "Gather",
        "Parent Relationship": "Outer",
        "Parallel Aware": false,
        "Startup Cost": 139165.37,
        "Total Cost": 139165.48,
        "Plan Rows": 1,
        "Plan Width": 8,
        "Actual Startup Time": 1067.65,
        "Actual Total Time": 1086.748,
        "Actual Rows": 2,
        "Actual Loops": 1,
        "Workers Planned": 1,
        "Workers Launched": 1,
        "Single Copy": false,
        "Plans": [
          {
            "Node Type": "Aggregate",
            "Strategy": "Plain",
            "Partial Mode": "Partial",
            "Parent Relationship": "Outer",
            "Parallel Aware": false,
            "Startup Cost": 138165.37,
            "Total Cost": 138165.38,
            "Plan Rows": 1,
            "Plan Width": 8,
            "Actual Startup Time": 1059.999,
            "Actual Total Time": 1060.003,
            "Actual Rows": 1,
            "Actual Loops": 2,
            "Plans": [
              {
                "Node Type": "Hash Join",
                "Parent Relationship": "Outer",
                "Parallel Aware": true,
                "Join Type": "Inner",
                "Startup Cost": 69775.03,
                "Total Cost": 133495.54,
                "Plan Rows": 1867935,
                "Plan Width": 0,
                "Actual Startup Time": 499.687,
                "Actual Total Time": 992.434,
                "Actual Rows": 1796410,
                "Actual Loops": 2,
                "Inner Unique": true,
                "Hash Cond": "(mk.movie_id = t.id)",
                "Plans": [
                  {
                    "Node Type": "Seq Scan",
                    "Parent Relationship": "Outer",
                    "Parallel Aware": true,
                    "Relation Name": "movie_keyword",
                    "Alias": "mk",
                    "Startup Cost": 0.0,
                    "Total Cost": 57718.19,
                    "Plan Rows": 2286593,
                    "Plan Width": 4,
                    "Actual Startup Time": 0.047,
                    "Actual Total Time": 202.564,
                    "Actual Rows": 1937939,
                    "Actual Loops": 2,
                    "Filter": "(keyword_id > 498)",
                    "Rows Removed by Filter": 324026
                  },
                  {
                    "Node Type": "Hash",
                    "Parent Relationship": "Inner",
                    "Parallel Aware": true,
                    "Startup Cost": 54588.39,
                    "Total Cost": 54588.39,
                    "Plan Rows": 1214931,
                    "Plan Width": 4,
                    "Actual Startup Time": 485.491,
                    "Actual Total Time": 485.491,
                    "Actual Rows": 1032276,
                    "Actual Loops": 2,
                    "Hash Buckets": 2097152,
                    "Original Hash Buckets": 2097152,
                    "Hash Batches": 1,
                    "Original Hash Batches": 1,
                    "Peak Memory Usage": 97184,
                    "Plans": [
                      {
                        "Node Type": "Seq Scan",
                        "Parent Relationship": "Outer",
                        "Parallel Aware": true,
                        "Relation Name": "title",
                        "Alias": "t",
                        "Startup Cost": 0.0,
                        "Total Cost": 54588.39,
                        "Plan Rows": 1214931,
                        "Plan Width": 4,
                        "Actual Startup Time": 0.045,
                        "Actual Total Time": 181.873,
                        "Actual Rows": 1032276,
                        "Actual Loops": 2,
                        "Filter": "(production_year < 2011)",
                        "Rows Removed by Filter": 231880
                      }
                    ]
                  }
                ]
              }
            ]
          }
        ]
      }
    ]
  },
  "Planning Time": 0.716,
  "Triggers": [],
  "Execution Time": 1086.825
}