[
  {
    "Plan": {
      "Node Type": "Aggregate",
      "Strategy": "Plain",
      "Partial Mode": "Finalize",
      "Parallel Aware": false,
      "Startup Cost": 63066.39,
      "Total Cost": 63066.4,
      "Plan Rows": 1,
      "Plan Width": 8,
      "Actual Startup Time": 355.342,
      "Actual Total Time": 371.822,
      "Actual Rows": 1,
      "Actual Loops": 1,
      "Plans": [
        {
          "Node Type": "Gather",
          "Parent Relationship": "Outer",
          "Parallel Aware": false,
          "Startup Cost": 63066.17,
          "Total Cost": 63066.38,
          "Plan Rows": 2,
          "Plan Width": 8,
          "Actual Startup Time": 352.468,
          "Actual Total Time": 371.809,
          "Actual Rows": 3,
          "Actual Loops": 1,
          "Workers Planned": 2,
          "Workers Launched": 2,
          "Single Copy": false,
          "Plans": [
            {
              "Node Type": "Aggregate",
              "Strategy": "Plain",
              "Partial Mode": "Partial",
              "Parent Relationship": "Outer",
              "Parallel Aware": false,
              "Startup Cost": 62066.17,
              "Total Cost": 62066.18,
              "Plan Rows": 1,
              "Plan Width": 8,
              "Actual Startup Time": 344.709,
              "Actual Total Time": 344.714,
              "Actual Rows": 1,
              "Actual Loops": 3,
              "Plans": [
                {
                  "Node Type": "Hash Join",
                  "Parent Relationship": "Outer",
                  "Parallel Aware": true,
                  "Join Type": "Inner",
                  "Startup Cost": 46657.34,
                  "Total Cost": 61851.9,
                  "Plan Rows": 85710,
                  "Plan Width": 0,
                  "Actual Startup Time": 245.476,
                  "Actual Total Time": 336.329,
                  "Actual Rows": 151926,
                  "Actual Loops": 3,
                  "Inner Unique": true,
                  "Hash Cond": "(mi_idx.movie_id = t.id)",
                  "Plans": [
                    {
                      "Node Type": "Seq Scan",
                      "Parent Relationship": "Outer",
                      "Parallel Aware": true,
                      "Relation Name": "movie_info_idx",
                      "Alias": "mi_idx",
                      "Startup Cost": 0.0,
                      "Total Cost": 13685.15,
                      "Plan Rows": 575015,
                      "Plan Width": 4,
                      "Actual Startup Time": 0.01,
                      "Actual Total Time": 47.94,
                      "Actual Rows": 460012,
                      "Actual Loops": 3
                    },
                    {
                      "Node Type": "Hash",
                      "Parent Relationship": "Inner",
                      "Parallel Aware": true,
                      "Startup Cost": 45479.59,
                      "Total Cost": 45479.59,
                      "Plan Rows": 94220,
                      "Plan Width": 4,
                      "Actual Startup Time": 194.126,
                      "Actual Total Time": 194.127,
                      "Actual Rows": 146676,
                      "Actual Loops": 3,
                      "Hash Buckets": 524288,
                      "Original Hash Buckets": 524288,
                      "Hash Batches": 1,
                      "Original Hash Batches": 1,
                      "Peak Memory Usage": 21376,
                      "Plans": [
                        {
                          "Node Type": "Seq Scan",
                          "Parent Relationship": "Outer",
                          "Parallel Aware": true,
                          "Relation Name": "title",
                          "Alias": "t",
                          "Startup Cost": 0.0,
                          "Total Cost": 45479.59,
                          "Plan Rows": 94220,
                          "Plan Width": 4,
                          "Actual Startup Time": 80.049,
                          "Actual Total Time": 145.102,
                          "Actual Rows": 146676,
                          "Actual Loops": 3,
                          "Filter": "((production_year < 2006) AND (kind_id = 1))",
                          "Rows Removed by Filter": 696094
                        }
                      ]
                    }
                  ]
                }
              ]
            }
          ]
        }
      ]
    },
    "Planning Time": 0.7,
    "Triggers": [],
    "Execution Time": 371.895
  }
]