[
  {
    "Plan": {
      "Node Type": "Aggregate",
      "Strategy": "Plain",
      "Partial Mode": "Finalize",
      "Parallel Aware": false,
      "Startup Cost": 22470.99,
      "Total Cost": 22471.0,
      "Plan Rows": 1,
      "Plan Width": 8,
      "Actual Startup Time": 24.575,
      "Actual Total Time": 29.875,
      "Actual Rows": 1,
      "Actual Loops": 1,
      "Plans": [
        {
          "Node Type": "Gather",
          "Parent Relationship": "Outer",
          "Parallel Aware": false,
          "Startup Cost": 22470.77,
          "Total Cost": 22470.98,
          "Plan Rows": 2,
          "Plan Width": 8,
          "Actual Startup Time": 24.397,
          "Actual Total Time": 29.869,
          "Actual Rows": 3,
          "Actual Loops": 1,
          "Workers Planned": 2,
          "Workers Launched": 2,
          "Single Copy": false,
          "Plans": [
            {
              "Node Type": "Aggregate",
              "Strategy": "Plain",
              "Partial Mode": "Partial",
              "Parent Relationship": "Outer",
              "Parallel Aware": false,
              "Startup Cost": 21470.77,
              "Total Cost": 21470.78,
              "Plan Rows": 1,
              "Plan Width": 8,
              "Actual Startup Time": 20.883,
              "Actual Total Time": 20.884,
              "Actual Rows": 1,
              "Actual Loops": 3,
              "Plans": [
                {
                  "Node Type": "Nested Loop",
                  "Parent Relationship": "Outer",
                  "Parallel Aware": false,
                  "Join Type": "Inner",
                  "Startup Cost": 80.93,
                  "Total Cost": 21465.11,
                  "Plan Rows": 2265,
                  "Plan Width": 0,
                  "Actual Startup Time": 1.519,
                  "Actual Total Time": 20.606,
                  "Actual Rows": 2669,
                  "Actual Loops": 3,
                  "Inner Unique": false,
                  "Plans": [
                    {
                      "Node Type": "Nested Loop",
                      "Parent Relationship": "Outer",
                      "Parallel Aware": false,
                      "Join Type": "Inner",
                      "Startup Cost": 80.5,
                      "Total Cost": 20353.5,
                      "Plan Rows": 386,
                      "Plan Width": 8,
                      "Actual Startup Time": 1.414,
                      "Actual Total Time": 12.56,
                      "Actual Rows": 208,
                      "Actual Loops": 3,
                      "Inner Unique": true,
                      "Plans": [
                        {
                          "Node Type": "Bitmap Heap Scan",
                          "Parent Relationship": "Outer",
                          "Parallel Aware": true,
                          "Relation Name": "movie_companies",
                          "Alias": "mc",
                          "Startup Cost": 80.07,
                          "Total Cost": 9058.61,
                          "Plan Rows": 1486,
                          "Plan Width": 4,
                          "Actual Startup Time": 0.917,
                          "Actual Total Time": 3.027,
                          "Actual Rows": 840,
                          "Actual Loops": 3,
                          "Recheck Cond": "(company_id = 115)",
                          "Rows Removed by Index Recheck": 0,
                          "Exact Heap Blocks": 592,
                          "Lossy Heap Blocks": 0,
                          "Plans": [
                            {
                              "Node Type": "Bitmap Index Scan",
                              "Parent Relationship": "Outer",
                              "Parallel Aware": false,
                              "Index Name": "company_id_movie_companies",
                              "Startup Cost": 0.0,
                              "Total Cost": 79.18,
                              "Plan Rows": 3566,
                              "Plan Width": 0,
                              "Actual Startup Time": 2.391,
                              "Actual Total Time": 2.391,
                              "Actual Rows": 2519,
                              "Actual Loops": 1,
                              "Index Cond": "(company_id = 115)"
                            }
                          ]
                        },
                        {
                          "Node Type": "Index Scan",
                          "Parent Relationship": "Inner",
                          "Parallel Aware": false,
                          "Scan Direction": "Forward",
                          "Index Name": "title_pkey",
                          "Relation Name": "title",
                          "Alias": "t",
                          "Startup Cost": 0.43,
                          "Total Cost": 7.6,
                          "Plan Rows": 1,
                          "Plan Width": 4,
                          "Actual Startup Time": 0.011,
                          "Actual Total Time": 0.011,
                          "Actual Rows": 0,
                          "Actual Loops": 2519,
                          "Index Cond": "(id = mc.movie_id)",
                          "Rows Removed by Index Recheck": 0,
                          "Filter": "(production_year > 2008)",
                          "Rows Removed by Filter": 1
                        }
                      ]
                    },
                    {
                      "Node Type": "Index Only Scan",
                      "Parent Relationship": "Inner",
                      "Parallel Aware": false,
                      "Scan Direction": "Forward",
                      "Index Name": "movie_id_movie_info",
                      "Relation Name": "movie_info",
                      "Alias": "mi",
                      "Startup Cost": 0.43,
                      "Total Cost": 2.47,
                      "Plan Rows": 41,
                      "Plan Width": 4,
                      "Actual Startup Time": 0.014,
                      "Actual Total Time": 0.036,
                      "Actual Rows": 13,
                      "Actual Loops": 625,
                      "Index Cond": "(movie_id = t.id)",
                      "Rows Removed by Index Recheck": 0,
                      "Heap Fetches": 8007
                    }
                  ]
                }
              ]
            }
          ]
        }
      ]
    },
    "Planning Time": 0.947,
    "Triggers": [],
    "Execution Time": 29.939
  }
]