[
  {
    "Plan": {
      "Node Type": "Aggregate",
      "Strategy": "Plain",
      "Partial Mode": "Finalize",
      "Parallel Aware": false,
      "Startup Cost": 39718.68,
      "Total Cost": 39718.69,
      "Plan Rows": 1,
      "Plan Width": 8,
      "Actual Startup Time": 125.104,
      "Actual Total Time": 131.082,
      "Actual Rows": 1,
      "Actual Loops": 1,
      "Plans": [
        {
          "Node Type": "Gather",
          "Parent Relationship": "Outer",
          "Parallel Aware": false,
          "Startup Cost": 39718.36,
          "Total Cost": 39718.67,
          "Plan Rows": 3,
          "Plan Width": 8,
          "Actual Startup Time": 124.913,
          "Actual Total Time": 131.073,
          "Actual Rows": 4,
          "Actual Loops": 1,
          "Workers Planned": 3,
          "Workers Launched": 3,
          "Single Copy": false,
          "Plans": [
            {
              "Node Type": "Aggregate",
              "Strategy": "Plain",
              "Partial Mode": "Partial",
              "Parent Relationship": "Outer",
              "Parallel Aware": false,
              "Startup Cost": 38718.36,
              "Total Cost": 38718.37,
              "Plan Rows": 1,
              "Plan Width": 8,
              "Actual Startup Time": 118.184,
              "Actual Total Time": 118.186,
              "Actual Rows": 1,
              "Actual Loops": 4,
              "Plans": [
                {
                  "Node Type": "Bitmap Heap Scan",
                  "Parent Relationship": "Outer",
                  "Parallel Aware": true,
                  "Relation Name": "movie_keyword",
                  "Alias": "mk",
                  "Startup Cost": 11615.32,
                  "Total Cost": 38276.85,
                  "Plan Rows": 176603,
                  "Plan Width": 0,
                  "Actual Startup Time": 47.013,
                  "Actual Total Time": 110.806,
                  "Actual Rows": 133514,
                  "Actual Loops": 4,
                  "Recheck Cond": "(keyword_id > 34315)",
                  "Rows Removed by Index Recheck": 0,
                  "Exact Heap Blocks": 10115,
                  "Lossy Heap Blocks": 0,
                  "Plans": [
                    {
                      "Node Type": "Bitmap Index Scan",
                      "Parent Relationship": "Outer",
                      "Parallel Aware": false,
                      "Index Name": "keyword_id_movie_keyword",
                      "Startup Cost": 0.0,
                      "Total Cost": 11478.45,
                      "Plan Rows": 547469,
                      "Plan Width": 0,
                      "Actual Startup Time": 49.555,
                      "Actual Total Time": 49.555,
                      "Actual Rows": 534054,
                      "Actual Loops": 1,
                      "Index Cond": "(keyword_id > 34315)"
                    }
                  ]
                }
              ]
            }
          ]
        }
      ]
    },
    "Planning Time": 0.191,
    "Triggers": [],
    "Execution Time": 131.16
  }
]