[
  {
    "Plan": {
      "Node Type": "Aggregate",
      "Strategy": "Plain",
      "Partial Mode": "Finalize",
      "Parallel Aware": false,
      "Startup Cost": 32862.13,
      "Total Cost": 32862.14,
      "Plan Rows": 1,
      "Plan Width": 8,
      "Actual Startup Time": 89.596,
      "Actual Total Time": 97.382,
      "Actual Rows": 1,
      "Actual Loops": 1,
      "Plans": [
        {
          "Node Type": "Gather",
          "Parent Relationship": "Outer",
          "Parallel Aware": false,
          "Startup Cost": 32861.81,
          "Total Cost": 32862.12,
          "Plan Rows": 3,
          "Plan Width": 8,
          "Actual Startup Time": 89.459,
          "Actual Total Time": 97.375,
          "Actual Rows": 4,
          "Actual Loops": 1,
          "Workers Planned": 3,
          "Workers Launched": 3,
          "Single Copy": false,
          "Plans": [
            {
              "Node Type": "Aggregate",
              "Strategy": "Plain",
              "Partial Mode": "Partial",
              "Parent Relationship": "Outer",
              "Parallel Aware": false,
              "Startup Cost": 31861.81,
              "Total Cost": 31861.82,
              "Plan Rows": 1,
              "Plan Width": 8,
              "Actual Startup Time": 80.878,
              "Actual Total Time": 80.879,
              "Actual Rows": 1,
              "Actual Loops": 4,
              "Plans": [
                {
                  "Node Type": "Seq Scan",
                  "Parent Relationship": "Outer",
                  "Parallel Aware": true,
                  "Relation Name": "movie_companies",
                  "Alias": "mc",
                  "Startup Cost": 0.0,
                  "Total Cost": 31414.82,
                  "Plan Rows": 178796,
                  "Plan Width": 0,
                  "Actual Startup Time": 48.78,
                  "Actual Total Time": 77.487,
                  "Actual Rows": 85786,
                  "Actual Loops": 4,
                  "Filter": "((company_id < 7244) AND (company_type_id > 1))",
                  "Rows Removed by Filter": 566496
                }
              ]
            }
          ]
        }
      ]
    },
    "Planning Time": 0.196,
    "Triggers": [],
    "Execution Time": 97.435
  }
]