[
  {
    "Plan": {
      "Node Type": "Aggregate",
      "Strategy": "Plain",
      "Partial Mode": "Finalize",
      "Parallel Aware": false,
      "Startup Cost": 293613.46,
      "Total Cost": 293613.47,
      "Plan Rows": 1,
      "Plan Width": 8,
      "Actual Startup Time": 969.805,
      "Actual Total Time": 997.709,
      "Actual Rows": 1,
      "Actual Loops": 1,
      "Plans": [
        {
          "Node Type": "Gather",
          "Parent Relationship": "Outer",
          "Parallel Aware": false,
          "Startup Cost": 293612.84,
          "Total Cost": 293613.45,
          "Plan Rows": 6,
          "Plan Width": 8,
          "Actual Startup Time": 959.408,
          "Actual Total Time": 997.699,
          "Actual Rows": 7,
          "Actual Loops": 1,
          "Workers Planned": 6,
          "Workers Launched": 6,
          "Single Copy": false,
          "Plans": [
            {
              "Node Type": "Aggregate",
              "Strategy": "Plain",
              "Partial Mode": "Partial",
              "Parent Relationship": "Outer",
              "Parallel Aware": false,
              "Startup Cost": 292612.84,
              "Total Cost": 292612.85,
              "Plan Rows": 1,
              "Plan Width": 8,
              "Actual Startup Time": 946.679,
              "Actual Total Time": 946.685,
              "Actual Rows": 1,
              "Actual Loops": 7,
              "Plans": [
                {
                  "Node Type": "Hash Join",
                  "Parent Relationship": "Outer",
                  "Parallel Aware": true,
                  "Join Type": "Inner",
                  "Startup Cost": 92337.19,
                  "Total Cost": 292235.45,
                  "Plan Rows": 150955,
                  "Plan Width": 0,
                  "Actual Startup Time": 323.184,
                  "Actual Total Time": 894.162,
                  "Actual Rows": 1034032,
                  "Actual Loops": 7,
                  "Inner Unique": false,
                  "Hash Cond": "(ci.movie_id = t.id)",
                  "Plans": [
                    {
                      "Node Type": "Index Scan",
                      "Parent Relationship": "Outer",
                      "Parallel Aware": true,
                      "Scan Direction": "Forward",
                      "Index Name": "role_id_cast_info",
                      "Relation Name": "cast_info",
                      "Alias": "ci",
                      "Startup Cost": 0.56,
                      "Total Cost": 194809.41,
                      "Plan Rows": 1227324,
                      "Plan Width": 4,
                      "Actual Startup Time": 0.281,
                      "Actual Total Time": 218.138,
                      "Actual Rows": 1064568,
                      "Actual Loops": 7,
                      "Index Cond": "(role_id = 2)",
                      "Rows Removed by Index Recheck": 0
                    },
                    {
                      "Node Type": "Hash",
                      "Parent Relationship": "Inner",
                      "Parallel Aware": true,
                      "Startup Cost": 91082.72,
                      "Total Cost": 91082.72,
                      "Plan Rows": 100312,
                      "Plan Width": 8,
                      "Actual Startup Time": 320.647,
                      "Actual Total Time": 320.652,
                      "Actual Rows": 135143,
                      "Actual Loops": 7,
                      "Hash Buckets": 1048576,
                      "Original Hash Buckets": 524288,
                      "Hash Batches": 1,
                      "Original Hash Batches": 1,
                      "Peak Memory Usage": 49376,
                      "Plans": [
                        {
                          "Node Type": "Hash Join",
                          "Parent Relationship": "Outer",
                          "Parallel Aware": true,
                          "Join Type": "Inner",
                          "Startup Cost": 47116.42,
                          "Total Cost": 91082.72,
                          "Plan Rows": 100312,
                          "Plan Width": 8,
                          "Actual Startup Time": 146.708,
                          "Actual Total Time": 267.309,
                          "Actual Rows": 135143,
                          "Actual Loops": 7,
                          "Inner Unique": true,
                          "Hash Cond": "(mk.movie_id = t.id)",
                          "Plans": [
                            {
                              "Node Type": "Seq Scan",
                              "Parent Relationship": "Outer",
                              "Parallel Aware": true,
                              "Relation Name": "movie_keyword",
                              "Alias": "mk",
                              "Startup Cost": 0.0,
                              "Total Cost": 42695.65,
                              "Plan Rows": 484055,
                              "Plan Width": 4,
                              "Actual Startup Time": 0.032,
                              "Actual Total Time": 73.89,
                              "Actual Rows": 215955,
                              "Actual Loops": 7,
                              "Filter": "(keyword_id < 2193)",
                              "Rows Removed by Filter": 430321
                            },
                            {
                              "Node Type": "Hash",
                              "Parent Relationship": "Inner",
                              "Parallel Aware": true,
                              "Startup Cost": 45479.1,
                              "Total Cost": 45479.1,
                              "Plan Rows": 130986,
                              "Plan Width": 4,
                              "Actual Startup Time": 145.577,
                              "Actual Total Time": 145.578,
                              "Actual Rows": 87076,
                              "Actual Loops": 7,
                              "Hash Buckets": 1048576,
                              "Original Hash Buckets": 524288,
                              "Hash Batches": 1,
                              "Original Hash Batches": 1,
                              "Peak Memory Usage": 36224,
                              "Plans": [
                                {
                                  "Node Type": "Seq Scan",
                                  "Parent Relationship": "Outer",
                                  "Parallel Aware": true,
                                  "Relation Name": "title",
                                  "Alias": "t",
                                  "Startup Cost": 0.0,
                                  "Total Cost": 45479.1,
                                  "Plan Rows": 130986,
                                  "Plan Width": 4,
                                  "Actual Startup Time": 0.057,
                                  "Actual Total Time": 84.615,
                                  "Actual Rows": 87076,
                                  "Actual Loops": 7,
                                  "Filter": "((kind_id < 7) AND (production_year < 2005))",
                                  "Rows Removed by Filter": 274111
                                }
                              ]
                            }
                          ]
                        }
                      ]
                    }
                  ]
                }
              ]
            }
          ]
        }
      ]
    },
    "Planning Time": 1.37,
    "Triggers": [],
    "Execution Time": 997.806
  }
]