[
  {
    "Plan": {
      "Node Type": "Aggregate",
      "Strategy": "Plain",
      "Partial Mode": "Finalize",
      "Parallel Aware": false,
      "Startup Cost": 346678.73,
      "Total Cost": 346678.74,
      "Plan Rows": 1,
      "Plan Width": 8,
      "Actual Startup Time": 511.798,
      "Actual Total Time": 534.381,
      "Actual Rows": 1,
      "Actual Loops": 1,
      "Plans": [
        {
          "Node Type": "Gather",
          "Parent Relationship": "Outer",
          "Parallel Aware": false,
          "Startup Cost": 346678.11,
          "Total Cost": 346678.72,
          "Plan Rows": 6,
          "Plan Width": 8,
          "Actual Startup Time": 511.647,
          "Actual Total Time": 534.366,
          "Actual Rows": 7,
          "Actual Loops": 1,
          "Workers Planned": 6,
          "Workers Launched": 6,
          "Single Copy": false,
          "Plans": [
            {
              "Node Type": "Aggregate",
              "Strategy": "Plain",
              "Partial Mode": "Partial",
              "Parent Relationship": "Outer",
              "Parallel Aware": false,
              "Startup Cost": 345678.11,
              "Total Cost": 345678.12,
              "Plan Rows": 1,
              "Plan Width": 8,
              "Actual Startup Time": 505.198,
              "Actual Total Time": 505.2,
              "Actual Rows": 1,
              "Actual Loops": 7,
              "Plans": [
                {
                  "Node Type": "Index Scan",
                  "Parent Relationship": "Outer",
                  "Parallel Aware": true,
                  "Scan Direction": "Forward",
                  "Index Name": "role_id_cast_info",
                  "Relation Name": "cast_info",
                  "Alias": "ci",
                  "Startup Cost": 0.56,
                  "Total Cost": 341155.22,
                  "Plan Rows": 1809155,
                  "Plan Width": 0,
                  "Actual Startup Time": 136.133,
                  "Actual Total Time": 432.877,
                  "Actual Rows": 1248365,
                  "Actual Loops": 7,
                  "Index Cond": "(role_id = 1)",
                  "Rows Removed by Index Recheck": 0,
                  "Filter": "(person_id > 525063)",
                  "Rows Removed by Filter": 561734
                }
              ]
            }
          ]
        }
      ]
    },
    "Planning Time": 0.338,
    "Triggers": [],
    "Execution Time": 534.455
  }
]