[
  {
    "Plan": {
      "Node Type": "Aggregate",
      "Strategy": "Plain",
      "Partial Mode": "Finalize",
      "Parallel Aware": false,
      "Startup Cost": 340678.57,
      "Total Cost": 340678.58,
      "Plan Rows": 1,
      "Plan Width": 8,
      "Actual Startup Time": 467.328,
      "Actual Total Time": 489.192,
      "Actual Rows": 1,
      "Actual Loops": 1,
      "Plans": [
        {
          "Node Type": "Gather",
          "Parent Relationship": "Outer",
          "Parallel Aware": false,
          "Startup Cost": 340677.94,
          "Total Cost": 340678.55,
          "Plan Rows": 6,
          "Plan Width": 8,
          "Actual Startup Time": 467.198,
          "Actual Total Time": 489.183,
          "Actual Rows": 7,
          "Actual Loops": 1,
          "Workers Planned": 6,
          "Workers Launched": 6,
          "Single Copy": false,
          "Plans": [
            {
              "Node Type": "Aggregate",
              "Strategy": "Plain",
              "Partial Mode": "Partial",
              "Parent Relationship": "Outer",
              "Parallel Aware": false,
              "Startup Cost": 339677.94,
              "Total Cost": 339677.95,
              "Plan Rows": 1,
              "Plan Width": 8,
              "Actual Startup Time": 457.172,
              "Actual Total Time": 457.173,
              "Actual Rows": 1,
              "Actual Loops": 7,
              "Plans": [
                {
                  "Node Type": "Index Scan",
                  "Parent Relationship": "Outer",
                  "Parallel Aware": true,
                  "Scan Direction": "Forward",
                  "Index Name": "role_id_cast_info",
                  "Relation Name": "cast_info",
                  "Alias": "ci",
                  "Startup Cost": 0.56,
                  "Total Cost": 335235.55,
                  "Plan Rows": 1776957,
                  "Plan Width": 0,
                  "Actual Startup Time": 133.04,
                  "Actual Total Time": 399.31,
                  "Actual Rows": 1248365,
                  "Actual Loops": 7,
                  "Index Cond": "(role_id = 1)",
                  "Rows Removed by Index Recheck": 0,
                  "Filter": "(person_id > 525063)",
                  "Rows Removed by Filter": 561734
                }
              ]
            }
          ]
        }
      ]
    },
    "Planning Time": 0.231,
    "Triggers": [],
    "Execution Time": 489.258
  }
]