[
  {
    "Plan": {
      "Node Type": "Aggregate",
      "Strategy": "Plain",
      "Partial Mode": "Finalize",
      "Parallel Aware": false,
      "Startup Cost": 46816.35,
      "Total Cost": 46816.36,
      "Plan Rows": 1,
      "Plan Width": 8,
      "Actual Startup Time": 100.401,
      "Actual Total Time": 113.355,
      "Actual Rows": 1,
      "Actual Loops": 1,
      "Plans": [
        {
          "Node Type": "Gather",
          "Parent Relationship": "Outer",
          "Parallel Aware": false,
          "Startup Cost": 46815.93,
          "Total Cost": 46816.34,
          "Plan Rows": 4,
          "Plan Width": 8,
          "Actual Startup Time": 100.218,
          "Actual Total Time": 113.342,
          "Actual Rows": 5,
          "Actual Loops": 1,
          "Workers Planned": 4,
          "Workers Launched": 4,
          "Single Copy": false,
          "Plans": [
            {
              "Node Type": "Aggregate",
              "Strategy": "Plain",
              "Partial Mode": "Partial",
              "Parent Relationship": "Outer",
              "Parallel Aware": false,
              "Startup Cost": 45815.93,
              "Total Cost": 45815.94,
              "Plan Rows": 1,
              "Plan Width": 8,
              "Actual Startup Time": 94.523,
              "Actual Total Time": 94.524,
              "Actual Rows": 1,
              "Actual Loops": 5,
              "Plans": [
                {
                  "Node Type": "Seq Scan",
                  "Parent Relationship": "Outer",
                  "Parallel Aware": true,
                  "Relation Name": "title",
                  "Alias": "t",
                  "Startup Cost": 0.0,
                  "Total Cost": 45479.59,
                  "Plan Rows": 134536,
                  "Plan Width": 0,
                  "Actual Startup Time": 42.234,
                  "Actual Total Time": 90.188,
                  "Actual Rows": 83282,
                  "Actual Loops": 5,
                  "Filter": "((production_year > 1972) AND (kind_id = 1))",
                  "Rows Removed by Filter": 422380
                }
              ]
            }
          ]
        }
      ]
    },
    "Planning Time": 0.124,
    "Triggers": [],
    "Execution Time": 113.401
  }
]