{
  "Plan": {
    "Node Type": "Aggregate",
    "Strategy": "Plain",
    "Partial Mode": "Finalize",
    "Parallel Aware": false,
    "Startup Cost": 418021.13,
    "Total Cost": 418021.14,
    "Plan Rows": 1,
    "Plan Width": 8,
    "Actual Startup Time": 5457.685,
    "Actual Total Time": 5511.593,
    "Actual Rows": 1,
    "Actual Loops": 1,
    "Plans": [
      {
        "Node Type": "Gather",
        "Parent Relationship": "Outer",
        "Parallel Aware": false,
        "Startup Cost": 418021.02,
        "Total Cost": 418021.13,
        "Plan Rows": 1,
        "Plan Width": 8,
        "Actual Startup Time": 5453.7,
        "Actual Total Time": 5511.586,
        "Actual Rows": 2,
        "Actual Loops": 1,
        "Workers Planned": 1,
        "Workers Launched": 1,
        "Single Copy": false,
        "Plans": [
          {
            "Node Type": "Aggregate",
            "Strategy": "Plain",
            "Partial Mode": "Partial",
            "Parent Relationship": "Outer",
            "Parallel Aware": false,
            "Startup Cost": 417021.02,
            "Total Cost": 417021.03,
            "Plan Rows": 1,
            "Plan Width": 8,
            "Actual Startup Time": 5447.754,
            "Actual Total Time": 5447.759,
            "Actual Rows": 1,
            "Actual Loops": 2,
            "Plans": [
              {
                "Node Type": "Hash Join",
                "Parent Relationship": "Outer",
                "Parallel Aware": true,
                "Join Type": "Inner",
                "Startup Cost": 125099.25,
                "Total Cost": 413932.68,
                "Plan Rows": 1235336,
                "Plan Width": 0,
                "Actual Startup Time": 696.397,
                "Actual Total Time": 4356.569,
                "Actual Rows": 28236430,
                "Actual Loops": 2,
                "Inner Unique": false,
                "Hash Cond": "(mi.movie_id = t.id)",
                "Plans": [
                  {
                    "Node Type": "Seq Scan",
                    "Parent Relationship": "Outer",
                    "Parallel Aware": true,
                    "Relation Name": "movie_info",
                    "Alias": "mi",
                    "Startup Cost": 0.0,
                    "Total Cost": 248955.74,
                    "Plan Rows": 8696274,
                    "Plan Width": 4,
                    "Actual Startup Time": 0.017,
                    "Actual Total Time": 636.269,
                    "Actual Rows": 7417860,
                    "Actual Loops": 2
                  },
                  {
                    "Node Type": "Hash",
                    "Parent Relationship": "Inner",
                    "Parallel Aware": true,
                    "Startup Cost": 122458.42,
                    "Total Cost": 122458.42,
                    "Plan Rows": 211266,
                    "Plan Width": 8,
                    "Actual Startup Time": 689.823,
                    "Actual Total Time": 689.827,
                    "Actual Rows": 550011,
                    "Actual Loops": 2,
                    "Hash Buckets": 2097152,
                    "Original Hash Buckets": 524288,
                    "Hash Batches": 1,
                    "Original Hash Batches": 1,
                    "Peak Memory Usage": 71744,
                    "Plans": [
                      {
                        "Node Type": "Hash Join",
                        "Parent Relationship": "Outer",
                        "Parallel Aware": true,
                        "Join Type": "Inner",
                        "Startup Cost": 61719.76,
                        "Total Cost": 122458.42,
                        "Plan Rows": 211266,
                        "Plan Width": 8,
                        "Actual Startup Time": 232.738,
                        "Actual Total Time": 560.697,
                        "Actual Rows": 550011,
                        "Actual Loops": 2,
                        "Inner Unique": true,
                        "Hash Cond": "(mk.movie_id = t.id)",
                        "Plans": [
                          {
                            "Node Type": "Seq Scan",
                            "Parent Relationship": "Outer",
                            "Parallel Aware": true,
                            "Relation Name": "movie_keyword",
                            "Alias": "mk",
                            "Startup Cost": 0.0,
                            "Total Cost": 57718.19,
                            "Plan Rows": 1150658,
                            "Plan Width": 4,
                            "Actual Startup Time": 0.01,
                            "Actual Total Time": 182.277,
                            "Actual Rows": 982192,
                            "Actual Loops": 2,
                            "Filter": "(keyword_id < 3434)",
                            "Rows Removed by Filter": 1279773
                          },
                          {
                            "Node Type": "Hash",
                            "Parent Relationship": "Inner",
                            "Parallel Aware": true,
                            "Startup Cost": 58306.47,
                            "Total Cost": 58306.47,
                            "Plan Rows": 273063,
                            "Plan Width": 4,
                            "Actual Startup Time": 229.168,
                            "Actual Total Time": 229.169,
                            "Actual Rows": 278746,
                            "Actual Loops": 2,
                            "Hash Buckets": 1048576,
                            "Original Hash Buckets": 524288,
                            "Hash Batches": 1,
                            "Original Hash Batches": 1,
                            "Peak Memory Usage": 34144,
                            "Plans": [
                              {
                                "Node Type": "Seq Scan",
                                "Parent Relationship": "Outer",
                                "Parallel Aware": true,
                                "Relation Name": "title",
                                "Alias": "t",
                                "Startup Cost": 0.0,
                                "Total Cost": 58306.47,
                                "Plan Rows": 273063,
                                "Plan Width": 4,
                                "Actual Startup Time": 0.039,
                                "Actual Total Time": 154.93,
                                "Actual Rows": 278746,
                                "Actual Loops": 2,
                                "Filter": "((kind_id < 7) AND (production_year < 2003))",
                                "Rows Removed by Filter": 985410
                              }
                            ]
                          }
                        ]
                      }
                    ]
                  }
                ]
              }
            ]
          }
        ]
      }
    ]
  },
  "Planning Time": 0.929,
  "Triggers": [],
  "Execution Time": 5511.681
}