[
  {
    "Plan": {
      "Node Type": "Aggregate",
      "Strategy": "Plain",
      "Partial Mode": "Finalize",
      "Parallel Aware": false,
      "Startup Cost": 376297.09,
      "Total Cost": 376297.1,
      "Plan Rows": 1,
      "Plan Width": 8,
      "Actual Startup Time": 1282.133,
      "Actual Total Time": 1341.959,
      "Actual Rows": 1,
      "Actual Loops": 1,
      "Plans": [
        {
          "Node Type": "Gather",
          "Parent Relationship": "Outer",
          "Parallel Aware": false,
          "Startup Cost": 376296.46,
          "Total Cost": 376297.07,
          "Plan Rows": 6,
          "Plan Width": 8,
          "Actual Startup Time": 1281.645,
          "Actual Total Time": 1341.945,
          "Actual Rows": 7,
          "Actual Loops": 1,
          "Workers Planned": 6,
          "Workers Launched": 6,
          "Single Copy": false,
          "Plans": [
            {
              "Node Type": "Aggregate",
              "Strategy": "Plain",
              "Partial Mode": "Partial",
              "Parent Relationship": "Outer",
              "Parallel Aware": false,
              "Startup Cost": 375296.46,
              "Total Cost": 375296.47,
              "Plan Rows": 1,
              "Plan Width": 8,
              "Actual Startup Time": 1271.047,
              "Actual Total Time": 1271.057,
              "Actual Rows": 1,
              "Actual Loops": 7,
              "Plans": [
                {
                  "Node Type": "Hash Join",
                  "Parent Relationship": "Outer",
                  "Parallel Aware": true,
                  "Join Type": "Inner",
                  "Startup Cost": 45771.59,
                  "Total Cost": 374738.24,
                  "Plan Rows": 223288,
                  "Plan Width": 0,
                  "Actual Startup Time": 99.412,
                  "Actual Total Time": 1271.008,
                  "Actual Rows": 87,
                  "Actual Loops": 7,
                  "Inner Unique": true,
                  "Hash Cond": "(ci.movie_id = t.id)",
                  "Plans": [
                    {
                      "Node Type": "Seq Scan",
                      "Parent Relationship": "Outer",
                      "Parallel Aware": true,
                      "Relation Name": "cast_info",
                      "Alias": "ci",
                      "Startup Cost": 0.0,
                      "Total Cost": 313106.51,
                      "Plan Rows": 6041951,
                      "Plan Width": 4,
                      "Actual Startup Time": 0.041,
                      "Actual Total Time": 622.804,
                      "Actual Rows": 5177763,
                      "Actual Loops": 7
                    },
                    {
                      "Node Type": "Hash",
                      "Parent Relationship": "Inner",
                      "Parallel Aware": true,
                      "Startup Cost": 45479.59,
                      "Total Cost": 45479.59,
                      "Plan Rows": 23360,
                      "Plan Width": 4,
                      "Actual Startup Time": 81.693,
                      "Actual Total Time": 81.698,
                      "Actual Rows": 12,
                      "Actual Loops": 7,
                      "Hash Buckets": 131072,
                      "Original Hash Buckets": 131072,
                      "Hash Batches": 1,
                      "Original Hash Batches": 1,
                      "Peak Memory Usage": 1248,
                      "Plans": [
                        {
                          "Node Type": "Seq Scan",
                          "Parent Relationship": "Outer",
                          "Parallel Aware": true,
                          "Relation Name": "title",
                          "Alias": "t",
                          "Startup Cost": 0.0,
                          "Total Cost": 45479.59,
                          "Plan Rows": 23360,
                          "Plan Width": 4,
                          "Actual Startup Time": 32.819,
                          "Actual Total Time": 81.492,
                          "Actual Rows": 12,
                          "Actual Loops": 7,
                          "Filter": "((kind_id > 1) AND (production_year < 1938))",
                          "Rows Removed by Filter": 361176
                        }
                      ]
                    }
                  ]
                }
              ]
            }
          ]
        }
      ]
    },
    "Planning Time": 0.264,
    "Triggers": [],
    "Execution Time": 1342.02
  }
]