[
  {
    "Plan": {
      "Node Type": "Aggregate",
      "Strategy": "Plain",
      "Partial Mode": "Finalize",
      "Parallel Aware": false,
      "Startup Cost": 55078.37,
      "Total Cost": 55078.38,
      "Plan Rows": 1,
      "Plan Width": 8,
      "Actual Startup Time": 142.651,
      "Actual Total Time": 150.247,
      "Actual Rows": 1,
      "Actual Loops": 1,
      "Plans": [
        {
          "Node Type": "Gather",
          "Parent Relationship": "Outer",
          "Parallel Aware": false,
          "Startup Cost": 55078.15,
          "Total Cost": 55078.36,
          "Plan Rows": 2,
          "Plan Width": 8,
          "Actual Startup Time": 142.252,
          "Actual Total Time": 150.241,
          "Actual Rows": 3,
          "Actual Loops": 1,
          "Workers Planned": 2,
          "Workers Launched": 2,
          "Single Copy": false,
          "Plans": [
            {
              "Node Type": "Aggregate",
              "Strategy": "Plain",
              "Partial Mode": "Partial",
              "Parent Relationship": "Outer",
              "Parallel Aware": false,
              "Startup Cost": 54078.15,
              "Total Cost": 54078.16,
              "Plan Rows": 1,
              "Plan Width": 8,
              "Actual Startup Time": 138.198,
              "Actual Total Time": 138.201,
              "Actual Rows": 1,
              "Actual Loops": 3,
              "Plans": [
                {
                  "Node Type": "Hash Join",
                  "Parent Relationship": "Outer",
                  "Parallel Aware": true,
                  "Join Type": "Inner",
                  "Startup Cost": 38845.69,
                  "Total Cost": 54040.26,
                  "Plan Rows": 15159,
                  "Plan Width": 0,
                  "Actual Startup Time": 93.583,
                  "Actual Total Time": 137.456,
                  "Actual Rows": 17316,
                  "Actual Loops": 3,
                  "Inner Unique": true,
                  "Hash Cond": "(mi_idx.movie_id = t.id)",
                  "Plans": [
                    {
                      "Node Type": "Seq Scan",
                      "Parent Relationship": "Outer",
                      "Parallel Aware": true,
                      "Relation Name": "movie_info_idx",
                      "Alias": "mi_idx",
                      "Startup Cost": 0.0,
                      "Total Cost": 13685.15,
                      "Plan Rows": 575015,
                      "Plan Width": 4,
                      "Actual Startup Time": 0.018,
                      "Actual Total Time": 32.254,
                      "Actual Rows": 460012,
                      "Actual Loops": 3
                    },
                    {
                      "Node Type": "Hash",
                      "Parent Relationship": "Inner",
                      "Parallel Aware": true,
                      "Startup Cost": 38637.39,
                      "Total Cost": 38637.39,
                      "Plan Rows": 16664,
                      "Plan Width": 4,
                      "Actual Startup Time": 63.958,
                      "Actual Total Time": 63.96,
                      "Actual Rows": 29136,
                      "Actual Loops": 3,
                      "Hash Buckets": 131072,
                      "Original Hash Buckets": 131072,
                      "Hash Batches": 1,
                      "Original Hash Batches": 1,
                      "Peak Memory Usage": 4480,
                      "Plans": [
                        {
                          "Node Type": "Bitmap Heap Scan",
                          "Parent Relationship": "Outer",
                          "Parallel Aware": true,
                          "Relation Name": "title",
                          "Alias": "t",
                          "Startup Cost": 2183.96,
                          "Total Cost": 38637.39,
                          "Plan Rows": 16664,
                          "Plan Width": 4,
                          "Actual Startup Time": 21.451,
                          "Actual Total Time": 55.266,
                          "Actual Rows": 29136,
                          "Actual Loops": 3,
                          "Recheck Cond": "(kind_id = 4)",
                          "Rows Removed by Index Recheck": 0,
                          "Filter": "(production_year > 2000)",
                          "Rows Removed by Filter": 10275,
                          "Exact Heap Blocks": 8067,
                          "Lossy Heap Blocks": 0,
                          "Plans": [
                            {
                              "Node Type": "Bitmap Index Scan",
                              "Parent Relationship": "Outer",
                              "Parallel Aware": false,
                              "Index Name": "kind_id_title",
                              "Startup Cost": 0.0,
                              "Total Cost": 2167.3,
                              "Plan Rows": 121449,
                              "Plan Width": 0,
                              "Actual Startup Time": 17.12,
                              "Actual Total Time": 17.12,
                              "Actual Rows": 118234,
                              "Actual Loops": 1,
                              "Index Cond": "(kind_id = 4)"
                            }
                          ]
                        }
                      ]
                    }
                  ]
                }
              ]
            }
          ]
        }
      ]
    },
    "Planning Time": 0.628,
    "Triggers": [],
    "Execution Time": 150.335
  }
]