{
    "Plan": {
        "Node Type": "Aggregate",
        "Strategy": "Plain",
        "Partial Mode": "Finalize",
        "Parallel Aware": false,
        "Startup Cost": 70573.94,
        "Total Cost": 70573.95,
        "Plan Rows": 1,
        "Plan Width": 8,
        "Actual Startup Time": 186.924,
        "Actual Total Time": 210.444,
        "Actual Rows": 1,
        "Actual Loops": 1,
        "Output": [
            "count(*)"
        ],
        "Plans": [
            {
                "Node Type": "Gather",
                "Parent Relationship": "Outer",
                "Parallel Aware": false,
                "Startup Cost": 70573.52,
                "Total Cost": 70573.93,
                "Plan Rows": 4,
                "Plan Width": 8,
                "Actual Startup Time": 186.66,
                "Actual Total Time": 210.433,
                "Actual Rows": 5,
                "Actual Loops": 1,
                "Output": [
                    "(PARTIAL count(*))"
                ],
                "Workers Planned": 4,
                "Workers Launched": 4,
                "Single Copy": false,
                "Plans": [
                    {
                        "Node Type": "Aggregate",
                        "Strategy": "Plain",
                        "Partial Mode": "Partial",
                        "Parent Relationship": "Outer",
                        "Parallel Aware": false,
                        "Startup Cost": 69573.52,
                        "Total Cost": 69573.53,
                        "Plan Rows": 1,
                        "Plan Width": 8,
                        "Actual Startup Time": 176.368,
                        "Actual Total Time": 176.37,
                        "Actual Rows": 1,
                        "Actual Loops": 5,
                        "Output": [
                            "PARTIAL count(*)"
                        ],
                        "Workers": [
                            {
                                "Worker Number": 0,
                                "Actual Startup Time": 173.64,
                                "Actual Total Time": 173.642,
                                "Actual Rows": 1,
                                "Actual Loops": 1
                            },
                            {
                                "Worker Number": 1,
                                "Actual Startup Time": 173.656,
                                "Actual Total Time": 173.657,
                                "Actual Rows": 1,
                                "Actual Loops": 1
                            },
                            {
                                "Worker Number": 2,
                                "Actual Startup Time": 174.461,
                                "Actual Total Time": 174.462,
                                "Actual Rows": 1,
                                "Actual Loops": 1
                            },
                            {
                                "Worker Number": 3,
                                "Actual Startup Time": 174.285,
                                "Actual Total Time": 174.288,
                                "Actual Rows": 1,
                                "Actual Loops": 1
                            }
                        ],
                        "Plans": [
                            {
                                "Node Type": "Nested Loop",
                                "Parent Relationship": "Outer",
                                "Parallel Aware": false,
                                "Join Type": "Inner",
                                "Startup Cost": 0.86,
                                "Total Cost": 69554.91,
                                "Plan Rows": 7442,
                                "Plan Width": 0,
                                "Actual Startup Time": 2.067,
                                "Actual Total Time": 172.339,
                                "Actual Rows": 81591,
                                "Actual Loops": 5,
                                "Inner Unique": false,
                                "Join Filter": "(t.id = mi.movie_id)",
                                "Rows Removed by Join Filter": 0,
                                "Workers": [
                                    {
                                        "Worker Number": 0,
                                        "Actual Startup Time": 1.736,
                                        "Actual Total Time": 169.383,
                                        "Actual Rows": 59547,
                                        "Actual Loops": 1
                                    },
                                    {
                                        "Worker Number": 1,
                                        "Actual Startup Time": 1.65,
                                        "Actual Total Time": 170.33,
                                        "Actual Rows": 70906,
                                        "Actual Loops": 1
                                    },
                                    {
                                        "Worker Number": 2,
                                        "Actual Startup Time": 1.595,
                                        "Actual Total Time": 170.181,
                                        "Actual Rows": 93482,
                                        "Actual Loops": 1
                                    },
                                    {
                                        "Worker Number": 3,
                                        "Actual Startup Time": 3.42,
                                        "Actual Total Time": 171.032,
                                        "Actual Rows": 66867,
                                        "Actual Loops": 1
                                    }
                                ],
                                "Plans": [
                                    {
                                        "Node Type": "Nested Loop",
                                        "Parent Relationship": "Outer",
                                        "Parallel Aware": false,
                                        "Join Type": "Inner",
                                        "Startup Cost": 0.43,
                                        "Total Cost": 66315.37,
                                        "Plan Rows": 1686,
                                        "Plan Width": 8,
                                        "Actual Startup Time": 1.82,
                                        "Actual Total Time": 101.322,
                                        "Actual Rows": 2692,
                                        "Actual Loops": 5,
                                        "Output": [
                                            "t.id",
                                            "mc.movie_id"
                                        ],
                                        "Inner Unique": false,
                                        "Workers": [
                                            {
                                                "Worker Number": 0,
                                                "Actual Startup Time": 1.419,
                                                "Actual Total Time": 96.315,
                                                "Actual Rows": 1741,
                                                "Actual Loops": 1
                                            },
                                            {
                                                "Worker Number": 1,
                                                "Actual Startup Time": 1.279,
                                                "Actual Total Time": 96.949,
                                                "Actual Rows": 2596,
                                                "Actual Loops": 1
                                            },
                                            {
                                                "Worker Number": 2,
                                                "Actual Startup Time": 1.328,
                                                "Actual Total Time": 96.483,
                                                "Actual Rows": 2313,
                                                "Actual Loops": 1
                                            },
                                            {
                                                "Worker Number": 3,
                                                "Actual Startup Time": 3.174,
                                                "Actual Total Time": 99.063,
                                                "Actual Rows": 2549,
                                                "Actual Loops": 1
                                            }
                                        ],
                                        "Plans": [
                                            {
                                                "Node Type": "Seq Scan",
                                                "Parent Relationship": "Outer",
                                                "Parallel Aware": true,
                                                "Relation Name": "title",
                                                "Schema": "public",
                                                "Alias": "t",
                                                "Startup Cost": 0.0,
                                                "Total Cost": 45479.21,
                                                "Plan Rows": 1634,
                                                "Plan Width": 4,
                                                "Actual Startup Time": 1.228,
                                                "Actual Total Time": 82.115,
                                                "Actual Rows": 1417,
                                                "Actual Loops": 5,
                                                "Output": [
                                                    "t.id",
                                                    "t.title",
                                                    "t.imdb_index",
                                                    "t.kind_id",
                                                    "t.production_year",
                                                    "t.imdb_id",
                                                    "t.phonetic_code",
                                                    "t.episode_of_id",
                                                    "t.season_nr",
                                                    "t.episode_nr",
                                                    "t.series_years",
                                                    "t.md5sum"
                                                ],
                                                "Filter": "((t.kind_id < 7) AND (t.production_year = 1983))",
                                                "Rows Removed by Filter": 504245,
                                                "Workers": [
                                                    {
                                                        "Worker Number": 0,
                                                        "Actual Startup Time": 1.114,
                                                        "Actual Total Time": 77.186,
                                                        "Actual Rows": 902,
                                                        "Actual Loops": 1
                                                    },
                                                    {
                                                        "Worker Number": 1,
                                                        "Actual Startup Time": 1.0,
                                                        "Actual Total Time": 75.748,
                                                        "Actual Rows": 1412,
                                                        "Actual Loops": 1
                                                    },
                                                    {
                                                        "Worker Number": 2,
                                                        "Actual Startup Time": 1.035,
                                                        "Actual Total Time": 77.333,
                                                        "Actual Rows": 1216,
                                                        "Actual Loops": 1
                                                    },
                                                    {
                                                        "Worker Number": 3,
                                                        "Actual Startup Time": 2.891,
                                                        "Actual Total Time": 78.609,
                                                        "Actual Rows": 1321,
                                                        "Actual Loops": 1
                                                    }
                                                ]
                                            },
                                            {
                                                "Node Type": "Index Only Scan",
                                                "Parent Relationship": "Inner",
                                                "Parallel Aware": false,
                                                "Scan Direction": "Forward",
                                                "Index Name": "movie_id_movie_companies",
                                                "Relation Name": "movie_companies",
                                                "Schema": "public",
                                                "Alias": "mc",
                                                "Startup Cost": 0.43,
                                                "Total Cost": 12.7,
                                                "Plan Rows": 5,
                                                "Plan Width": 4,
                                                "Actual Startup Time": 0.011,
                                                "Actual Total Time": 0.013,
                                                "Actual Rows": 2,
                                                "Actual Loops": 7085,
                                                "Output": [
                                                    "mc.movie_id"
                                                ],
                                                "Index Cond": "(mc.movie_id = t.id)",
                                                "Rows Removed by Index Recheck": 0,
                                                "Heap Fetches": 13460,
                                                "Workers": [
                                                    {
                                                        "Worker Number": 0,
                                                        "Actual Startup Time": 0.017,
                                                        "Actual Total Time": 0.02,
                                                        "Actual Rows": 2,
                                                        "Actual Loops": 902
                                                    },
                                                    {
                                                        "Worker Number": 1,
                                                        "Actual Startup Time": 0.012,
                                                        "Actual Total Time": 0.014,
                                                        "Actual Rows": 2,
                                                        "Actual Loops": 1412
                                                    },
                                                    {
                                                        "Worker Number": 2,
                                                        "Actual Startup Time": 0.013,
                                                        "Actual Total Time": 0.015,
                                                        "Actual Rows": 2,
                                                        "Actual Loops": 1216
                                                    },
                                                    {
                                                        "Worker Number": 3,
                                                        "Actual Startup Time": 0.013,
                                                        "Actual Total Time": 0.015,
                                                        "Actual Rows": 2,
                                                        "Actual Loops": 1321
                                                    }
                                                ]
                                            }
                                        ]
                                    },
                                    {
                                        "Node Type": "Index Scan",
                                        "Parent Relationship": "Inner",
                                        "Parallel Aware": false,
                                        "Scan Direction": "Forward",
                                        "Index Name": "movie_id_movie_info",
                                        "Relation Name": "movie_info",
                                        "Schema": "public",
                                        "Alias": "mi",
                                        "Startup Cost": 0.43,
                                        "Total Cost": 1.55,
                                        "Plan Rows": 30,
                                        "Plan Width": 4,
                                        "Actual Startup Time": 0.007,
                                        "Actual Total Time": 0.023,
                                        "Actual Rows": 30,
                                        "Actual Loops": 13460,
                                        "Output": [
                                            "mi.id",
                                            "mi.movie_id",
                                            "mi.info_type_id",
                                            "mi.info",
                                            "mi.note"
                                        ],
                                        "Index Cond": "(mi.movie_id = mc.movie_id)",
                                        "Rows Removed by Index Recheck": 0,
                                        "Filter": "(mi.info_type_id > 3)",
                                        "Rows Removed by Filter": 4,
                                        "Workers": [
                                            {
                                                "Worker Number": 0,
                                                "Actual Startup Time": 0.011,
                                                "Actual Total Time": 0.037,
                                                "Actual Rows": 34,
                                                "Actual Loops": 1741
                                            },
                                            {
                                                "Worker Number": 1,
                                                "Actual Startup Time": 0.008,
                                                "Actual Total Time": 0.026,
                                                "Actual Rows": 27,
                                                "Actual Loops": 2596
                                            },
                                            {
                                                "Worker Number": 2,
                                                "Actual Startup Time": 0.008,
                                                "Actual Total Time": 0.028,
                                                "Actual Rows": 40,
                                                "Actual Loops": 2313
                                            },
                                            {
                                                "Worker Number": 3,
                                                "Actual Startup Time": 0.008,
                                                "Actual Total Time": 0.026,
                                                "Actual Rows": 26,
                                                "Actual Loops": 2549
                                            }
                                        ]
                                    }
                                ]
                            }
                        ]
                    }
                ]
            }
        ]
    },
    "Planning Time": 1.742,
    "Triggers": [],
    "Execution Time": 210.55
}