[
    {
        "Bao": {
            "Bao prediction": "NaN",
            "Bao recommended hint": "(no hint)"
        }
    },
    {
        "Plan": {
            "Node Type": "Aggregate",
            "Strategy": "Plain",
            "Partial Mode": "Simple",
            "Parallel Aware": false,
            "Startup Cost": 19511.95,
            "Total Cost": 19511.96,
            "Plan Rows": 1,
            "Plan Width": 8,
            "Actual Startup Time": 11.143,
            "Actual Total Time": 11.146,
            "Actual Rows": 1,
            "Actual Loops": 1,
            "Output": [
                "count(*)"
            ],
            "Plans": [
                {
                    "Node Type": "Bitmap Heap Scan",
                    "Parent Relationship": "Outer",
                    "Parallel Aware": false,
                    "Relation Name": "movie_companies",
                    "Schema": "public",
                    "Alias": "mc",
                    "Startup Cost": 353.8,
                    "Total Cost": 19471.51,
                    "Plan Rows": 16177,
                    "Plan Width": 0,
                    "Actual Startup Time": 2.689,
                    "Actual Total Time": 8.537,
                    "Actual Rows": 16220,
                    "Actual Loops": 1,
                    "Recheck Cond": "(mc.company_id = 166)",
                    "Rows Removed by Index Recheck": 0,
                    "Exact Heap Blocks": 534,
                    "Lossy Heap Blocks": 0,
                    "Plans": [
                        {
                            "Node Type": "Bitmap Index Scan",
                            "Parent Relationship": "Outer",
                            "Parallel Aware": false,
                            "Index Name": "company_id_movie_companies",
                            "Startup Cost": 0.0,
                            "Total Cost": 349.76,
                            "Plan Rows": 16177,
                            "Plan Width": 0,
                            "Actual Startup Time": 2.481,
                            "Actual Total Time": 2.482,
                            "Actual Rows": 16220,
                            "Actual Loops": 1,
                            "Index Cond": "(mc.company_id = 166)"
                        }
                    ]
                }
            ]
        },
        "Planning Time": 196.297,
        "Triggers": [],
        "Execution Time": 11.239
    }
]