{
  "Plan": {
    "Node Type": "Aggregate",
    "Strategy": "Plain",
    "Partial Mode": "Finalize",
    "Parallel Aware": false,
    "Startup Cost": 83021.05,
    "Total Cost": 83021.06,
    "Plan Rows": 1,
    "Plan Width": 8,
    "Actual Startup Time": 309.244,
    "Actual Total Time": 328.134,
    "Actual Rows": 1,
    "Actual Loops": 1,
    "Plans": [
      {
        "Node Type": "Gather",
        "Parent Relationship": "Outer",
        "Parallel Aware": false,
        "Startup Cost": 83020.94,
        "Total Cost": 83021.05,
        "Plan Rows": 1,
        "Plan Width": 8,
        "Actual Startup Time": 308.839,
        "Actual Total Time": 328.125,
        "Actual Rows": 2,
        "Actual Loops": 1,
        "Workers Planned": 1,
        "Workers Launched": 1,
        "Single Copy": false,
        "Plans": [
          {
            "Node Type": "Aggregate",
            "Strategy": "Plain",
            "Partial Mode": "Partial",
            "Parent Relationship": "Outer",
            "Parallel Aware": false,
            "Startup Cost": 82020.94,
            "Total Cost": 82020.95,
            "Plan Rows": 1,
            "Plan Width": 8,
            "Actual Startup Time": 303.029,
            "Actual Total Time": 303.033,
            "Actual Rows": 1,
            "Actual Loops": 2,
            "Plans": [
              {
                "Node Type": "Nested Loop",
                "Parent Relationship": "Outer",
                "Parallel Aware": false,
                "Join Type": "Inner",
                "Startup Cost": 54697.88,
                "Total Cost": 81999.63,
                "Plan Rows": 8521,
                "Plan Width": 0,
                "Actual Startup Time": 150.369,
                "Actual Total Time": 300.629,
                "Actual Rows": 45469,
                "Actual Loops": 2,
                "Inner Unique": false,
                "Join Filter": "(t.id = mk.movie_id)",
                "Rows Removed by Join Filter": 0,
                "Plans": [
                  {
                    "Node Type": "Hash Join",
                    "Parent Relationship": "Outer",
                    "Parallel Aware": true,
                    "Join Type": "Inner",
                    "Startup Cost": 54697.45,
                    "Total Cost": 72881.24,
                    "Plan Rows": 4762,
                    "Plan Width": 8,
                    "Actual Startup Time": 150.293,
                    "Actual Total Time": 266.854,
                    "Actual Rows": 5028,
                    "Actual Loops": 2,
                    "Inner Unique": true,
                    "Hash Cond": "(mi_idx.movie_id = t.id)",
                    "Plans": [
                      {
                        "Node Type": "Seq Scan",
                        "Parent Relationship": "Outer",
                        "Parallel Aware": true,
                        "Relation Name": "movie_info_idx",
                        "Alias": "mi_idx",
                        "Startup Cost": 0.0,
                        "Total Cost": 16052.85,
                        "Plan Rows": 811785,
                        "Plan Width": 4,
                        "Actual Startup Time": 0.021,
                        "Actual Total Time": 55.985,
                        "Actual Rows": 690018,
                        "Actual Loops": 2
                      },
                      {
                        "Node Type": "Hash",
                        "Parent Relationship": "Inner",
                        "Parallel Aware": true,
                        "Startup Cost": 54588.39,
                        "Total Cost": 54588.39,
                        "Plan Rows": 8725,
                        "Plan Width": 4,
                        "Actual Startup Time": 148.178,
                        "Actual Total Time": 148.179,
                        "Actual Rows": 6868,
                        "Actual Loops": 2,
                        "Hash Buckets": 16384,
                        "Original Hash Buckets": 16384,
                        "Hash Batches": 1,
                        "Original Hash Batches": 1,
                        "Peak Memory Usage": 704,
                        "Plans": [
                          {
                            "Node Type": "Seq Scan",
                            "Parent Relationship": "Outer",
                            "Parallel Aware": true,
                            "Relation Name": "title",
                            "Alias": "t",
                            "Startup Cost": 0.0,
                            "Total Cost": 54588.39,
                            "Plan Rows": 8725,
                            "Plan Width": 4,
                            "Actual Startup Time": 0.241,
                            "Actual Total Time": 145.352,
                            "Actual Rows": 6868,
                            "Actual Loops": 2,
                            "Filter": "(production_year = 1974)",
                            "Rows Removed by Filter": 1257288
                          }
                        ]
                      }
                    ]
                  },
                  {
                    "Node Type": "Index Only Scan",
                    "Parent Relationship": "Inner",
                    "Parallel Aware": false,
                    "Scan Direction": "Forward",
                    "Index Name": "movie_id_movie_keyword",
                    "Relation Name": "movie_keyword",
                    "Alias": "mk",
                    "Startup Cost": 0.43,
                    "Total Cost": 1.35,
                    "Plan Rows": 45,
                    "Plan Width": 4,
                    "Actual Startup Time": 0.004,
                    "Actual Total Time": 0.006,
                    "Actual Rows": 9,
                    "Actual Loops": 10055,
                    "Index Cond": "(movie_id = mi_idx.movie_id)",
                    "Rows Removed by Index Recheck": 0,
                    "Heap Fetches": 90938
                  }
                ]
              }
            ]
          }
        ]
      }
    ]
  },
  "Planning Time": 0.793,
  "Triggers": [],
  "Execution Time": 328.217
}