[
  {
    "Plan": {
      "Node Type": "Aggregate",
      "Strategy": "Plain",
      "Partial Mode": "Finalize",
      "Parallel Aware": false,
      "Startup Cost": 44313.68,
      "Total Cost": 44313.69,
      "Plan Rows": 1,
      "Plan Width": 8,
      "Actual Startup Time": 129.965,
      "Actual Total Time": 141.012,
      "Actual Rows": 1,
      "Actual Loops": 1,
      "Plans": [
        {
          "Node Type": "Gather",
          "Parent Relationship": "Outer",
          "Parallel Aware": false,
          "Startup Cost": 44313.37,
          "Total Cost": 44313.68,
          "Plan Rows": 3,
          "Plan Width": 8,
          "Actual Startup Time": 129.812,
          "Actual Total Time": 141.001,
          "Actual Rows": 4,
          "Actual Loops": 1,
          "Workers Planned": 3,
          "Workers Launched": 3,
          "Single Copy": false,
          "Plans": [
            {
              "Node Type": "Aggregate",
              "Strategy": "Plain",
              "Partial Mode": "Partial",
              "Parent Relationship": "Outer",
              "Parallel Aware": false,
              "Startup Cost": 43313.37,
              "Total Cost": 43313.38,
              "Plan Rows": 1,
              "Plan Width": 8,
              "Actual Startup Time": 123.142,
              "Actual Total Time": 123.144,
              "Actual Rows": 1,
              "Actual Loops": 4,
              "Plans": [
                {
                  "Node Type": "Seq Scan",
                  "Parent Relationship": "Outer",
                  "Parallel Aware": true,
                  "Relation Name": "movie_keyword",
                  "Alias": "mk",
                  "Startup Cost": 0.0,
                  "Total Cost": 42695.65,
                  "Plan Rows": 247085,
                  "Plan Width": 0,
                  "Actual Startup Time": 2.245,
                  "Actual Total Time": 112.755,
                  "Actual Rows": 190346,
                  "Actual Loops": 4,
                  "Filter": "(keyword_id > 24624)",
                  "Rows Removed by Filter": 940637
                }
              ]
            }
          ]
        }
      ]
    },
    "Planning Time": 0.189,
    "Triggers": [],
    "Execution Time": 141.066
  }
]