[
  {
    "Plan": {
      "Node Type": "Aggregate",
      "Strategy": "Plain",
      "Partial Mode": "Finalize",
      "Parallel Aware": false,
      "Startup Cost": 404230.51,
      "Total Cost": 404230.52,
      "Plan Rows": 1,
      "Plan Width": 8,
      "Actual Startup Time": 1817.079,
      "Actual Total Time": 1867.051,
      "Actual Rows": 1,
      "Actual Loops": 1,
      "Plans": [
        {
          "Node Type": "Gather",
          "Parent Relationship": "Outer",
          "Parallel Aware": false,
          "Startup Cost": 404229.89,
          "Total Cost": 404230.5,
          "Plan Rows": 6,
          "Plan Width": 8,
          "Actual Startup Time": 1807.588,
          "Actual Total Time": 1867.023,
          "Actual Rows": 7,
          "Actual Loops": 1,
          "Workers Planned": 6,
          "Workers Launched": 6,
          "Single Copy": false,
          "Plans": [
            {
              "Node Type": "Aggregate",
              "Strategy": "Plain",
              "Partial Mode": "Partial",
              "Parent Relationship": "Outer",
              "Parallel Aware": false,
              "Startup Cost": 403229.89,
              "Total Cost": 403229.9,
              "Plan Rows": 1,
              "Plan Width": 8,
              "Actual Startup Time": 1796.65,
              "Actual Total Time": 1796.653,
              "Actual Rows": 1,
              "Actual Loops": 7,
              "Plans": [
                {
                  "Node Type": "Hash Join",
                  "Parent Relationship": "Outer",
                  "Parallel Aware": true,
                  "Join Type": "Inner",
                  "Startup Cost": 48967.08,
                  "Total Cost": 399078.9,
                  "Plan Rows": 1660394,
                  "Plan Width": 0,
                  "Actual Startup Time": 548.647,
                  "Actual Total Time": 1718.072,
                  "Actual Rows": 1636854,
                  "Actual Loops": 7,
                  "Inner Unique": true,
                  "Hash Cond": "(ci.movie_id = t.id)",
                  "Plans": [
                    {
                      "Node Type": "Seq Scan",
                      "Parent Relationship": "Outer",
                      "Parallel Aware": true,
                      "Relation Name": "cast_info",
                      "Alias": "ci",
                      "Startup Cost": 0.0,
                      "Total Cost": 343316.27,
                      "Plan Rows": 2588776,
                      "Plan Width": 4,
                      "Actual Startup Time": 349.527,
                      "Actual Total Time": 701.207,
                      "Actual Rows": 2256623,
                      "Actual Loops": 7,
                      "Filter": "((person_id > 118702) AND (role_id > 2))",
                      "Rows Removed by Filter": 2921141
                    },
                    {
                      "Node Type": "Hash",
                      "Parent Relationship": "Inner",
                      "Parallel Aware": true,
                      "Startup Cost": 43899.32,
                      "Total Cost": 43899.32,
                      "Plan Rows": 405421,
                      "Plan Width": 4,
                      "Actual Startup Time": 195.212,
                      "Actual Total Time": 195.213,
                      "Actual Rows": 229582,
                      "Actual Loops": 7,
                      "Hash Buckets": 2097152,
                      "Original Hash Buckets": 2097152,
                      "Hash Batches": 1,
                      "Original Hash Batches": 1,
                      "Peak Memory Usage": 79392,
                      "Plans": [
                        {
                          "Node Type": "Seq Scan",
                          "Parent Relationship": "Outer",
                          "Parallel Aware": true,
                          "Relation Name": "title",
                          "Alias": "t",
                          "Startup Cost": 0.0,
                          "Total Cost": 43899.32,
                          "Plan Rows": 405421,
                          "Plan Width": 4,
                          "Actual Startup Time": 0.046,
                          "Actual Total Time": 83.099,
                          "Actual Rows": 229582,
                          "Actual Loops": 7,
                          "Filter": "(production_year > 1995)",
                          "Rows Removed by Filter": 131605
                        }
                      ]
                    }
                  ]
                }
              ]
            }
          ]
        }
      ]
    },
    "Planning Time": 0.53,
    "Triggers": [],
    "Execution Time": 1867.103
  }
]