{
  "Plan": {
    "Node Type": "Aggregate",
    "Strategy": "Plain",
    "Partial Mode": "Finalize",
    "Parallel Aware": false,
    "Startup Cost": 106020.71,
    "Total Cost": 106020.72,
    "Plan Rows": 1,
    "Plan Width": 8,
    "Actual Startup Time": 584.254,
    "Actual Total Time": 597.228,
    "Actual Rows": 1,
    "Actual Loops": 1,
    "Plans": [
      {
        "Node Type": "Gather",
        "Parent Relationship": "Outer",
        "Parallel Aware": false,
        "Startup Cost": 106020.6,
        "Total Cost": 106020.71,
        "Plan Rows": 1,
        "Plan Width": 8,
        "Actual Startup Time": 582.357,
        "Actual Total Time": 597.22,
        "Actual Rows": 2,
        "Actual Loops": 1,
        "Workers Planned": 1,
        "Workers Launched": 1,
        "Single Copy": false,
        "Plans": [
          {
            "Node Type": "Aggregate",
            "Strategy": "Plain",
            "Partial Mode": "Partial",
            "Parent Relationship": "Outer",
            "Parallel Aware": false,
            "Startup Cost": 105020.6,
            "Total Cost": 105020.61,
            "Plan Rows": 1,
            "Plan Width": 8,
            "Actual Startup Time": 576.998,
            "Actual Total Time": 577.002,
            "Actual Rows": 1,
            "Actual Loops": 2,
            "Plans": [
              {
                "Node Type": "Hash Join",
                "Parent Relationship": "Outer",
                "Parallel Aware": true,
                "Join Type": "Inner",
                "Startup Cost": 64365.34,
                "Total Cost": 104385.67,
                "Plan Rows": 253972,
                "Plan Width": 0,
                "Actual Startup Time": 335.666,
                "Actual Total Time": 563.188,
                "Actual Rows": 345670,
                "Actual Loops": 2,
                "Inner Unique": true,
                "Hash Cond": "(mc.movie_id = t.id)",
                "Plans": [
                  {
                    "Node Type": "Seq Scan",
                    "Parent Relationship": "Outer",
                    "Parallel Aware": true,
                    "Relation Name": "movie_companies",
                    "Alias": "mc",
                    "Startup Cost": 0.0,
                    "Total Cost": 37974.77,
                    "Plan Rows": 779260,
                    "Plan Width": 4,
                    "Actual Startup Time": 48.041,
                    "Actual Total Time": 113.957,
                    "Actual Rows": 667442,
                    "Actual Loops": 2,
                    "Filter": "(company_type_id = 2)",
                    "Rows Removed by Filter": 637123
                  },
                  {
                    "Node Type": "Hash",
                    "Parent Relationship": "Inner",
                    "Parallel Aware": true,
                    "Startup Cost": 58306.47,
                    "Total Cost": 58306.47,
                    "Plan Rows": 484710,
                    "Plan Width": 4,
                    "Actual Startup Time": 278.211,
                    "Actual Total Time": 278.212,
                    "Actual Rows": 366068,
                    "Actual Loops": 2,
                    "Hash Buckets": 1048576,
                    "Original Hash Buckets": 1048576,
                    "Hash Batches": 1,
                    "Original Hash Batches": 1,
                    "Peak Memory Usage": 36864,
                    "Plans": [
                      {
                        "Node Type": "Seq Scan",
                        "Parent Relationship": "Outer",
                        "Parallel Aware": true,
                        "Relation Name": "title",
                        "Alias": "t",
                        "Startup Cost": 0.0,
                        "Total Cost": 58306.47,
                        "Plan Rows": 484710,
                        "Plan Width": 4,
                        "Actual Startup Time": 0.037,
                        "Actual Total Time": 164.581,
                        "Actual Rows": 366068,
                        "Actual Loops": 2,
                        "Filter": "((kind_id < 7) AND (production_year > 1969))",
                        "Rows Removed by Filter": 898088
                      }
                    ]
                  }
                ]
              }
            ]
          }
        ]
      }
    ]
  },
  "Planning Time": 0.772,
  "Triggers": [],
  "Execution Time": 597.299
}