[
  {
    "Plan": {
      "Node Type": "Aggregate",
      "Strategy": "Plain",
      "Partial Mode": "Finalize",
      "Parallel Aware": false,
      "Startup Cost": 183237.93,
      "Total Cost": 183237.94,
      "Plan Rows": 1,
      "Plan Width": 8,
      "Actual Startup Time": 1270.886,
      "Actual Total Time": 1316.523,
      "Actual Rows": 1,
      "Actual Loops": 1,
      "Plans": [
        {
          "Node Type": "Gather",
          "Parent Relationship": "Outer",
          "Parallel Aware": false,
          "Startup Cost": 183237.61,
          "Total Cost": 183237.92,
          "Plan Rows": 3,
          "Plan Width": 8,
          "Actual Startup Time": 1269.886,
          "Actual Total Time": 1316.512,
          "Actual Rows": 4,
          "Actual Loops": 1,
          "Workers Planned": 3,
          "Workers Launched": 3,
          "Single Copy": false,
          "Plans": [
            {
              "Node Type": "Aggregate",
              "Strategy": "Plain",
              "Partial Mode": "Partial",
              "Parent Relationship": "Outer",
              "Parallel Aware": false,
              "Startup Cost": 182237.61,
              "Total Cost": 182237.62,
              "Plan Rows": 1,
              "Plan Width": 8,
              "Actual Startup Time": 1260.985,
              "Actual Total Time": 1260.988,
              "Actual Rows": 1,
              "Actual Loops": 4,
              "Plans": [
                {
                  "Node Type": "Nested Loop",
                  "Parent Relationship": "Outer",
                  "Parallel Aware": false,
                  "Join Type": "Inner",
                  "Startup Cost": 46226.45,
                  "Total Cost": 181561.73,
                  "Plan Rows": 270354,
                  "Plan Width": 0,
                  "Actual Startup Time": 121.915,
                  "Actual Total Time": 1174.324,
                  "Actual Rows": 2138821,
                  "Actual Loops": 4,
                  "Inner Unique": false,
                  "Join Filter": "(t.id = mi.movie_id)",
                  "Rows Removed by Join Filter": 0,
                  "Plans": [
                    {
                      "Node Type": "Hash Join",
                      "Parent Relationship": "Outer",
                      "Parallel Aware": true,
                      "Join Type": "Inner",
                      "Startup Cost": 46226.01,
                      "Total Cost": 76820.54,
                      "Plan Rows": 46236,
                      "Plan Width": 8,
                      "Actual Startup Time": 121.826,
                      "Actual Total Time": 260.615,
                      "Actual Rows": 62714,
                      "Actual Loops": 4,
                      "Inner Unique": true,
                      "Hash Cond": "(mc.movie_id = t.id)",
                      "Plans": [
                        {
                          "Node Type": "Seq Scan",
                          "Parent Relationship": "Outer",
                          "Parallel Aware": true,
                          "Relation Name": "movie_companies",
                          "Alias": "mc",
                          "Startup Cost": 0.0,
                          "Total Cost": 29310.68,
                          "Plan Rows": 489085,
                          "Plan Width": 4,
                          "Actual Startup Time": 3.938,
                          "Actual Total Time": 65.1,
                          "Actual Rows": 379519,
                          "Actual Loops": 4,
                          "Filter": "(company_id > 7276)",
                          "Rows Removed by Filter": 272763
                        },
                        {
                          "Node Type": "Hash",
                          "Parent Relationship": "Inner",
                          "Parallel Aware": true,
                          "Startup Cost": 45479.1,
                          "Total Cost": 45479.1,
                          "Plan Rows": 59753,
                          "Plan Width": 4,
                          "Actual Startup Time": 109.794,
                          "Actual Total Time": 109.795,
                          "Actual Rows": 50041,
                          "Actual Loops": 4,
                          "Hash Buckets": 262144,
                          "Original Hash Buckets": 262144,
                          "Hash Batches": 1,
                          "Original Hash Batches": 1,
                          "Peak Memory Usage": 9920,
                          "Plans": [
                            {
                              "Node Type": "Seq Scan",
                              "Parent Relationship": "Outer",
                              "Parallel Aware": true,
                              "Relation Name": "title",
                              "Alias": "t",
                              "Startup Cost": 0.0,
                              "Total Cost": 45479.1,
                              "Plan Rows": 59753,
                              "Plan Width": 4,
                              "Actual Startup Time": 46.005,
                              "Actual Total Time": 95.089,
                              "Actual Rows": 50041,
                              "Actual Loops": 4,
                              "Filter": "((production_year > 2006) AND (kind_id = 1))",
                              "Rows Removed by Filter": 582037
                            }
                          ]
                        }
                      ]
                    },
                    {
                      "Node Type": "Index Only Scan",
                      "Parent Relationship": "Inner",
                      "Parallel Aware": false,
                      "Scan Direction": "Forward",
                      "Index Name": "movie_id_movie_info",
                      "Relation Name": "movie_info",
                      "Alias": "mi",
                      "Startup Cost": 0.43,
                      "Total Cost": 1.74,
                      "Plan Rows": 42,
                      "Plan Width": 4,
                      "Actual Startup Time": 0.003,
                      "Actual Total Time": 0.012,
                      "Actual Rows": 34,
                      "Actual Loops": 250855,
                      "Index Cond": "(movie_id = mc.movie_id)",
                      "Rows Removed by Index Recheck": 0,
                      "Heap Fetches": 8555284
                    }
                  ]
                }
              ]
            }
          ]
        }
      ]
    },
    "Planning Time": 1.433,
    "Triggers": [],
    "Execution Time": 1316.626
  }
]