{
  "Plan": {
    "Node Type": "Aggregate",
    "Strategy": "Plain",
    "Partial Mode": "Finalize",
    "Parallel Aware": false,
    "Startup Cost": 614398.71,
    "Total Cost": 614398.72,
    "Plan Rows": 1,
    "Plan Width": 8,
    "Actual Startup Time": 4041.489,
    "Actual Total Time": 4109.63,
    "Actual Rows": 1,
    "Actual Loops": 1,
    "Plans": [
      {
        "Node Type": "Gather",
        "Parent Relationship": "Outer",
        "Parallel Aware": false,
        "Startup Cost": 614398.6,
        "Total Cost": 614398.71,
        "Plan Rows": 1,
        "Plan Width": 8,
        "Actual Startup Time": 4038.118,
        "Actual Total Time": 4109.62,
        "Actual Rows": 2,
        "Actual Loops": 1,
        "Workers Planned": 1,
        "Workers Launched": 1,
        "Single Copy": false,
        "Plans": [
          {
            "Node Type": "Aggregate",
            "Strategy": "Plain",
            "Partial Mode": "Partial",
            "Parent Relationship": "Outer",
            "Parallel Aware": false,
            "Startup Cost": 613398.6,
            "Total Cost": 613398.61,
            "Plan Rows": 1,
            "Plan Width": 8,
            "Actual Startup Time": 4030.64,
            "Actual Total Time": 4030.643,
            "Actual Rows": 1,
            "Actual Loops": 2,
            "Plans": [
              {
                "Node Type": "Hash Join",
                "Parent Relationship": "Outer",
                "Parallel Aware": true,
                "Join Type": "Inner",
                "Startup Cost": 66349.31,
                "Total Cost": 605234.06,
                "Plan Rows": 3265816,
                "Plan Width": 0,
                "Actual Startup Time": 1059.789,
                "Actual Total Time": 3888.419,
                "Actual Rows": 3277800,
                "Actual Loops": 2,
                "Inner Unique": true,
                "Hash Cond": "(ci.movie_id = t.id)",
                "Plans": [
                  {
                    "Node Type": "Seq Scan",
                    "Parent Relationship": "Outer",
                    "Parallel Aware": true,
                    "Relation Name": "cast_info",
                    "Alias": "ci",
                    "Startup Cost": 0.0,
                    "Total Cost": 519069.44,
                    "Plan Rows": 7548678,
                    "Plan Width": 4,
                    "Actual Startup Time": 669.167,
                    "Actual Total Time": 1508.426,
                    "Actual Rows": 6396200,
                    "Actual Loops": 2,
                    "Filter": "(person_id > 2400613)",
                    "Rows Removed by Filter": 11725972
                  },
                  {
                    "Node Type": "Hash",
                    "Parent Relationship": "Inner",
                    "Parallel Aware": true,
                    "Startup Cost": 58306.47,
                    "Total Cost": 58306.47,
                    "Plan Rows": 643427,
                    "Plan Width": 4,
                    "Actual Startup Time": 375.591,
                    "Actual Total Time": 375.592,
                    "Actual Rows": 594774,
                    "Actual Loops": 2,
                    "Hash Buckets": 2097152,
                    "Original Hash Buckets": 2097152,
                    "Hash Batches": 1,
                    "Original Hash Batches": 1,
                    "Peak Memory Usage": 62944,
                    "Plans": [
                      {
                        "Node Type": "Seq Scan",
                        "Parent Relationship": "Outer",
                        "Parallel Aware": true,
                        "Relation Name": "title",
                        "Alias": "t",
                        "Startup Cost": 0.0,
                        "Total Cost": 58306.47,
                        "Plan Rows": 643427,
                        "Plan Width": 4,
                        "Actual Startup Time": 0.029,
                        "Actual Total Time": 187.829,
                        "Actual Rows": 594774,
                        "Actual Loops": 2,
                        "Filter": "((production_year > 1988) AND (kind_id = 7))",
                        "Rows Removed by Filter": 669382
                      }
                    ]
                  }
                ]
              }
            ]
          }
        ]
      }
    ]
  },
  "Planning Time": 0.684,
  "Triggers": [],
  "Execution Time": 4109.715
}