[
  {
    "Plan": {
      "Node Type": "Aggregate",
      "Strategy": "Plain",
      "Partial Mode": "Finalize",
      "Parallel Aware": false,
      "Startup Cost": 32309.97,
      "Total Cost": 32309.98,
      "Plan Rows": 1,
      "Plan Width": 8,
      "Actual Startup Time": 137.394,
      "Actual Total Time": 146.309,
      "Actual Rows": 1,
      "Actual Loops": 1,
      "Plans": [
        {
          "Node Type": "Gather",
          "Parent Relationship": "Outer",
          "Parallel Aware": false,
          "Startup Cost": 32309.65,
          "Total Cost": 32309.96,
          "Plan Rows": 3,
          "Plan Width": 8,
          "Actual Startup Time": 137.293,
          "Actual Total Time": 146.298,
          "Actual Rows": 4,
          "Actual Loops": 1,
          "Workers Planned": 3,
          "Workers Launched": 3,
          "Single Copy": false,
          "Plans": [
            {
              "Node Type": "Aggregate",
              "Strategy": "Plain",
              "Partial Mode": "Partial",
              "Parent Relationship": "Outer",
              "Parallel Aware": false,
              "Startup Cost": 31309.65,
              "Total Cost": 31309.66,
              "Plan Rows": 1,
              "Plan Width": 8,
              "Actual Startup Time": 130.335,
              "Actual Total Time": 130.336,
              "Actual Rows": 1,
              "Actual Loops": 4,
              "Plans": [
                {
                  "Node Type": "Seq Scan",
                  "Parent Relationship": "Outer",
                  "Parallel Aware": true,
                  "Relation Name": "movie_companies",
                  "Alias": "mc",
                  "Startup Cost": 0.0,
                  "Total Cost": 29310.68,
                  "Plan Rows": 799587,
                  "Plan Width": 0,
                  "Actual Startup Time": 0.036,
                  "Actual Total Time": 96.058,
                  "Actual Rows": 619452,
                  "Actual Loops": 4,
                  "Filter": "(company_id > 19)",
                  "Rows Removed by Filter": 32831
                }
              ]
            }
          ]
        }
      ]
    },
    "Planning Time": 0.286,
    "Triggers": [],
    "Execution Time": 146.371
  }
]