[
  {
    "Plan": {
      "Node Type": "Aggregate",
      "Strategy": "Plain",
      "Partial Mode": "Finalize",
      "Parallel Aware": false,
      "Startup Cost": 32311.86,
      "Total Cost": 32311.87,
      "Plan Rows": 1,
      "Plan Width": 8,
      "Actual Startup Time": 122.376,
      "Actual Total Time": 130.071,
      "Actual Rows": 1,
      "Actual Loops": 1,
      "Plans": [
        {
          "Node Type": "Gather",
          "Parent Relationship": "Outer",
          "Parallel Aware": false,
          "Startup Cost": 32311.54,
          "Total Cost": 32311.85,
          "Plan Rows": 3,
          "Plan Width": 8,
          "Actual Startup Time": 122.287,
          "Actual Total Time": 130.065,
          "Actual Rows": 4,
          "Actual Loops": 1,
          "Workers Planned": 3,
          "Workers Launched": 3,
          "Single Copy": false,
          "Plans": [
            {
              "Node Type": "Aggregate",
              "Strategy": "Plain",
              "Partial Mode": "Partial",
              "Parent Relationship": "Outer",
              "Parallel Aware": false,
              "Startup Cost": 31311.54,
              "Total Cost": 31311.55,
              "Plan Rows": 1,
              "Plan Width": 8,
              "Actual Startup Time": 113.66,
              "Actual Total Time": 113.661,
              "Actual Rows": 1,
              "Actual Loops": 4,
              "Plans": [
                {
                  "Node Type": "Seq Scan",
                  "Parent Relationship": "Outer",
                  "Parallel Aware": true,
                  "Relation Name": "movie_companies",
                  "Alias": "mc",
                  "Startup Cost": 0.0,
                  "Total Cost": 29310.68,
                  "Plan Rows": 800343,
                  "Plan Width": 0,
                  "Actual Startup Time": 0.073,
                  "Actual Total Time": 84.404,
                  "Actual Rows": 619452,
                  "Actual Loops": 4,
                  "Filter": "(company_id > 19)",
                  "Rows Removed by Filter": 32831
                }
              ]
            }
          ]
        }
      ]
    },
    "Planning Time": 0.271,
    "Triggers": [],
    "Execution Time": 130.122
  }
]