[
    {
        "Bao": {
            "Bao prediction": "NaN",
            "Bao recommended hint": "(no hint)"
        }
    },
    {
        "Plan": {
            "Node Type": "Aggregate",
            "Strategy": "Plain",
            "Partial Mode": "Finalize",
            "Parallel Aware": false,
            "Startup Cost": 33441.06,
            "Total Cost": 33441.07,
            "Plan Rows": 1,
            "Plan Width": 8,
            "Actual Startup Time": 120.622,
            "Actual Total Time": 125.371,
            "Actual Rows": 1,
            "Actual Loops": 1,
            "Output": [
                "count(*)"
            ],
            "Plans": [
                {
                    "Node Type": "Gather",
                    "Parent Relationship": "Outer",
                    "Parallel Aware": false,
                    "Startup Cost": 33440.74,
                    "Total Cost": 33441.05,
                    "Plan Rows": 3,
                    "Plan Width": 8,
                    "Actual Startup Time": 120.522,
                    "Actual Total Time": 125.362,
                    "Actual Rows": 4,
                    "Actual Loops": 1,
                    "Output": [
                        "(PARTIAL count(*))"
                    ],
                    "Workers Planned": 3,
                    "Workers Launched": 3,
                    "Single Copy": false,
                    "Plans": [
                        {
                            "Node Type": "Aggregate",
                            "Strategy": "Plain",
                            "Partial Mode": "Partial",
                            "Parent Relationship": "Outer",
                            "Parallel Aware": false,
                            "Startup Cost": 32440.74,
                            "Total Cost": 32440.75,
                            "Plan Rows": 1,
                            "Plan Width": 8,
                            "Actual Startup Time": 111.844,
                            "Actual Total Time": 111.845,
                            "Actual Rows": 1,
                            "Actual Loops": 4,
                            "Output": [
                                "PARTIAL count(*)"
                            ],
                            "Workers": [
                                {
                                    "Worker Number": 0,
                                    "Actual Startup Time": 108.99,
                                    "Actual Total Time": 108.991,
                                    "Actual Rows": 1,
                                    "Actual Loops": 1
                                },
                                {
                                    "Worker Number": 1,
                                    "Actual Startup Time": 109.191,
                                    "Actual Total Time": 109.192,
                                    "Actual Rows": 1,
                                    "Actual Loops": 1
                                },
                                {
                                    "Worker Number": 2,
                                    "Actual Startup Time": 109.27,
                                    "Actual Total Time": 109.271,
                                    "Actual Rows": 1,
                                    "Actual Loops": 1
                                }
                            ],
                            "Plans": [
                                {
                                    "Node Type": "Seq Scan",
                                    "Parent Relationship": "Outer",
                                    "Parallel Aware": true,
                                    "Relation Name": "movie_companies",
                                    "Schema": "public",
                                    "Alias": "mc",
                                    "Startup Cost": 0.0,
                                    "Total Cost": 31414.82,
                                    "Plan Rows": 410368,
                                    "Plan Width": 0,
                                    "Actual Startup Time": 48.892,
                                    "Actual Total Time": 94.674,
                                    "Actual Rows": 304629,
                                    "Actual Loops": 4,
                                    "Output": [
                                        "id",
                                        "movie_id",
                                        "company_id",
                                        "company_type_id",
                                        "note"
                                    ],
                                    "Filter": "((mc.company_id < 148357) AND (mc.company_type_id > 1))",
                                    "Rows Removed by Filter": 347653,
                                    "Workers": [
                                        {
                                            "Worker Number": 0,
                                            "Actual Startup Time": 46.028,
                                            "Actual Total Time": 92.258,
                                            "Actual Rows": 255298,
                                            "Actual Loops": 1
                                        },
                                        {
                                            "Worker Number": 1,
                                            "Actual Startup Time": 46.236,
                                            "Actual Total Time": 92.478,
                                            "Actual Rows": 255609,
                                            "Actual Loops": 1
                                        },
                                        {
                                            "Worker Number": 2,
                                            "Actual Startup Time": 46.323,
                                            "Actual Total Time": 92.52,
                                            "Actual Rows": 415392,
                                            "Actual Loops": 1
                                        }
                                    ]
                                }
                            ]
                        }
                    ]
                }
            ]
        },
        "Planning Time": 280.563,
        "Triggers": [],
        "Execution Time": 125.469
    }
]