{
  "Plan": {
    "Node Type": "Aggregate",
    "Strategy": "Plain",
    "Partial Mode": "Finalize",
    "Parallel Aware": false,
    "Startup Cost": 735772.58,
    "Total Cost": 735772.59,
    "Plan Rows": 1,
    "Plan Width": 8,
    "Actual Startup Time": 8391.579,
    "Actual Total Time": 8443.857,
    "Actual Rows": 1,
    "Actual Loops": 1,
    "Plans": [
      {
        "Node Type": "Gather",
        "Parent Relationship": "Outer",
        "Parallel Aware": false,
        "Startup Cost": 735772.47,
        "Total Cost": 735772.58,
        "Plan Rows": 1,
        "Plan Width": 8,
        "Actual Startup Time": 8382.278,
        "Actual Total Time": 8443.849,
        "Actual Rows": 2,
        "Actual Loops": 1,
        "Workers Planned": 1,
        "Workers Launched": 1,
        "Single Copy": false,
        "Plans": [
          {
            "Node Type": "Aggregate",
            "Strategy": "Plain",
            "Partial Mode": "Partial",
            "Parent Relationship": "Outer",
            "Parallel Aware": false,
            "Startup Cost": 734772.47,
            "Total Cost": 734772.48,
            "Plan Rows": 1,
            "Plan Width": 8,
            "Actual Startup Time": 8368.946,
            "Actual Total Time": 8368.951,
            "Actual Rows": 1,
            "Actual Loops": 2,
            "Plans": [
              {
                "Node Type": "Hash Join",
                "Parent Relationship": "Outer",
                "Parallel Aware": true,
                "Join Type": "Inner",
                "Startup Cost": 330221.64,
                "Total Cost": 701335.05,
                "Plan Rows": 13374969,
                "Plan Width": 0,
                "Actual Startup Time": 3035.351,
                "Actual Total Time": 7607.168,
                "Actual Rows": 18057992,
                "Actual Loops": 2,
                "Inner Unique": false,
                "Hash Cond": "(mi.movie_id = t.id)",
                "Plans": [
                  {
                    "Node Type": "Seq Scan",
                    "Parent Relationship": "Outer",
                    "Parallel Aware": true,
                    "Relation Name": "movie_info",
                    "Alias": "mi",
                    "Startup Cost": 0.0,
                    "Total Cost": 248955.74,
                    "Plan Rows": 8696274,
                    "Plan Width": 4,
                    "Actual Startup Time": 0.015,
                    "Actual Total Time": 621.021,
                    "Actual Rows": 7417860,
                    "Actual Loops": 2
                  },
                  {
                    "Node Type": "Hash",
                    "Parent Relationship": "Inner",
                    "Parallel Aware": true,
                    "Startup Cost": 301629.4,
                    "Total Cost": 301629.4,
                    "Plan Rows": 2287379,
                    "Plan Width": 8,
                    "Actual Startup Time": 3013.061,
                    "Actual Total Time": 3013.064,
                    "Actual Rows": 2107180,
                    "Actual Loops": 2,
                    "Hash Buckets": 8388608,
                    "Original Hash Buckets": 4194304,
                    "Hash Batches": 1,
                    "Original Hash Batches": 1,
                    "Peak Memory Usage": 263200,
                    "Plans": [
                      {
                        "Node Type": "Hash Join",
                        "Parent Relationship": "Outer",
                        "Parallel Aware": true,
                        "Join Type": "Inner",
                        "Startup Cost": 64405.64,
                        "Total Cost": 301629.4,
                        "Plan Rows": 2287379,
                        "Plan Width": 8,
                        "Actual Startup Time": 344.709,
                        "Actual Total Time": 2264.029,
                        "Actual Rows": 2107180,
                        "Actual Loops": 2,
                        "Inner Unique": true,
                        "Hash Cond": "(ci.movie_id = t.id)",
                        "Plans": [
                          {
                            "Node Type": "Index Scan",
                            "Parent Relationship": "Outer",
                            "Parallel Aware": true,
                            "Scan Direction": "Forward",
                            "Index Name": "role_id_cast_info",
                            "Relation Name": "cast_info",
                            "Alias": "ci",
                            "Startup Cost": 0.56,
                            "Total Cost": 225853.5,
                            "Plan Rows": 4331734,
                            "Plan Width": 4,
                            "Actual Startup Time": 0.051,
                            "Actual Total Time": 506.487,
                            "Actual Rows": 3725986,
                            "Actual Loops": 2,
                            "Index Cond": "(role_id = 2)",
                            "Rows Removed by Index Recheck": 0
                          },
                          {
                            "Node Type": "Hash",
                            "Parent Relationship": "Inner",
                            "Parallel Aware": true,
                            "Startup Cost": 54588.39,
                            "Total Cost": 54588.39,
                            "Plan Rows": 785335,
                            "Plan Width": 4,
                            "Actual Startup Time": 338.812,
                            "Actual Total Time": 338.813,
                            "Actual Rows": 661432,
                            "Actual Loops": 2,
                            "Hash Buckets": 2097152,
                            "Original Hash Buckets": 2097152,
                            "Hash Batches": 1,
                            "Original Hash Batches": 1,
                            "Peak Memory Usage": 68160,
                            "Plans": [
                              {
                                "Node Type": "Seq Scan",
                                "Parent Relationship": "Outer",
                                "Parallel Aware": true,
                                "Relation Name": "title",
                                "Alias": "t",
                                "Startup Cost": 0.0,
                                "Total Cost": 54588.39,
                                "Plan Rows": 785335,
                                "Plan Width": 4,
                                "Actual Startup Time": 0.031,
                                "Actual Total Time": 160.035,
                                "Actual Rows": 661432,
                                "Actual Loops": 2,
                                "Filter": "(production_year > 2001)",
                                "Rows Removed by Filter": 602724
                              }
                            ]
                          }
                        ]
                      }
                    ]
                  }
                ]
              }
            ]
          }
        ]
      }
    ]
  },
  "Planning Time": 0.904,
  "Triggers": [],
  "Execution Time": 8443.945
}