[
  {
    "Plan": {
      "Node Type": "Aggregate",
      "Strategy": "Plain",
      "Partial Mode": "Finalize",
      "Parallel Aware": false,
      "Startup Cost": 78581.6,
      "Total Cost": 78581.61,
      "Plan Rows": 1,
      "Plan Width": 8,
      "Actual Startup Time": 170.745,
      "Actual Total Time": 187.524,
      "Actual Rows": 1,
      "Actual Loops": 1,
      "Plans": [
        {
          "Node Type": "Gather",
          "Parent Relationship": "Outer",
          "Parallel Aware": false,
          "Startup Cost": 78581.28,
          "Total Cost": 78581.59,
          "Plan Rows": 3,
          "Plan Width": 8,
          "Actual Startup Time": 170.344,
          "Actual Total Time": 187.515,
          "Actual Rows": 4,
          "Actual Loops": 1,
          "Workers Planned": 3,
          "Workers Launched": 3,
          "Single Copy": false,
          "Plans": [
            {
              "Node Type": "Aggregate",
              "Strategy": "Plain",
              "Partial Mode": "Partial",
              "Parent Relationship": "Outer",
              "Parallel Aware": false,
              "Startup Cost": 77581.28,
              "Total Cost": 77581.29,
              "Plan Rows": 1,
              "Plan Width": 8,
              "Actual Startup Time": 166.84,
              "Actual Total Time": 166.843,
              "Actual Rows": 1,
              "Actual Loops": 4,
              "Plans": [
                {
                  "Node Type": "Hash Join",
                  "Parent Relationship": "Outer",
                  "Parallel Aware": true,
                  "Join Type": "Inner",
                  "Startup Cost": 45668.64,
                  "Total Cost": 77570.19,
                  "Plan Rows": 4436,
                  "Plan Width": 0,
                  "Actual Startup Time": 124.804,
                  "Actual Total Time": 166.771,
                  "Actual Rows": 1315,
                  "Actual Loops": 4,
                  "Inner Unique": true,
                  "Hash Cond": "(mc.movie_id = t.id)",
                  "Plans": [
                    {
                      "Node Type": "Seq Scan",
                      "Parent Relationship": "Outer",
                      "Parallel Aware": true,
                      "Relation Name": "movie_companies",
                      "Alias": "mc",
                      "Startup Cost": 0.0,
                      "Total Cost": 31414.82,
                      "Plan Rows": 185423,
                      "Plan Width": 4,
                      "Actual Startup Time": 30.623,
                      "Actual Total Time": 60.292,
                      "Actual Rows": 91634,
                      "Actual Loops": 4,
                      "Filter": "((company_id < 8288) AND (company_type_id = 2))",
                      "Rows Removed by Filter": 560649
                    },
                    {
                      "Node Type": "Hash",
                      "Parent Relationship": "Inner",
                      "Parallel Aware": true,
                      "Startup Cost": 45479.59,
                      "Total Cost": 45479.59,
                      "Plan Rows": 15124,
                      "Plan Width": 4,
                      "Actual Startup Time": 93.561,
                      "Actual Total Time": 93.562,
                      "Actual Rows": 15688,
                      "Actual Loops": 4,
                      "Hash Buckets": 65536,
                      "Original Hash Buckets": 65536,
                      "Hash Batches": 1,
                      "Original Hash Batches": 1,
                      "Peak Memory Usage": 3008,
                      "Plans": [
                        {
                          "Node Type": "Seq Scan",
                          "Parent Relationship": "Outer",
                          "Parallel Aware": true,
                          "Relation Name": "title",
                          "Alias": "t",
                          "Startup Cost": 0.0,
                          "Total Cost": 45479.59,
                          "Plan Rows": 15124,
                          "Plan Width": 4,
                          "Actual Startup Time": 0.02,
                          "Actual Total Time": 87.534,
                          "Actual Rows": 15688,
                          "Actual Loops": 4,
                          "Filter": "((kind_id = 7) AND (production_year = 2005))",
                          "Rows Removed by Filter": 616390
                        }
                      ]
                    }
                  ]
                }
              ]
            }
          ]
        }
      ]
    },
    "Planning Time": 0.36,
    "Triggers": [],
    "Execution Time": 187.577
  }
]