[
  {
    "Plan": {
      "Node Type": "Aggregate",
      "Strategy": "Plain",
      "Partial Mode": "Finalize",
      "Parallel Aware": false,
      "Startup Cost": 46098.2,
      "Total Cost": 46098.21,
      "Plan Rows": 1,
      "Plan Width": 8,
      "Actual Startup Time": 182.92,
      "Actual Total Time": 193.23,
      "Actual Rows": 1,
      "Actual Loops": 1,
      "Plans": [
        {
          "Node Type": "Gather",
          "Parent Relationship": "Outer",
          "Parallel Aware": false,
          "Startup Cost": 46097.88,
          "Total Cost": 46098.19,
          "Plan Rows": 3,
          "Plan Width": 8,
          "Actual Startup Time": 182.658,
          "Actual Total Time": 193.204,
          "Actual Rows": 4,
          "Actual Loops": 1,
          "Workers Planned": 3,
          "Workers Launched": 3,
          "Single Copy": false,
          "Plans": [
            {
              "Node Type": "Aggregate",
              "Strategy": "Plain",
              "Partial Mode": "Partial",
              "Parent Relationship": "Outer",
              "Parallel Aware": false,
              "Startup Cost": 45097.88,
              "Total Cost": 45097.89,
              "Plan Rows": 1,
              "Plan Width": 8,
              "Actual Startup Time": 174.783,
              "Actual Total Time": 174.784,
              "Actual Rows": 1,
              "Actual Loops": 4,
              "Plans": [
                {
                  "Node Type": "Seq Scan",
                  "Parent Relationship": "Outer",
                  "Parallel Aware": true,
                  "Relation Name": "movie_keyword",
                  "Alias": "mk",
                  "Startup Cost": 0.0,
                  "Total Cost": 42695.65,
                  "Plan Rows": 960891,
                  "Plan Width": 0,
                  "Actual Startup Time": 0.055,
                  "Actual Total Time": 135.251,
                  "Actual Rows": 747295,
                  "Actual Loops": 4,
                  "Filter": "(keyword_id < 10392)",
                  "Rows Removed by Filter": 383688
                }
              ]
            }
          ]
        }
      ]
    },
    "Planning Time": 0.092,
    "Triggers": [],
    "Execution Time": 193.259
  }
]