[
    {
        "Bao": {
            "Bao prediction": 1068.266,
            "Bao recommended hint": "(no hint)"
        }
    },
    {
        "Plan": {
            "Node Type": "Aggregate",
            "Strategy": "Plain",
            "Partial Mode": "Finalize",
            "Parallel Aware": false,
            "Startup Cost": 428073.33,
            "Total Cost": 428073.34,
            "Plan Rows": 1,
            "Plan Width": 8,
            "Actual Startup Time": 718.459,
            "Actual Total Time": 748.754,
            "Actual Rows": 1,
            "Actual Loops": 1,
            "Output": [
                "count(*)"
            ],
            "Plans": [
                {
                    "Node Type": "Gather",
                    "Parent Relationship": "Outer",
                    "Parallel Aware": false,
                    "Startup Cost": 428072.7,
                    "Total Cost": 428073.31,
                    "Plan Rows": 6,
                    "Plan Width": 8,
                    "Actual Startup Time": 698.191,
                    "Actual Total Time": 748.745,
                    "Actual Rows": 7,
                    "Actual Loops": 1,
                    "Output": [
                        "(PARTIAL count(*))"
                    ],
                    "Workers Planned": 6,
                    "Workers Launched": 6,
                    "Single Copy": false,
                    "Plans": [
                        {
                            "Node Type": "Aggregate",
                            "Strategy": "Plain",
                            "Partial Mode": "Partial",
                            "Parent Relationship": "Outer",
                            "Parallel Aware": false,
                            "Startup Cost": 427072.7,
                            "Total Cost": 427072.71,
                            "Plan Rows": 1,
                            "Plan Width": 8,
                            "Actual Startup Time": 687.351,
                            "Actual Total Time": 687.449,
                            "Actual Rows": 1,
                            "Actual Loops": 7,
                            "Output": [
                                "PARTIAL count(*)"
                            ],
                            "Workers": [
                                {
                                    "Worker Number": 0,
                                    "Actual Startup Time": 685.393,
                                    "Actual Total Time": 685.398,
                                    "Actual Rows": 1,
                                    "Actual Loops": 1
                                },
                                {
                                    "Worker Number": 1,
                                    "Actual Startup Time": 685.252,
                                    "Actual Total Time": 685.258,
                                    "Actual Rows": 1,
                                    "Actual Loops": 1
                                },
                                {
                                    "Worker Number": 2,
                                    "Actual Startup Time": 685.588,
                                    "Actual Total Time": 685.594,
                                    "Actual Rows": 1,
                                    "Actual Loops": 1
                                },
                                {
                                    "Worker Number": 3,
                                    "Actual Startup Time": 685.659,
                                    "Actual Total Time": 685.665,
                                    "Actual Rows": 1,
                                    "Actual Loops": 1
                                },
                                {
                                    "Worker Number": 4,
                                    "Actual Startup Time": 686.951,
                                    "Actual Total Time": 686.958,
                                    "Actual Rows": 1,
                                    "Actual Loops": 1
                                },
                                {
                                    "Worker Number": 5,
                                    "Actual Startup Time": 685.657,
                                    "Actual Total Time": 685.663,
                                    "Actual Rows": 1,
                                    "Actual Loops": 1
                                }
                            ],
                            "Plans": [
                                {
                                    "Node Type": "Hash Join",
                                    "Parent Relationship": "Outer",
                                    "Parallel Aware": true,
                                    "Join Type": "Inner",
                                    "Startup Cost": 224534.24,
                                    "Total Cost": 426882.86,
                                    "Plan Rows": 75936,
                                    "Plan Width": 0,
                                    "Actual Startup Time": 438.715,
                                    "Actual Total Time": 687.412,
                                    "Actual Rows": 311,
                                    "Actual Loops": 7,
                                    "Inner Unique": false,
                                    "Hash Cond": "(ci.movie_id = t.id)",
                                    "Workers": [
                                        {
                                            "Worker Number": 0,
                                            "Actual Startup Time": 454.363,
                                            "Actual Total Time": 685.383,
                                            "Actual Rows": 28,
                                            "Actual Loops": 1
                                        },
                                        {
                                            "Worker Number": 1,
                                            "Actual Startup Time": 431.901,
                                            "Actual Total Time": 685.219,
                                            "Actual Rows": 310,
                                            "Actual Loops": 1
                                        },
                                        {
                                            "Worker Number": 2,
                                            "Actual Startup Time": 428.677,
                                            "Actual Total Time": 685.557,
                                            "Actual Rows": 292,
                                            "Actual Loops": 1
                                        },
                                        {
                                            "Worker Number": 3,
                                            "Actual Startup Time": 444.891,
                                            "Actual Total Time": 685.639,
                                            "Actual Rows": 108,
                                            "Actual Loops": 1
                                        },
                                        {
                                            "Worker Number": 4,
                                            "Actual Startup Time": 429.671,
                                            "Actual Total Time": 686.917,
                                            "Actual Rows": 369,
                                            "Actual Loops": 1
                                        },
                                        {
                                            "Worker Number": 5,
                                            "Actual Startup Time": 432.089,
                                            "Actual Total Time": 685.634,
                                            "Actual Rows": 172,
                                            "Actual Loops": 1
                                        }
                                    ],
                                    "Plans": [
                                        {
                                            "Node Type": "Index Scan",
                                            "Parent Relationship": "Outer",
                                            "Parallel Aware": true,
                                            "Scan Direction": "Forward",
                                            "Index Name": "role_id_cast_info",
                                            "Relation Name": "cast_info",
                                            "Schema": "public",
                                            "Alias": "ci",
                                            "Startup Cost": 0.56,
                                            "Total Cost": 200814.65,
                                            "Plan Rows": 368710,
                                            "Plan Width": 4,
                                            "Actual Startup Time": 4.422,
                                            "Actual Total Time": 257.303,
                                            "Actual Rows": 256,
                                            "Actual Loops": 7,
                                            "Output": [
                                                "ci.id",
                                                "ci.person_id",
                                                "ci.movie_id",
                                                "ci.person_role_id",
                                                "ci.note",
                                                "ci.nr_order",
                                                "ci.role_id"
                                            ],
                                            "Index Cond": "(ci.role_id = 2)",
                                            "Rows Removed by Index Recheck": 0,
                                            "Filter": "(ci.person_id < 1054773)",
                                            "Rows Removed by Filter": 1064312,
                                            "Workers": [
                                                {
                                                    "Worker Number": 0,
                                                    "Actual Startup Time": 16.788,
                                                    "Actual Total Time": 257.532,
                                                    "Actual Rows": 93,
                                                    "Actual Loops": 1
                                                },
                                                {
                                                    "Worker Number": 1,
                                                    "Actual Startup Time": 4.354,
                                                    "Actual Total Time": 257.344,
                                                    "Actual Rows": 220,
                                                    "Actual Loops": 1
                                                },
                                                {
                                                    "Worker Number": 2,
                                                    "Actual Startup Time": 0.776,
                                                    "Actual Total Time": 257.242,
                                                    "Actual Rows": 329,
                                                    "Actual Loops": 1
                                                },
                                                {
                                                    "Worker Number": 3,
                                                    "Actual Startup Time": 3.122,
                                                    "Actual Total Time": 257.456,
                                                    "Actual Rows": 110,
                                                    "Actual Loops": 1
                                                },
                                                {
                                                    "Worker Number": 4,
                                                    "Actual Startup Time": 1.5,
                                                    "Actual Total Time": 257.058,
                                                    "Actual Rows": 471,
                                                    "Actual Loops": 1
                                                },
                                                {
                                                    "Worker Number": 5,
                                                    "Actual Startup Time": 4.184,
                                                    "Actual Total Time": 257.332,
                                                    "Actual Rows": 337,
                                                    "Actual Loops": 1
                                                }
                                            ]
                                        },
                                        {
                                            "Node Type": "Hash",
                                            "Parent Relationship": "Inner",
                                            "Parallel Aware": true,
                                            "Startup Cost": 223231.9,
                                            "Total Cost": 223231.9,
                                            "Plan Rows": 104142,
                                            "Plan Width": 8,
                                            "Actual Startup Time": 427.32,
                                            "Actual Total Time": 427.416,
                                            "Actual Rows": 77624,
                                            "Actual Loops": 7,
                                            "Output": [
                                                "t.id",
                                                "mi.movie_id"
                                            ],
                                            "Hash Buckets": 1048576,
                                            "Original Hash Buckets": 524288,
                                            "Hash Batches": 1,
                                            "Original Hash Batches": 1,
                                            "Peak Memory Usage": 33664,
                                            "Workers": [
                                                {
                                                    "Worker Number": 0,
                                                    "Actual Startup Time": 427.29,
                                                    "Actual Total Time": 427.294,
                                                    "Actual Rows": 75681,
                                                    "Actual Loops": 1
                                                },
                                                {
                                                    "Worker Number": 1,
                                                    "Actual Startup Time": 427.129,
                                                    "Actual Total Time": 427.133,
                                                    "Actual Rows": 76695,
                                                    "Actual Loops": 1
                                                },
                                                {
                                                    "Worker Number": 2,
                                                    "Actual Startup Time": 427.457,
                                                    "Actual Total Time": 427.461,
                                                    "Actual Rows": 75588,
                                                    "Actual Loops": 1
                                                },
                                                {
                                                    "Worker Number": 3,
                                                    "Actual Startup Time": 427.52,
                                                    "Actual Total Time": 427.523,
                                                    "Actual Rows": 85397,
                                                    "Actual Loops": 1
                                                },
                                                {
                                                    "Worker Number": 4,
                                                    "Actual Startup Time": 427.745,
                                                    "Actual Total Time": 427.75,
                                                    "Actual Rows": 73096,
                                                    "Actual Loops": 1
                                                },
                                                {
                                                    "Worker Number": 5,
                                                    "Actual Startup Time": 427.457,
                                                    "Actual Total Time": 427.461,
                                                    "Actual Rows": 77193,
                                                    "Actual Loops": 1
                                                }
                                            ],
                                            "Plans": [
                                                {
                                                    "Node Type": "Hash Join",
                                                    "Parent Relationship": "Outer",
                                                    "Parallel Aware": true,
                                                    "Join Type": "Inner",
                                                    "Startup Cost": 59663.75,
                                                    "Total Cost": 223231.9,
                                                    "Plan Rows": 104142,
                                                    "Plan Width": 8,
                                                    "Actual Startup Time": 319.809,
                                                    "Actual Total Time": 374.671,
                                                    "Actual Rows": 77624,
                                                    "Actual Loops": 7,
                                                    "Output": [
                                                        "t.id",
                                                        "mi.movie_id"
                                                    ],
                                                    "Inner Unique": true,
                                                    "Hash Cond": "(mi.movie_id = t.id)",
                                                    "Workers": [
                                                        {
                                                            "Worker Number": 0,
                                                            "Actual Startup Time": 319.77,
                                                            "Actual Total Time": 374.41,
                                                            "Actual Rows": 75681,
                                                            "Actual Loops": 1
                                                        },
                                                        {
                                                            "Worker Number": 1,
                                                            "Actual Startup Time": 319.95,
                                                            "Actual Total Time": 374.701,
                                                            "Actual Rows": 76695,
                                                            "Actual Loops": 1
                                                        },
                                                        {
                                                            "Worker Number": 2,
                                                            "Actual Startup Time": 319.694,
                                                            "Actual Total Time": 374.134,
                                                            "Actual Rows": 75588,
                                                            "Actual Loops": 1
                                                        },
                                                        {
                                                            "Worker Number": 3,
                                                            "Actual Startup Time": 319.735,
                                                            "Actual Total Time": 374.467,
                                                            "Actual Rows": 85397,
                                                            "Actual Loops": 1
                                                        },
                                                        {
                                                            "Worker Number": 4,
                                                            "Actual Startup Time": 319.91,
                                                            "Actual Total Time": 376.438,
                                                            "Actual Rows": 73096,
                                                            "Actual Loops": 1
                                                        },
                                                        {
                                                            "Worker Number": 5,
                                                            "Actual Startup Time": 319.653,
                                                            "Actual Total Time": 373.995,
                                                            "Actual Rows": 77193,
                                                            "Actual Loops": 1
                                                        }
                                                    ],
                                                    "Plans": [
                                                        {
                                                            "Node Type": "Bitmap Heap Scan",
                                                            "Parent Relationship": "Outer",
                                                            "Parallel Aware": true,
                                                            "Relation Name": "movie_info",
                                                            "Schema": "public",
                                                            "Alias": "mi",
                                                            "Startup Cost": 9443.95,
                                                            "Total Cost": 172738.72,
                                                            "Plan Rows": 104142,
                                                            "Plan Width": 4,
                                                            "Actual Startup Time": 31.278,
                                                            "Actual Total Time": 48.852,
                                                            "Actual Rows": 77624,
                                                            "Actual Loops": 7,
                                                            "Output": [
                                                                "mi.id",
                                                                "mi.movie_id",
                                                                "mi.info_type_id",
                                                                "mi.info",
                                                                "mi.note"
                                                            ],
                                                            "Recheck Cond": "(mi.info_type_id > 98)",
                                                            "Rows Removed by Index Recheck": 0,
                                                            "Exact Heap Blocks": 950,
                                                            "Lossy Heap Blocks": 0,
                                                            "Workers": [
                                                                {
                                                                    "Worker Number": 0,
                                                                    "Actual Startup Time": 31.301,
                                                                    "Actual Total Time": 48.894,
                                                                    "Actual Rows": 75681,
                                                                    "Actual Loops": 1
                                                                },
                                                                {
                                                                    "Worker Number": 1,
                                                                    "Actual Startup Time": 31.389,
                                                                    "Actual Total Time": 48.947,
                                                                    "Actual Rows": 76695,
                                                                    "Actual Loops": 1
                                                                },
                                                                {
                                                                    "Worker Number": 2,
                                                                    "Actual Startup Time": 31.215,
                                                                    "Actual Total Time": 48.869,
                                                                    "Actual Rows": 75588,
                                                                    "Actual Loops": 1
                                                                },
                                                                {
                                                                    "Worker Number": 3,
                                                                    "Actual Startup Time": 31.223,
                                                                    "Actual Total Time": 49.288,
                                                                    "Actual Rows": 85397,
                                                                    "Actual Loops": 1
                                                                },
                                                                {
                                                                    "Worker Number": 4,
                                                                    "Actual Startup Time": 31.344,
                                                                    "Actual Total Time": 49.915,
                                                                    "Actual Rows": 73096,
                                                                    "Actual Loops": 1
                                                                },
                                                                {
                                                                    "Worker Number": 5,
                                                                    "Actual Startup Time": 31.22,
                                                                    "Actual Total Time": 48.891,
                                                                    "Actual Rows": 77193,
                                                                    "Actual Loops": 1
                                                                }
                                                            ],
                                                            "Plans": [
                                                                {
                                                                    "Node Type": "Bitmap Index Scan",
                                                                    "Parent Relationship": "Outer",
                                                                    "Parallel Aware": false,
                                                                    "Index Name": "info_type_id_movie_info",
                                                                    "Startup Cost": 0.0,
                                                                    "Total Cost": 9313.77,
                                                                    "Plan Rows": 520711,
                                                                    "Plan Width": 0,
                                                                    "Actual Startup Time": 29.97,
                                                                    "Actual Total Time": 29.97,
                                                                    "Actual Rows": 543367,
                                                                    "Actual Loops": 1,
                                                                    "Index Cond": "(mi.info_type_id > 98)",
                                                                    "Workers": [
                                                                        {
                                                                            "Worker Number": 3,
                                                                            "Actual Startup Time": 29.97,
                                                                            "Actual Total Time": 29.97,
                                                                            "Actual Rows": 543367,
                                                                            "Actual Loops": 1
                                                                        }
                                                                    ]
                                                                }
                                                            ]
                                                        },
                                                        {
                                                            "Node Type": "Hash",
                                                            "Parent Relationship": "Inner",
                                                            "Parallel Aware": true,
                                                            "Startup Cost": 42318.81,
                                                            "Total Cost": 42318.81,
                                                            "Plan Rows": 632080,
                                                            "Plan Width": 4,
                                                            "Actual Startup Time": 283.104,
                                                            "Actual Total Time": 283.105,
                                                            "Actual Rows": 361187,
                                                            "Actual Loops": 7,
                                                            "Output": [
                                                                "t.id"
                                                            ],
                                                            "Hash Buckets": 4194304,
                                                            "Original Hash Buckets": 4194304,
                                                            "Hash Batches": 1,
                                                            "Original Hash Batches": 1,
                                                            "Peak Memory Usage": 131840,
                                                            "Workers": [
                                                                {
                                                                    "Worker Number": 0,
                                                                    "Actual Startup Time": 288.394,
                                                                    "Actual Total Time": 288.396,
                                                                    "Actual Rows": 351996,
                                                                    "Actual Loops": 1
                                                                },
                                                                {
                                                                    "Worker Number": 1,
                                                                    "Actual Startup Time": 288.461,
                                                                    "Actual Total Time": 288.463,
                                                                    "Actual Rows": 348536,
                                                                    "Actual Loops": 1
                                                                },
                                                                {
                                                                    "Worker Number": 2,
                                                                    "Actual Startup Time": 288.371,
                                                                    "Actual Total Time": 288.373,
                                                                    "Actual Rows": 355422,
                                                                    "Actual Loops": 1
                                                                },
                                                                {
                                                                    "Worker Number": 3,
                                                                    "Actual Startup Time": 288.476,
                                                                    "Actual Total Time": 288.477,
                                                                    "Actual Rows": 352047,
                                                                    "Actual Loops": 1
                                                                },
                                                                {
                                                                    "Worker Number": 4,
                                                                    "Actual Startup Time": 288.454,
                                                                    "Actual Total Time": 288.456,
                                                                    "Actual Rows": 339494,
                                                                    "Actual Loops": 1
                                                                },
                                                                {
                                                                    "Worker Number": 5,
                                                                    "Actual Startup Time": 288.243,
                                                                    "Actual Total Time": 288.244,
                                                                    "Actual Rows": 348698,
                                                                    "Actual Loops": 1
                                                                }
                                                            ],
                                                            "Plans": [
                                                                {
                                                                    "Node Type": "Seq Scan",
                                                                    "Parent Relationship": "Outer",
                                                                    "Parallel Aware": true,
                                                                    "Relation Name": "title",
                                                                    "Schema": "public",
                                                                    "Alias": "t",
                                                                    "Startup Cost": 0.0,
                                                                    "Total Cost": 42318.81,
                                                                    "Plan Rows": 632080,
                                                                    "Plan Width": 4,
                                                                    "Actual Startup Time": 0.041,
                                                                    "Actual Total Time": 81.418,
                                                                    "Actual Rows": 361187,
                                                                    "Actual Loops": 7,
                                                                    "Output": [
                                                                        "t.id"
                                                                    ],
                                                                    "Workers": [
                                                                        {
                                                                            "Worker Number": 0,
                                                                            "Actual Startup Time": 0.057,
                                                                            "Actual Total Time": 83.608,
                                                                            "Actual Rows": 351996,
                                                                            "Actual Loops": 1
                                                                        },
                                                                        {
                                                                            "Worker Number": 1,
                                                                            "Actual Startup Time": 0.032,
                                                                            "Actual Total Time": 83.56,
                                                                            "Actual Rows": 348536,
                                                                            "Actual Loops": 1
                                                                        },
                                                                        {
                                                                            "Worker Number": 2,
                                                                            "Actual Startup Time": 0.051,
                                                                            "Actual Total Time": 84.278,
                                                                            "Actual Rows": 355422,
                                                                            "Actual Loops": 1
                                                                        },
                                                                        {
                                                                            "Worker Number": 3,
                                                                            "Actual Startup Time": 0.043,
                                                                            "Actual Total Time": 84.17,
                                                                            "Actual Rows": 352047,
                                                                            "Actual Loops": 1
                                                                        },
                                                                        {
                                                                            "Worker Number": 4,
                                                                            "Actual Startup Time": 0.035,
                                                                            "Actual Total Time": 83.254,
                                                                            "Actual Rows": 339494,
                                                                            "Actual Loops": 1
                                                                        },
                                                                        {
                                                                            "Worker Number": 5,
                                                                            "Actual Startup Time": 0.05,
                                                                            "Actual Total Time": 84.71,
                                                                            "Actual Rows": 348698,
                                                                            "Actual Loops": 1
                                                                        }
                                                                    ]
                                                                }
                                                            ]
                                                        }
                                                    ]
                                                }
                                            ]
                                        }
                                    ]
                                }
                            ]
                        }
                    ]
                }
            ]
        },
        "Planning Time": 2462.335,
        "Triggers": [],
        "Execution Time": 748.939
    }
]