[
  {
    "Plan": {
      "Node Type": "Aggregate",
      "Strategy": "Plain",
      "Partial Mode": "Finalize",
      "Parallel Aware": false,
      "Startup Cost": 80694.07,
      "Total Cost": 80694.08,
      "Plan Rows": 1,
      "Plan Width": 8,
      "Actual Startup Time": 105.794,
      "Actual Total Time": 120.039,
      "Actual Rows": 1,
      "Actual Loops": 1,
      "Plans": [
        {
          "Node Type": "Gather",
          "Parent Relationship": "Outer",
          "Parallel Aware": false,
          "Startup Cost": 80693.65,
          "Total Cost": 80694.06,
          "Plan Rows": 4,
          "Plan Width": 8,
          "Actual Startup Time": 105.528,
          "Actual Total Time": 120.028,
          "Actual Rows": 5,
          "Actual Loops": 1,
          "Workers Planned": 4,
          "Workers Launched": 4,
          "Single Copy": false,
          "Plans": [
            {
              "Node Type": "Aggregate",
              "Strategy": "Plain",
              "Partial Mode": "Partial",
              "Parent Relationship": "Outer",
              "Parallel Aware": false,
              "Startup Cost": 79693.65,
              "Total Cost": 79693.66,
              "Plan Rows": 1,
              "Plan Width": 8,
              "Actual Startup Time": 99.875,
              "Actual Total Time": 99.876,
              "Actual Rows": 1,
              "Actual Loops": 5,
              "Plans": [
                {
                  "Node Type": "Nested Loop",
                  "Parent Relationship": "Outer",
                  "Parallel Aware": false,
                  "Join Type": "Inner",
                  "Startup Cost": 0.43,
                  "Total Cost": 79672.94,
                  "Plan Rows": 8284,
                  "Plan Width": 0,
                  "Actual Startup Time": 0.392,
                  "Actual Total Time": 99.167,
                  "Actual Rows": 14814,
                  "Actual Loops": 5,
                  "Inner Unique": false,
                  "Plans": [
                    {
                      "Node Type": "Seq Scan",
                      "Parent Relationship": "Outer",
                      "Parallel Aware": true,
                      "Relation Name": "title",
                      "Alias": "t",
                      "Startup Cost": 0.0,
                      "Total Cost": 45479.59,
                      "Plan Rows": 4630,
                      "Plan Width": 4,
                      "Actual Startup Time": 0.216,
                      "Actual Total Time": 72.235,
                      "Actual Rows": 2623,
                      "Actual Loops": 5,
                      "Filter": "((kind_id < 4) AND (production_year = 2000))",
                      "Rows Removed by Filter": 503039
                    },
                    {
                      "Node Type": "Index Only Scan",
                      "Parent Relationship": "Inner",
                      "Parallel Aware": false,
                      "Scan Direction": "Forward",
                      "Index Name": "movie_id_movie_keyword",
                      "Relation Name": "movie_keyword",
                      "Alias": "mk",
                      "Startup Cost": 0.43,
                      "Total Cost": 6.93,
                      "Plan Rows": 46,
                      "Plan Width": 4,
                      "Actual Startup Time": 0.009,
                      "Actual Total Time": 0.009,
                      "Actual Rows": 6,
                      "Actual Loops": 13117,
                      "Index Cond": "(movie_id = t.id)",
                      "Rows Removed by Index Recheck": 0,
                      "Heap Fetches": 74069
                    }
                  ]
                }
              ]
            }
          ]
        }
      ]
    },
    "Planning Time": 0.384,
    "Triggers": [],
    "Execution Time": 120.086
  }
]