[
  {
    "Plan": {
      "Node Type": "Aggregate",
      "Strategy": "Plain",
      "Partial Mode": "Finalize",
      "Parallel Aware": false,
      "Startup Cost": 455668.73,
      "Total Cost": 455668.74,
      "Plan Rows": 1,
      "Plan Width": 8,
      "Actual Startup Time": 3061.622,
      "Actual Total Time": 3127.797,
      "Actual Rows": 1,
      "Actual Loops": 1,
      "Plans": [
        {
          "Node Type": "Gather",
          "Parent Relationship": "Outer",
          "Parallel Aware": false,
          "Startup Cost": 455668.11,
          "Total Cost": 455668.72,
          "Plan Rows": 6,
          "Plan Width": 8,
          "Actual Startup Time": 3039.298,
          "Actual Total Time": 3127.776,
          "Actual Rows": 7,
          "Actual Loops": 1,
          "Workers Planned": 6,
          "Workers Launched": 6,
          "Single Copy": false,
          "Plans": [
            {
              "Node Type": "Aggregate",
              "Strategy": "Plain",
              "Partial Mode": "Partial",
              "Parent Relationship": "Outer",
              "Parallel Aware": false,
              "Startup Cost": 454668.11,
              "Total Cost": 454668.12,
              "Plan Rows": 1,
              "Plan Width": 8,
              "Actual Startup Time": 3022.481,
              "Actual Total Time": 3023.024,
              "Actual Rows": 1,
              "Actual Loops": 7,
              "Plans": [
                {
                  "Node Type": "Hash Join",
                  "Parent Relationship": "Outer",
                  "Parallel Aware": true,
                  "Join Type": "Inner",
                  "Startup Cost": 102663.07,
                  "Total Cost": 448987.79,
                  "Plan Rows": 2272126,
                  "Plan Width": 0,
                  "Actual Startup Time": 1020.355,
                  "Actual Total Time": 2730.54,
                  "Actual Rows": 6252139,
                  "Actual Loops": 7,
                  "Inner Unique": false,
                  "Hash Cond": "(ci.movie_id = t.id)",
                  "Plans": [
                    {
                      "Node Type": "Seq Scan",
                      "Parent Relationship": "Outer",
                      "Parallel Aware": true,
                      "Relation Name": "cast_info",
                      "Alias": "ci",
                      "Startup Cost": 0.0,
                      "Total Cost": 328211.39,
                      "Plan Rows": 2875701,
                      "Plan Width": 4,
                      "Actual Startup Time": 311.718,
                      "Actual Total Time": 802.186,
                      "Actual Rows": 2435879,
                      "Actual Loops": 7,
                      "Filter": "(person_id > 1917750)",
                      "Rows Removed by Filter": 2741885
                    },
                    {
                      "Node Type": "Hash",
                      "Parent Relationship": "Inner",
                      "Parallel Aware": true,
                      "Startup Cost": 94607.67,
                      "Total Cost": 94607.67,
                      "Plan Rows": 644432,
                      "Plan Width": 8,
                      "Actual Startup Time": 703.355,
                      "Actual Total Time": 703.896,
                      "Actual Rows": 283867,
                      "Actual Loops": 7,
                      "Hash Buckets": 2097152,
                      "Original Hash Buckets": 2097152,
                      "Hash Batches": 1,
                      "Original Hash Batches": 1,
                      "Peak Memory Usage": 94272,
                      "Plans": [
                        {
                          "Node Type": "Hash Join",
                          "Parent Relationship": "Outer",
                          "Parallel Aware": true,
                          "Join Type": "Inner",
                          "Startup Cost": 50220.38,
                          "Total Cost": 94607.67,
                          "Plan Rows": 644432,
                          "Plan Width": 8,
                          "Actual Startup Time": 384.029,
                          "Actual Total Time": 565.657,
                          "Actual Rows": 283867,
                          "Actual Loops": 7,
                          "Inner Unique": true,
                          "Hash Cond": "(mk.movie_id = t.id)",
                          "Plans": [
                            {
                              "Node Type": "Seq Scan",
                              "Parent Relationship": "Outer",
                              "Parallel Aware": true,
                              "Relation Name": "movie_keyword",
                              "Alias": "mk",
                              "Startup Cost": 0.0,
                              "Total Cost": 42695.65,
                              "Plan Rows": 644432,
                              "Plan Width": 4,
                              "Actual Startup Time": 0.501,
                              "Actual Total Time": 98.039,
                              "Actual Rows": 283867,
                              "Actual Loops": 7,
                              "Filter": "(keyword_id > 6340)",
                              "Rows Removed by Filter": 362409
                            },
                            {
                              "Node Type": "Hash",
                              "Parent Relationship": "Inner",
                              "Parallel Aware": true,
                              "Startup Cost": 42319.06,
                              "Total Cost": 42319.06,
                              "Plan Rows": 632106,
                              "Plan Width": 4,
                              "Actual Startup Time": 376.7,
                              "Actual Total Time": 376.703,
                              "Actual Rows": 361187,
                              "Actual Loops": 7,
                              "Hash Buckets": 4194304,
                              "Original Hash Buckets": 4194304,
                              "Hash Batches": 1,
                              "Original Hash Batches": 1,
                              "Peak Memory Usage": 131808,
                              "Plans": [
                                {
                                  "Node Type": "Seq Scan",
                                  "Parent Relationship": "Outer",
                                  "Parallel Aware": true,
                                  "Relation Name": "title",
                                  "Alias": "t",
                                  "Startup Cost": 0.0,
                                  "Total Cost": 42319.06,
                                  "Plan Rows": 632106,
                                  "Plan Width": 4,
                                  "Actual Startup Time": 0.061,
                                  "Actual Total Time": 108.405,
                                  "Actual Rows": 361187,
                                  "Actual Loops": 7
                                }
                              ]
                            }
                          ]
                        }
                      ]
                    }
                  ]
                }
              ]
            }
          ]
        }
      ]
    },
    "Planning Time": 1.071,
    "Triggers": [],
    "Execution Time": 3127.887
  }
]