[
    {
        "Bao": {
            "Bao prediction": 1358.361,
            "Bao recommended hint": "(no hint)"
        }
    },
    {
        "Plan": {
            "Node Type": "Aggregate",
            "Strategy": "Plain",
            "Partial Mode": "Finalize",
            "Parallel Aware": false,
            "Startup Cost": 245496.73,
            "Total Cost": 245496.74,
            "Plan Rows": 1,
            "Plan Width": 8,
            "Actual Startup Time": 794.536,
            "Actual Total Time": 809.479,
            "Actual Rows": 1,
            "Actual Loops": 1,
            "Output": [
                "count(*)"
            ],
            "Plans": [
                {
                    "Node Type": "Gather",
                    "Parent Relationship": "Outer",
                    "Parallel Aware": false,
                    "Startup Cost": 245496.51,
                    "Total Cost": 245496.72,
                    "Plan Rows": 2,
                    "Plan Width": 8,
                    "Actual Startup Time": 786.944,
                    "Actual Total Time": 809.467,
                    "Actual Rows": 3,
                    "Actual Loops": 1,
                    "Output": [
                        "(PARTIAL count(*))"
                    ],
                    "Workers Planned": 2,
                    "Workers Launched": 2,
                    "Single Copy": false,
                    "Plans": [
                        {
                            "Node Type": "Aggregate",
                            "Strategy": "Plain",
                            "Partial Mode": "Partial",
                            "Parent Relationship": "Outer",
                            "Parallel Aware": false,
                            "Startup Cost": 244496.51,
                            "Total Cost": 244496.52,
                            "Plan Rows": 1,
                            "Plan Width": 8,
                            "Actual Startup Time": 776.844,
                            "Actual Total Time": 777.062,
                            "Actual Rows": 1,
                            "Actual Loops": 3,
                            "Output": [
                                "PARTIAL count(*)"
                            ],
                            "Workers": [
                                {
                                    "Worker Number": 0,
                                    "Actual Startup Time": 773.387,
                                    "Actual Total Time": 773.393,
                                    "Actual Rows": 1,
                                    "Actual Loops": 1
                                },
                                {
                                    "Worker Number": 1,
                                    "Actual Startup Time": 770.903,
                                    "Actual Total Time": 770.908,
                                    "Actual Rows": 1,
                                    "Actual Loops": 1
                                }
                            ],
                            "Plans": [
                                {
                                    "Node Type": "Hash Join",
                                    "Parent Relationship": "Outer",
                                    "Parallel Aware": true,
                                    "Join Type": "Inner",
                                    "Startup Cost": 228458.21,
                                    "Total Cost": 244387.15,
                                    "Plan Rows": 43743,
                                    "Plan Width": 0,
                                    "Actual Startup Time": 614.93,
                                    "Actual Total Time": 745.848,
                                    "Actual Rows": 475028,
                                    "Actual Loops": 3,
                                    "Inner Unique": false,
                                    "Hash Cond": "(mi_idx.movie_id = t.id)",
                                    "Workers": [
                                        {
                                            "Worker Number": 0,
                                            "Actual Startup Time": 610.046,
                                            "Actual Total Time": 741.55,
                                            "Actual Rows": 478544,
                                            "Actual Loops": 1
                                        },
                                        {
                                            "Worker Number": 1,
                                            "Actual Startup Time": 610.123,
                                            "Actual Total Time": 740.414,
                                            "Actual Rows": 465687,
                                            "Actual Loops": 1
                                        }
                                    ],
                                    "Plans": [
                                        {
                                            "Node Type": "Seq Scan",
                                            "Parent Relationship": "Outer",
                                            "Parallel Aware": true,
                                            "Relation Name": "movie_info_idx",
                                            "Schema": "public",
                                            "Alias": "mi_idx",
                                            "Startup Cost": 0.0,
                                            "Total Cost": 13685.15,
                                            "Plan Rows": 575015,
                                            "Plan Width": 4,
                                            "Actual Startup Time": 0.024,
                                            "Actual Total Time": 50.824,
                                            "Actual Rows": 460012,
                                            "Actual Loops": 3,
                                            "Output": [
                                                "mi_idx.id",
                                                "mi_idx.movie_id",
                                                "mi_idx.info_type_id",
                                                "mi_idx.info",
                                                "mi_idx.note"
                                            ],
                                            "Workers": [
                                                {
                                                    "Worker Number": 0,
                                                    "Actual Startup Time": 0.027,
                                                    "Actual Total Time": 51.899,
                                                    "Actual Rows": 454671,
                                                    "Actual Loops": 1
                                                },
                                                {
                                                    "Worker Number": 1,
                                                    "Actual Startup Time": 0.032,
                                                    "Actual Total Time": 52.711,
                                                    "Actual Rows": 457065,
                                                    "Actual Loops": 1
                                                }
                                            ]
                                        },
                                        {
                                            "Node Type": "Hash",
                                            "Parent Relationship": "Inner",
                                            "Parallel Aware": true,
                                            "Startup Cost": 227977.36,
                                            "Total Cost": 227977.36,
                                            "Plan Rows": 38468,
                                            "Plan Width": 8,
                                            "Actual Startup Time": 566.151,
                                            "Actual Total Time": 566.368,
                                            "Actual Rows": 189444,
                                            "Actual Loops": 3,
                                            "Output": [
                                                "t.id",
                                                "mi.movie_id"
                                            ],
                                            "Hash Buckets": 1048576,
                                            "Original Hash Buckets": 262144,
                                            "Hash Batches": 1,
                                            "Original Hash Batches": 1,
                                            "Peak Memory Usage": 36576,
                                            "Workers": [
                                                {
                                                    "Worker Number": 0,
                                                    "Actual Startup Time": 563.177,
                                                    "Actual Total Time": 563.181,
                                                    "Actual Rows": 200304,
                                                    "Actual Loops": 1
                                                },
                                                {
                                                    "Worker Number": 1,
                                                    "Actual Startup Time": 563.343,
                                                    "Actual Total Time": 563.346,
                                                    "Actual Rows": 182342,
                                                    "Actual Loops": 1
                                                }
                                            ],
                                            "Plans": [
                                                {
                                                    "Node Type": "Hash Join",
                                                    "Parent Relationship": "Outer",
                                                    "Parallel Aware": true,
                                                    "Join Type": "Inner",
                                                    "Startup Cost": 63297.76,
                                                    "Total Cost": 227977.36,
                                                    "Plan Rows": 38468,
                                                    "Plan Width": 8,
                                                    "Actual Startup Time": 293.113,
                                                    "Actual Total Time": 480.343,
                                                    "Actual Rows": 189444,
                                                    "Actual Loops": 3,
                                                    "Output": [
                                                        "t.id",
                                                        "mi.movie_id"
                                                    ],
                                                    "Inner Unique": true,
                                                    "Hash Cond": "(mi.movie_id = t.id)",
                                                    "Workers": [
                                                        {
                                                            "Worker Number": 0,
                                                            "Actual Startup Time": 289.969,
                                                            "Actual Total Time": 477.952,
                                                            "Actual Rows": 200304,
                                                            "Actual Loops": 1
                                                        },
                                                        {
                                                            "Worker Number": 1,
                                                            "Actual Startup Time": 290.397,
                                                            "Actual Total Time": 477.94,
                                                            "Actual Rows": 182342,
                                                            "Actual Loops": 1
                                                        }
                                                    ],
                                                    "Plans": [
                                                        {
                                                            "Node Type": "Bitmap Heap Scan",
                                                            "Parent Relationship": "Outer",
                                                            "Parallel Aware": true,
                                                            "Relation Name": "movie_info",
                                                            "Schema": "public",
                                                            "Alias": "mi",
                                                            "Startup Cost": 16107.47,
                                                            "Total Cost": 180320.81,
                                                            "Plan Rows": 177627,
                                                            "Plan Width": 4,
                                                            "Actual Startup Time": 67.266,
                                                            "Actual Total Time": 149.919,
                                                            "Actual Rows": 300113,
                                                            "Actual Loops": 3,
                                                            "Output": [
                                                                "mi.id",
                                                                "mi.movie_id",
                                                                "mi.info_type_id",
                                                                "mi.info",
                                                                "mi.note"
                                                            ],
                                                            "Recheck Cond": "(mi.info_type_id > 94)",
                                                            "Rows Removed by Index Recheck": 0,
                                                            "Exact Heap Blocks": 11510,
                                                            "Lossy Heap Blocks": 0,
                                                            "Workers": [
                                                                {
                                                                    "Worker Number": 0,
                                                                    "Actual Startup Time": 67.08,
                                                                    "Actual Total Time": 151.627,
                                                                    "Actual Rows": 309396,
                                                                    "Actual Loops": 1
                                                                },
                                                                {
                                                                    "Worker Number": 1,
                                                                    "Actual Startup Time": 67.395,
                                                                    "Actual Total Time": 152.236,
                                                                    "Actual Rows": 290292,
                                                                    "Actual Loops": 1
                                                                }
                                                            ],
                                                            "Plans": [
                                                                {
                                                                    "Node Type": "Bitmap Index Scan",
                                                                    "Parent Relationship": "Outer",
                                                                    "Parallel Aware": false,
                                                                    "Index Name": "info_type_id_movie_info",
                                                                    "Startup Cost": 0.0,
                                                                    "Total Cost": 15885.44,
                                                                    "Plan Rows": 888134,
                                                                    "Plan Width": 0,
                                                                    "Actual Startup Time": 58.707,
                                                                    "Actual Total Time": 58.707,
                                                                    "Actual Rows": 900340,
                                                                    "Actual Loops": 1,
                                                                    "Index Cond": "(mi.info_type_id > 94)",
                                                                    "Workers": [
                                                                        {
                                                                            "Worker Number": 0,
                                                                            "Actual Startup Time": 58.707,
                                                                            "Actual Total Time": 58.707,
                                                                            "Actual Rows": 900340,
                                                                            "Actual Loops": 1
                                                                        }
                                                                    ]
                                                                }
                                                            ]
                                                        },
                                                        {
                                                            "Node Type": "Hash",
                                                            "Parent Relationship": "Inner",
                                                            "Parallel Aware": true,
                                                            "Startup Cost": 45479.21,
                                                            "Total Cost": 45479.21,
                                                            "Plan Rows": 136886,
                                                            "Plan Width": 4,
                                                            "Actual Startup Time": 220.396,
                                                            "Actual Total Time": 220.397,
                                                            "Actual Rows": 185773,
                                                            "Actual Loops": 3,
                                                            "Output": [
                                                                "t.id"
                                                            ],
                                                            "Hash Buckets": 1048576,
                                                            "Original Hash Buckets": 1048576,
                                                            "Hash Batches": 1,
                                                            "Original Hash Batches": 1,
                                                            "Peak Memory Usage": 30016,
                                                            "Workers": [
                                                                {
                                                                    "Worker Number": 0,
                                                                    "Actual Startup Time": 222.841,
                                                                    "Actual Total Time": 222.842,
                                                                    "Actual Rows": 183959,
                                                                    "Actual Loops": 1
                                                                },
                                                                {
                                                                    "Worker Number": 1,
                                                                    "Actual Startup Time": 222.88,
                                                                    "Actual Total Time": 222.881,
                                                                    "Actual Rows": 182791,
                                                                    "Actual Loops": 1
                                                                }
                                                            ],
                                                            "Plans": [
                                                                {
                                                                    "Node Type": "Seq Scan",
                                                                    "Parent Relationship": "Outer",
                                                                    "Parallel Aware": true,
                                                                    "Relation Name": "title",
                                                                    "Schema": "public",
                                                                    "Alias": "t",
                                                                    "Startup Cost": 0.0,
                                                                    "Total Cost": 45479.21,
                                                                    "Plan Rows": 136886,
                                                                    "Plan Width": 4,
                                                                    "Actual Startup Time": 77.475,
                                                                    "Actual Total Time": 146.971,
                                                                    "Actual Rows": 185773,
                                                                    "Actual Loops": 3,
                                                                    "Output": [
                                                                        "t.id"
                                                                    ],
                                                                    "Filter": "((t.production_year < 2011) AND (t.kind_id = 1))",
                                                                    "Rows Removed by Filter": 656998,
                                                                    "Workers": [
                                                                        {
                                                                            "Worker Number": 0,
                                                                            "Actual Startup Time": 77.477,
                                                                            "Actual Total Time": 148.572,
                                                                            "Actual Rows": 183959,
                                                                            "Actual Loops": 1
                                                                        },
                                                                        {
                                                                            "Worker Number": 1,
                                                                            "Actual Startup Time": 77.419,
                                                                            "Actual Total Time": 148.251,
                                                                            "Actual Rows": 182791,
                                                                            "Actual Loops": 1
                                                                        }
                                                                    ]
                                                                }
                                                            ]
                                                        }
                                                    ]
                                                }
                                            ]
                                        }
                                    ]
                                }
                            ]
                        }
                    ]
                }
            ]
        },
        "Planning Time": 2698.291,
        "Triggers": [],
        "Execution Time": 809.617
    }
]