{
  "Plan": {
    "Node Type": "Aggregate",
    "Strategy": "Plain",
    "Partial Mode": "Finalize",
    "Parallel Aware": false,
    "Startup Cost": 442595.71,
    "Total Cost": 442595.72,
    "Plan Rows": 1,
    "Plan Width": 8,
    "Actual Startup Time": 5867.03,
    "Actual Total Time": 5913.042,
    "Actual Rows": 1,
    "Actual Loops": 1,
    "Plans": [
      {
        "Node Type": "Gather",
        "Parent Relationship": "Outer",
        "Parallel Aware": false,
        "Startup Cost": 442595.6,
        "Total Cost": 442595.71,
        "Plan Rows": 1,
        "Plan Width": 8,
        "Actual Startup Time": 5860.107,
        "Actual Total Time": 5913.033,
        "Actual Rows": 2,
        "Actual Loops": 1,
        "Workers Planned": 1,
        "Workers Launched": 1,
        "Single Copy": false,
        "Plans": [
          {
            "Node Type": "Aggregate",
            "Strategy": "Plain",
            "Partial Mode": "Partial",
            "Parent Relationship": "Outer",
            "Parallel Aware": false,
            "Startup Cost": 441595.6,
            "Total Cost": 441595.61,
            "Plan Rows": 1,
            "Plan Width": 8,
            "Actual Startup Time": 5854.564,
            "Actual Total Time": 5854.57,
            "Actual Rows": 1,
            "Actual Loops": 2,
            "Plans": [
              {
                "Node Type": "Hash Join",
                "Parent Relationship": "Outer",
                "Parallel Aware": true,
                "Join Type": "Inner",
                "Startup Cost": 107444.34,
                "Total Cost": 439204.84,
                "Plan Rows": 956301,
                "Plan Width": 0,
                "Actual Startup Time": 739.817,
                "Actual Total Time": 5640.394,
                "Actual Rows": 4982652,
                "Actual Loops": 2,
                "Inner Unique": false,
                "Hash Cond": "(t.id = mc.movie_id)",
                "Plans": [
                  {
                    "Node Type": "Hash Join",
                    "Parent Relationship": "Outer",
                    "Parallel Aware": true,
                    "Join Type": "Inner",
                    "Startup Cost": 69460.7,
                    "Total Cost": 341244.19,
                    "Plan Rows": 8696274,
                    "Plan Width": 8,
                    "Actual Startup Time": 571.867,
                    "Actual Total Time": 3817.14,
                    "Actual Rows": 7417860,
                    "Actual Loops": 2,
                    "Inner Unique": true,
                    "Hash Cond": "(mi.movie_id = t.id)",
                    "Plans": [
                      {
                        "Node Type": "Seq Scan",
                        "Parent Relationship": "Outer",
                        "Parallel Aware": true,
                        "Relation Name": "movie_info",
                        "Alias": "mi",
                        "Startup Cost": 0.0,
                        "Total Cost": 248955.74,
                        "Plan Rows": 8696274,
                        "Plan Width": 4,
                        "Actual Startup Time": 0.011,
                        "Actual Total Time": 646.905,
                        "Actual Rows": 7417860,
                        "Actual Loops": 2
                      },
                      {
                        "Node Type": "Hash",
                        "Parent Relationship": "Inner",
                        "Parallel Aware": true,
                        "Startup Cost": 50870.31,
                        "Total Cost": 50870.31,
                        "Plan Rows": 1487231,
                        "Plan Width": 4,
                        "Actual Startup Time": 559.63,
                        "Actual Total Time": 559.631,
                        "Actual Rows": 1264156,
                        "Actual Loops": 2,
                        "Hash Buckets": 4194304,
                        "Original Hash Buckets": 4194304,
                        "Hash Batches": 1,
                        "Original Hash Batches": 1,
                        "Peak Memory Usage": 131712,
                        "Plans": [
                          {
                            "Node Type": "Seq Scan",
                            "Parent Relationship": "Outer",
                            "Parallel Aware": true,
                            "Relation Name": "title",
                            "Alias": "t",
                            "Startup Cost": 0.0,
                            "Total Cost": 50870.31,
                            "Plan Rows": 1487231,
                            "Plan Width": 4,
                            "Actual Startup Time": 0.02,
                            "Actual Total Time": 155.765,
                            "Actual Rows": 1264156,
                            "Actual Loops": 2
                          }
                        ]
                      }
                    ]
                  },
                  {
                    "Node Type": "Hash",
                    "Parent Relationship": "Inner",
                    "Parallel Aware": true,
                    "Startup Cost": 35939.32,
                    "Total Cost": 35939.32,
                    "Plan Rows": 163546,
                    "Plan Width": 4,
                    "Actual Startup Time": 161.425,
                    "Actual Total Time": 161.426,
                    "Actual Rows": 206032,
                    "Actual Loops": 2,
                    "Hash Buckets": 524288,
                    "Original Hash Buckets": 524288,
                    "Hash Batches": 1,
                    "Original Hash Batches": 1,
                    "Peak Memory Usage": 20256,
                    "Plans": [
                      {
                        "Node Type": "Bitmap Heap Scan",
                        "Parent Relationship": "Outer",
                        "Parallel Aware": true,
                        "Relation Name": "movie_companies",
                        "Alias": "mc",
                        "Startup Cost": 12165.87,
                        "Total Cost": 35939.32,
                        "Plan Rows": 163546,
                        "Plan Width": 4,
                        "Actual Startup Time": 36.897,
                        "Actual Total Time": 110.269,
                        "Actual Rows": 206032,
                        "Actual Loops": 2,
                        "Recheck Cond": "(company_id < 588)",
                        "Rows Removed by Index Recheck": 0,
                        "Filter": "(company_type_id = 1)",
                        "Rows Removed by Filter": 72258,
                        "Exact Heap Blocks": 11489,
                        "Lossy Heap Blocks": 0,
                        "Plans": [
                          {
                            "Node Type": "Bitmap Index Scan",
                            "Parent Relationship": "Outer",
                            "Parallel Aware": false,
                            "Index Name": "company_id_movie_companies",
                            "Startup Cost": 0.0,
                            "Total Cost": 12096.36,
                            "Plan Rows": 564791,
                            "Plan Width": 0,
                            "Actual Startup Time": 34.485,
                            "Actual Total Time": 34.485,
                            "Actual Rows": 556582,
                            "Actual Loops": 1,
                            "Index Cond": "(company_id < 588)"
                          }
                        ]
                      }
                    ]
                  }
                ]
              }
            ]
          }
        ]
      }
    ]
  },
  "Planning Time": 1.098,
  "Triggers": [],
  "Execution Time": 5913.145
}