{
  "Plan": {
    "Node Type": "Aggregate",
    "Strategy": "Plain",
    "Partial Mode": "Finalize",
    "Parallel Aware": false,
    "Startup Cost": 86028.82,
    "Total Cost": 86028.83,
    "Plan Rows": 1,
    "Plan Width": 8,
    "Actual Startup Time": 212.186,
    "Actual Total Time": 227.919,
    "Actual Rows": 1,
    "Actual Loops": 1,
    "Plans": [
      {
        "Node Type": "Gather",
        "Parent Relationship": "Outer",
        "Parallel Aware": false,
        "Startup Cost": 86028.71,
        "Total Cost": 86028.82,
        "Plan Rows": 1,
        "Plan Width": 8,
        "Actual Startup Time": 211.609,
        "Actual Total Time": 227.911,
        "Actual Rows": 2,
        "Actual Loops": 1,
        "Workers Planned": 1,
        "Workers Launched": 1,
        "Single Copy": false,
        "Plans": [
          {
            "Node Type": "Aggregate",
            "Strategy": "Plain",
            "Partial Mode": "Partial",
            "Parent Relationship": "Outer",
            "Parallel Aware": false,
            "Startup Cost": 85028.71,
            "Total Cost": 85028.72,
            "Plan Rows": 1,
            "Plan Width": 8,
            "Actual Startup Time": 205.578,
            "Actual Total Time": 205.582,
            "Actual Rows": 1,
            "Actual Loops": 2,
            "Plans": [
              {
                "Node Type": "Nested Loop",
                "Parent Relationship": "Outer",
                "Parallel Aware": false,
                "Join Type": "Inner",
                "Startup Cost": 23166.59,
                "Total Cost": 85018.09,
                "Plan Rows": 4247,
                "Plan Width": 0,
                "Actual Startup Time": 65.57,
                "Actual Total Time": 205.445,
                "Actual Rows": 2280,
                "Actual Loops": 2,
                "Inner Unique": false,
                "Plans": [
                  {
                    "Node Type": "Hash Join",
                    "Parent Relationship": "Outer",
                    "Parallel Aware": true,
                    "Join Type": "Inner",
                    "Startup Cost": 23166.16,
                    "Total Cost": 78360.3,
                    "Plan Rows": 2374,
                    "Plan Width": 8,
                    "Actual Startup Time": 65.406,
                    "Actual Total Time": 199.253,
                    "Actual Rows": 1156,
                    "Actual Loops": 2,
                    "Inner Unique": false,
                    "Hash Cond": "(t.id = mc.movie_id)",
                    "Plans": [
                      {
                        "Node Type": "Seq Scan",
                        "Parent Relationship": "Outer",
                        "Parallel Aware": true,
                        "Relation Name": "title",
                        "Alias": "t",
                        "Startup Cost": 0.0,
                        "Total Cost": 54588.39,
                        "Plan Rows": 94687,
                        "Plan Width": 4,
                        "Actual Startup Time": 0.011,
                        "Actual Total Time": 116.599,
                        "Actual Rows": 82154,
                        "Actual Loops": 2,
                        "Filter": "(production_year = 2012)",
                        "Rows Removed by Filter": 1182002
                      },
                      {
                        "Node Type": "Hash",
                        "Parent Relationship": "Inner",
                        "Parallel Aware": true,
                        "Startup Cost": 22700.09,
                        "Total Cost": 22700.09,
                        "Plan Rows": 37285,
                        "Plan Width": 4,
                        "Actual Startup Time": 63.917,
                        "Actual Total Time": 63.919,
                        "Actual Rows": 54592,
                        "Actual Loops": 2,
                        "Hash Buckets": 131072,
                        "Original Hash Buckets": 65536,
                        "Hash Batches": 1,
                        "Original Hash Batches": 1,
                        "Peak Memory Usage": 5824,
                        "Plans": [
                          {
                            "Node Type": "Bitmap Heap Scan",
                            "Parent Relationship": "Outer",
                            "Parallel Aware": true,
                            "Relation Name": "movie_companies",
                            "Alias": "mc",
                            "Startup Cost": 2773.98,
                            "Total Cost": 22700.09,
                            "Plan Rows": 37285,
                            "Plan Width": 4,
                            "Actual Startup Time": 15.78,
                            "Actual Total Time": 47.582,
                            "Actual Rows": 54592,
                            "Actual Loops": 2,
                            "Recheck Cond": "(company_id < 21)",
                            "Rows Removed by Index Recheck": 0,
                            "Filter": "(company_type_id < 2)",
                            "Rows Removed by Filter": 11484,
                            "Exact Heap Blocks": 7989,
                            "Lossy Heap Blocks": 0,
                            "Plans": [
                              {
                                "Node Type": "Bitmap Index Scan",
                                "Parent Relationship": "Outer",
                                "Parallel Aware": false,
                                "Index Name": "company_id_movie_companies",
                                "Startup Cost": 0.0,
                                "Total Cost": 2758.13,
                                "Plan Rows": 128760,
                                "Plan Width": 0,
                                "Actual Startup Time": 16.782,
                                "Actual Total Time": 16.783,
                                "Actual Rows": 132152,
                                "Actual Loops": 1,
                                "Index Cond": "(company_id < 21)"
                              }
                            ]
                          }
                        ]
                      }
                    ]
                  },
                  {
                    "Node Type": "Index Only Scan",
                    "Parent Relationship": "Inner",
                    "Parallel Aware": false,
                    "Scan Direction": "Forward",
                    "Index Name": "movie_id_movie_keyword",
                    "Relation Name": "movie_keyword",
                    "Alias": "mk",
                    "Startup Cost": 0.43,
                    "Total Cost": 2.35,
                    "Plan Rows": 45,
                    "Plan Width": 4,
                    "Actual Startup Time": 0.005,
                    "Actual Total Time": 0.005,
                    "Actual Rows": 2,
                    "Actual Loops": 2312,
                    "Index Cond": "(movie_id = t.id)",
                    "Rows Removed by Index Recheck": 0,
                    "Heap Fetches": 4559
                  }
                ]
              }
            ]
          }
        ]
      }
    ]
  },
  "Planning Time": 1.074,
  "Triggers": [],
  "Execution Time": 228.025
}