{
  "Plan": {
    "Node Type": "Aggregate",
    "Strategy": "Plain",
    "Partial Mode": "Finalize",
    "Parallel Aware": false,
    "Startup Cost": 4319623.03,
    "Total Cost": 4319623.04,
    "Plan Rows": 1,
    "Plan Width": 8,
    "Actual Startup Time": 32866.169,
    "Actual Total Time": 33021.396,
    "Actual Rows": 1,
    "Actual Loops": 1,
    "Plans": [
      {
        "Node Type": "Gather",
        "Parent Relationship": "Outer",
        "Parallel Aware": false,
        "Startup Cost": 4319622.91,
        "Total Cost": 4319623.02,
        "Plan Rows": 1,
        "Plan Width": 8,
        "Actual Startup Time": 32865.896,
        "Actual Total Time": 33021.388,
        "Actual Rows": 2,
        "Actual Loops": 1,
        "Workers Planned": 1,
        "Workers Launched": 1,
        "Single Copy": false,
        "Plans": [
          {
            "Node Type": "Aggregate",
            "Strategy": "Plain",
            "Partial Mode": "Partial",
            "Parent Relationship": "Outer",
            "Parallel Aware": false,
            "Startup Cost": 4318622.91,
            "Total Cost": 4318622.92,
            "Plan Rows": 1,
            "Plan Width": 8,
            "Actual Startup Time": 32859.664,
            "Actual Total Time": 32859.666,
            "Actual Rows": 1,
            "Actual Loops": 2,
            "Plans": [
              {
                "Node Type": "Merge Join",
                "Parent Relationship": "Outer",
                "Parallel Aware": false,
                "Join Type": "Inner",
                "Startup Cost": 90.05,
                "Total Cost": 4179386.45,
                "Plan Rows": 55694584,
                "Plan Width": 0,
                "Actual Startup Time": 5.013,
                "Actual Total Time": 30890.183,
                "Actual Rows": 46055349,
                "Actual Loops": 2,
                "Inner Unique": false,
                "Merge Cond": "(t.id = mi.movie_id)",
                "Plans": [
                  {
                    "Node Type": "Merge Join",
                    "Parent Relationship": "Outer",
                    "Parallel Aware": false,
                    "Join Type": "Inner",
                    "Startup Cost": 43.92,
                    "Total Cost": 2242766.34,
                    "Plan Rows": 9524852,
                    "Plan Width": 8,
                    "Actual Startup Time": 3.581,
                    "Actual Total Time": 17165.494,
                    "Actual Rows": 7674584,
                    "Actual Loops": 2,
                    "Inner Unique": true,
                    "Merge Cond": "(ci.movie_id = t.id)",
                    "Plans": [
                      {
                        "Node Type": "Index Scan",
                        "Parent Relationship": "Outer",
                        "Parallel Aware": true,
                        "Scan Direction": "Forward",
                        "Index Name": "movie_id_cast_info",
                        "Relation Name": "cast_info",
                        "Alias": "ci",
                        "Startup Cost": 0.56,
                        "Total Cost": 1978621.64,
                        "Plan Rows": 16995690,
                        "Plan Width": 4,
                        "Actual Startup Time": 0.287,
                        "Actual Total Time": 14114.092,
                        "Actual Rows": 14356514,
                        "Actual Loops": 2,
                        "Filter": "(person_id > 730208)",
                        "Rows Removed by Filter": 3765658
                      },
                      {
                        "Node Type": "Index Scan",
                        "Parent Relationship": "Inner",
                        "Parallel Aware": false,
                        "Scan Direction": "Forward",
                        "Index Name": "title_pkey",
                        "Relation Name": "title",
                        "Alias": "t",
                        "Startup Cost": 0.43,
                        "Total Cost": 122981.43,
                        "Plan Rows": 1416925,
                        "Plan Width": 4,
                        "Actual Startup Time": 0.103,
                        "Actual Total Time": 1613.072,
                        "Actual Rows": 1398527,
                        "Actual Loops": 2,
                        "Filter": "((kind_id > 1) AND (production_year < 2010))",
                        "Rows Removed by Filter": 1127678
                      }
                    ]
                  },
                  {
                    "Node Type": "Materialize",
                    "Parent Relationship": "Inner",
                    "Parallel Aware": false,
                    "Startup Cost": 0.43,
                    "Total Cost": 1116056.49,
                    "Plan Rows": 14783665,
                    "Plan Width": 4,
                    "Actual Startup Time": 0.149,
                    "Actual Total Time": 8028.419,
                    "Actual Rows": 58311087,
                    "Actual Loops": 2,
                    "Plans": [
                      {
                        "Node Type": "Index Only Scan",
                        "Parent Relationship": "Outer",
                        "Parallel Aware": false,
                        "Scan Direction": "Forward",
                        "Index Name": "movie_id_movie_info",
                        "Relation Name": "movie_info",
                        "Alias": "mi",
                        "Startup Cost": 0.43,
                        "Total Cost": 1079097.33,
                        "Plan Rows": 14783665,
                        "Plan Width": 4,
                        "Actual Startup Time": 0.139,
                        "Actual Total Time": 4498.241,
                        "Actual Rows": 14834820,
                        "Actual Loops": 2,
                        "Heap Fetches": 29669641
                      }
                    ]
                  }
                ]
              }
            ]
          }
        ]
      }
    ]
  },
  "Planning Time": 1.119,
  "Triggers": [],
  "Execution Time": 33021.556
}