{
  "Plan": {
    "Node Type": "Aggregate",
    "Strategy": "Plain",
    "Partial Mode": "Finalize",
    "Parallel Aware": false,
    "Startup Cost": 1372468.49,
    "Total Cost": 1372468.5,
    "Plan Rows": 1,
    "Plan Width": 8,
    "Actual Startup Time": 5126.215,
    "Actual Total Time": 5190.515,
    "Actual Rows": 1,
    "Actual Loops": 1,
    "Plans": [
      {
        "Node Type": "Gather",
        "Parent Relationship": "Outer",
        "Parallel Aware": false,
        "Startup Cost": 1372468.38,
        "Total Cost": 1372468.49,
        "Plan Rows": 1,
        "Plan Width": 8,
        "Actual Startup Time": 5099.439,
        "Actual Total Time": 5190.505,
        "Actual Rows": 2,
        "Actual Loops": 1,
        "Workers Planned": 1,
        "Workers Launched": 1,
        "Single Copy": false,
        "Plans": [
          {
            "Node Type": "Aggregate",
            "Strategy": "Plain",
            "Partial Mode": "Partial",
            "Parent Relationship": "Outer",
            "Parallel Aware": false,
            "Startup Cost": 1371468.38,
            "Total Cost": 1371468.39,
            "Plan Rows": 1,
            "Plan Width": 8,
            "Actual Startup Time": 5095.865,
            "Actual Total Time": 5095.873,
            "Actual Rows": 1,
            "Actual Loops": 2,
            "Plans": [
              {
                "Node Type": "Merge Join",
                "Parent Relationship": "Outer",
                "Parallel Aware": false,
                "Join Type": "Inner",
                "Startup Cost": 1312441.72,
                "Total Cost": 1365111.86,
                "Plan Rows": 2542606,
                "Plan Width": 0,
                "Actual Startup Time": 3672.742,
                "Actual Total Time": 4934.142,
                "Actual Rows": 4054000,
                "Actual Loops": 2,
                "Inner Unique": false,
                "Merge Cond": "(t.id = ci.movie_id)",
                "Plans": [
                  {
                    "Node Type": "Sort",
                    "Parent Relationship": "Outer",
                    "Parallel Aware": false,
                    "Startup Cost": 524433.52,
                    "Total Cost": 528748.5,
                    "Plan Rows": 1725992,
                    "Plan Width": 8,
                    "Actual Startup Time": 2153.186,
                    "Actual Total Time": 2229.147,
                    "Actual Rows": 1121035,
                    "Actual Loops": 2,
                    "Sort Key": [
                      "mi.movie_id"
                    ],
                    "Sort Method": "quicksort",
                    "Sort Space Used": 103116,
                    "Sort Space Type": "Memory",
                    "Workers": [
                      {
                        "Worker Number": 0,
                        "Sort Method": "quicksort",
                        "Sort Space Used": 100291,
                        "Sort Space Type": "Memory"
                      }
                    ],
                    "Plans": [
                      {
                        "Node Type": "Hash Join",
                        "Parent Relationship": "Outer",
                        "Parallel Aware": true,
                        "Join Type": "Inner",
                        "Startup Cost": 60373.46,
                        "Total Cost": 345629.43,
                        "Plan Rows": 1725992,
                        "Plan Width": 8,
                        "Actual Startup Time": 295.57,
                        "Actual Total Time": 1897.402,
                        "Actual Rows": 1121094,
                        "Actual Loops": 2,
                        "Inner Unique": true,
                        "Hash Cond": "(mi.movie_id = t.id)",
                        "Plans": [
                          {
                            "Node Type": "Seq Scan",
                            "Parent Relationship": "Outer",
                            "Parallel Aware": true,
                            "Relation Name": "movie_info",
                            "Alias": "mi",
                            "Startup Cost": 0.0,
                            "Total Cost": 270696.42,
                            "Plan Rows": 5546484,
                            "Plan Width": 4,
                            "Actual Startup Time": 33.587,
                            "Actual Total Time": 731.043,
                            "Actual Rows": 4712600,
                            "Actual Loops": 2,
                            "Filter": "(info_type_id > 5)",
                            "Rows Removed by Filter": 2705260
                          },
                          {
                            "Node Type": "Hash",
                            "Parent Relationship": "Inner",
                            "Parallel Aware": true,
                            "Startup Cost": 54588.39,
                            "Total Cost": 54588.39,
                            "Plan Rows": 462806,
                            "Plan Width": 4,
                            "Actual Startup Time": 252.975,
                            "Actual Total Time": 252.977,
                            "Actual Rows": 392463,
                            "Actual Loops": 2,
                            "Hash Buckets": 1048576,
                            "Original Hash Buckets": 1048576,
                            "Hash Batches": 1,
                            "Original Hash Batches": 1,
                            "Peak Memory Usage": 38944,
                            "Plans": [
                              {
                                "Node Type": "Seq Scan",
                                "Parent Relationship": "Outer",
                                "Parallel Aware": true,
                                "Relation Name": "title",
                                "Alias": "t",
                                "Startup Cost": 0.0,
                                "Total Cost": 54588.39,
                                "Plan Rows": 462806,
                                "Plan Width": 4,
                                "Actual Startup Time": 0.023,
                                "Actual Total Time": 150.353,
                                "Actual Rows": 392463,
                                "Actual Loops": 2,
                                "Filter": "(production_year > 2007)",
                                "Rows Removed by Filter": 871693
                              }
                            ]
                          }
                        ]
                      }
                    ]
                  },
                  {
                    "Node Type": "Sort",
                    "Parent Relationship": "Inner",
                    "Parallel Aware": false,
                    "Startup Cost": 788007.81,
                    "Total Cost": 797319.05,
                    "Plan Rows": 3724498,
                    "Plan Width": 4,
                    "Actual Startup Time": 1519.533,
                    "Actual Total Time": 2053.337,
                    "Actual Rows": 7083272,
                    "Actual Loops": 2,
                    "Sort Key": [
                      "ci.movie_id"
                    ],
                    "Sort Method": "quicksort",
                    "Sort Space Used": 279135,
                    "Sort Space Type": "Memory",
                    "Workers": [
                      {
                        "Worker Number": 0,
                        "Sort Method": "quicksort",
                        "Sort Space Used": 279135,
                        "Sort Space Type": "Memory"
                      }
                    ],
                    "Plans": [
                      {
                        "Node Type": "Bitmap Heap Scan",
                        "Parent Relationship": "Outer",
                        "Parallel Aware": false,
                        "Relation Name": "cast_info",
                        "Alias": "ci",
                        "Startup Cost": 82261.42,
                        "Total Cost": 381504.65,
                        "Plan Rows": 3724498,
                        "Plan Width": 4,
                        "Actual Startup Time": 124.103,
                        "Actual Total Time": 556.255,
                        "Actual Rows": 3857716,
                        "Actual Loops": 2,
                        "Recheck Cond": "(person_id < 369689)",
                        "Rows Removed by Index Recheck": 0,
                        "Exact Heap Blocks": 40165,
                        "Lossy Heap Blocks": 0,
                        "Plans": [
                          {
                            "Node Type": "Bitmap Index Scan",
                            "Parent Relationship": "Outer",
                            "Parallel Aware": false,
                            "Index Name": "person_id_cast_info",
                            "Startup Cost": 0.0,
                            "Total Cost": 81330.3,
                            "Plan Rows": 3724498,
                            "Plan Width": 0,
                            "Actual Startup Time": 118.686,
                            "Actual Total Time": 118.686,
                            "Actual Rows": 3857716,
                            "Actual Loops": 2,
                            "Index Cond": "(person_id < 369689)"
                          }
                        ]
                      }
                    ]
                  }
                ]
              }
            ]
          }
        ]
      }
    ]
  },
  "Planning Time": 0.877,
  "Triggers": [],
  "Execution Time": 5222.429
}