[
  {
    "Plan": {
      "Node Type": "Aggregate",
      "Strategy": "Plain",
      "Partial Mode": "Finalize",
      "Parallel Aware": false,
      "Startup Cost": 190952.29,
      "Total Cost": 190952.3,
      "Plan Rows": 1,
      "Plan Width": 8,
      "Actual Startup Time": 121.535,
      "Actual Total Time": 126.096,
      "Actual Rows": 1,
      "Actual Loops": 1,
      "Plans": [
        {
          "Node Type": "Gather",
          "Parent Relationship": "Outer",
          "Parallel Aware": false,
          "Startup Cost": 190951.77,
          "Total Cost": 190952.28,
          "Plan Rows": 5,
          "Plan Width": 8,
          "Actual Startup Time": 121.284,
          "Actual Total Time": 126.089,
          "Actual Rows": 6,
          "Actual Loops": 1,
          "Workers Planned": 5,
          "Workers Launched": 5,
          "Single Copy": false,
          "Plans": [
            {
              "Node Type": "Aggregate",
              "Strategy": "Plain",
              "Partial Mode": "Partial",
              "Parent Relationship": "Outer",
              "Parallel Aware": false,
              "Startup Cost": 189951.77,
              "Total Cost": 189951.78,
              "Plan Rows": 1,
              "Plan Width": 8,
              "Actual Startup Time": 112.381,
              "Actual Total Time": 112.382,
              "Actual Rows": 1,
              "Actual Loops": 6,
              "Plans": [
                {
                  "Node Type": "Bitmap Heap Scan",
                  "Parent Relationship": "Outer",
                  "Parallel Aware": true,
                  "Relation Name": "movie_info",
                  "Alias": "mi",
                  "Startup Cost": 23986.4,
                  "Total Cost": 189289.71,
                  "Plan Rows": 264825,
                  "Plan Width": 0,
                  "Actual Startup Time": 55.147,
                  "Actual Total Time": 98.977,
                  "Actual Rows": 220894,
                  "Actual Loops": 6,
                  "Recheck Cond": "(info_type_id = 8)",
                  "Rows Removed by Index Recheck": 0,
                  "Exact Heap Blocks": 2494,
                  "Lossy Heap Blocks": 0,
                  "Plans": [
                    {
                      "Node Type": "Bitmap Index Scan",
                      "Parent Relationship": "Outer",
                      "Parallel Aware": false,
                      "Index Name": "info_type_id_movie_info",
                      "Startup Cost": 0.0,
                      "Total Cost": 23655.37,
                      "Plan Rows": 1324124,
                      "Plan Width": 0,
                      "Actual Startup Time": 61.855,
                      "Actual Total Time": 61.856,
                      "Actual Rows": 1325361,
                      "Actual Loops": 1,
                      "Index Cond": "(info_type_id = 8)"
                    }
                  ]
                }
              ]
            }
          ]
        }
      ]
    },
    "Planning Time": 0.181,
    "Triggers": [],
    "Execution Time": 126.173
  }
]