[
  {
    "Plan": {
      "Node Type": "Aggregate",
      "Strategy": "Plain",
      "Partial Mode": "Finalize",
      "Parallel Aware": false,
      "Startup Cost": 45960.21,
      "Total Cost": 45960.22,
      "Plan Rows": 1,
      "Plan Width": 8,
      "Actual Startup Time": 175.365,
      "Actual Total Time": 186.468,
      "Actual Rows": 1,
      "Actual Loops": 1,
      "Plans": [
        {
          "Node Type": "Gather",
          "Parent Relationship": "Outer",
          "Parallel Aware": false,
          "Startup Cost": 45959.89,
          "Total Cost": 45960.2,
          "Plan Rows": 3,
          "Plan Width": 8,
          "Actual Startup Time": 175.256,
          "Actual Total Time": 186.461,
          "Actual Rows": 4,
          "Actual Loops": 1,
          "Workers Planned": 3,
          "Workers Launched": 3,
          "Single Copy": false,
          "Plans": [
            {
              "Node Type": "Aggregate",
              "Strategy": "Plain",
              "Partial Mode": "Partial",
              "Parent Relationship": "Outer",
              "Parallel Aware": false,
              "Startup Cost": 44959.89,
              "Total Cost": 44959.9,
              "Plan Rows": 1,
              "Plan Width": 8,
              "Actual Startup Time": 166.534,
              "Actual Total Time": 166.535,
              "Actual Rows": 1,
              "Actual Loops": 4,
              "Plans": [
                {
                  "Node Type": "Seq Scan",
                  "Parent Relationship": "Outer",
                  "Parallel Aware": true,
                  "Relation Name": "movie_keyword",
                  "Alias": "mk",
                  "Startup Cost": 0.0,
                  "Total Cost": 42695.65,
                  "Plan Rows": 905695,
                  "Plan Width": 0,
                  "Actual Startup Time": 0.061,
                  "Actual Total Time": 130.481,
                  "Actual Rows": 700891,
                  "Actual Loops": 4,
                  "Filter": "(keyword_id < 8250)",
                  "Rows Removed by Filter": 430092
                }
              ]
            }
          ]
        }
      ]
    },
    "Planning Time": 0.157,
    "Triggers": [],
    "Execution Time": 186.517
  }
]