{
  "Plan": {
    "Node Type": "Aggregate",
    "Strategy": "Plain",
    "Partial Mode": "Finalize",
    "Parallel Aware": false,
    "Startup Cost": 707188.96,
    "Total Cost": 707188.97,
    "Plan Rows": 1,
    "Plan Width": 8,
    "Actual Startup Time": 2414.632,
    "Actual Total Time": 2484.379,
    "Actual Rows": 1,
    "Actual Loops": 1,
    "Plans": [
      {
        "Node Type": "Gather",
        "Parent Relationship": "Outer",
        "Parallel Aware": false,
        "Startup Cost": 707188.85,
        "Total Cost": 707188.96,
        "Plan Rows": 1,
        "Plan Width": 8,
        "Actual Startup Time": 2413.327,
        "Actual Total Time": 2484.371,
        "Actual Rows": 2,
        "Actual Loops": 1,
        "Workers Planned": 1,
        "Workers Launched": 1,
        "Single Copy": false,
        "Plans": [
          {
            "Node Type": "Aggregate",
            "Strategy": "Plain",
            "Partial Mode": "Partial",
            "Parent Relationship": "Outer",
            "Parallel Aware": false,
            "Startup Cost": 706188.85,
            "Total Cost": 706188.86,
            "Plan Rows": 1,
            "Plan Width": 8,
            "Actual Startup Time": 2407.267,
            "Actual Total Time": 2407.272,
            "Actual Rows": 1,
            "Actual Loops": 2,
            "Plans": [
              {
                "Node Type": "Hash Join",
                "Parent Relationship": "Outer",
                "Parallel Aware": true,
                "Join Type": "Inner",
                "Startup Cost": 106197.84,
                "Total Cost": 705816.22,
                "Plan Rows": 149052,
                "Plan Width": 0,
                "Actual Startup Time": 841.613,
                "Actual Total Time": 2405.151,
                "Actual Rows": 36004,
                "Actual Loops": 2,
                "Inner Unique": false,
                "Hash Cond": "(t.id = mc.movie_id)",
                "Plans": [
                  {
                    "Node Type": "Hash Join",
                    "Parent Relationship": "Outer",
                    "Parallel Aware": true,
                    "Join Type": "Inner",
                    "Startup Cost": 59524.64,
                    "Total Cost": 654703.86,
                    "Plan Rows": 569981,
                    "Plan Width": 8,
                    "Actual Startup Time": 650.718,
                    "Actual Total Time": 2180.889,
                    "Actual Rows": 85176,
                    "Actual Loops": 2,
                    "Inner Unique": true,
                    "Hash Cond": "(ci.movie_id = t.id)",
                    "Plans": [
                      {
                        "Node Type": "Seq Scan",
                        "Parent Relationship": "Outer",
                        "Parallel Aware": true,
                        "Relation Name": "cast_info",
                        "Alias": "ci",
                        "Startup Cost": 0.0,
                        "Total Cost": 572345.93,
                        "Plan Rows": 8698382,
                        "Plan Width": 4,
                        "Actual Startup Time": 520.425,
                        "Actual Total Time": 1581.448,
                        "Actual Rows": 4965124,
                        "Actual Loops": 2,
                        "Filter": "((person_id < 2305905) AND (role_id > 1))",
                        "Rows Removed by Filter": 13157048
                      },
                      {
                        "Node Type": "Hash",
                        "Parent Relationship": "Inner",
                        "Parallel Aware": true,
                        "Startup Cost": 58306.47,
                        "Total Cost": 58306.47,
                        "Plan Rows": 97454,
                        "Plan Width": 4,
                        "Actual Startup Time": 129.112,
                        "Actual Total Time": 129.113,
                        "Actual Rows": 36319,
                        "Actual Loops": 2,
                        "Hash Buckets": 262144,
                        "Original Hash Buckets": 262144,
                        "Hash Batches": 1,
                        "Original Hash Batches": 1,
                        "Peak Memory Usage": 4928,
                        "Plans": [
                          {
                            "Node Type": "Seq Scan",
                            "Parent Relationship": "Outer",
                            "Parallel Aware": true,
                            "Relation Name": "title",
                            "Alias": "t",
                            "Startup Cost": 0.0,
                            "Total Cost": 58306.47,
                            "Plan Rows": 97454,
                            "Plan Width": 4,
                            "Actual Startup Time": 0.015,
                            "Actual Total Time": 118.93,
                            "Actual Rows": 36319,
                            "Actual Loops": 2,
                            "Filter": "((production_year < 1964) AND (kind_id = 7))",
                            "Rows Removed by Filter": 1227837
                          }
                        ]
                      }
                    ]
                  },
                  {
                    "Node Type": "Hash",
                    "Parent Relationship": "Inner",
                    "Parallel Aware": true,
                    "Startup Cost": 41811.73,
                    "Total Cost": 41811.73,
                    "Plan Rows": 388918,
                    "Plan Width": 4,
                    "Actual Startup Time": 181.54,
                    "Actual Total Time": 181.541,
                    "Actual Rows": 211938,
                    "Actual Loops": 2,
                    "Hash Buckets": 1048576,
                    "Original Hash Buckets": 1048576,
                    "Hash Batches": 1,
                    "Original Hash Batches": 1,
                    "Peak Memory Usage": 24800,
                    "Plans": [
                      {
                        "Node Type": "Seq Scan",
                        "Parent Relationship": "Outer",
                        "Parallel Aware": true,
                        "Relation Name": "movie_companies",
                        "Alias": "mc",
                        "Startup Cost": 0.0,
                        "Total Cost": 41811.73,
                        "Plan Rows": 388918,
                        "Plan Width": 4,
                        "Actual Startup Time": 72.091,
                        "Actual Total Time": 131.545,
                        "Actual Rows": 211938,
                        "Actual Loops": 2,
                        "Filter": "((company_id < 11272) AND (company_type_id = 2))",
                        "Rows Removed by Filter": 1092626
                      }
                    ]
                  }
                ]
              }
            ]
          }
        ]
      }
    ]
  },
  "Planning Time": 1.148,
  "Triggers": [],
  "Execution Time": 2484.482
}