[
  {
    "Plan": {
      "Node Type": "Aggregate",
      "Strategy": "Plain",
      "Partial Mode": "Finalize",
      "Parallel Aware": false,
      "Startup Cost": 45638.08,
      "Total Cost": 45638.09,
      "Plan Rows": 1,
      "Plan Width": 8,
      "Actual Startup Time": 151.425,
      "Actual Total Time": 161.101,
      "Actual Rows": 1,
      "Actual Loops": 1,
      "Plans": [
        {
          "Node Type": "Gather",
          "Parent Relationship": "Outer",
          "Parallel Aware": false,
          "Startup Cost": 45637.76,
          "Total Cost": 45638.07,
          "Plan Rows": 3,
          "Plan Width": 8,
          "Actual Startup Time": 151.309,
          "Actual Total Time": 161.091,
          "Actual Rows": 4,
          "Actual Loops": 1,
          "Workers Planned": 3,
          "Workers Launched": 3,
          "Single Copy": false,
          "Plans": [
            {
              "Node Type": "Aggregate",
              "Strategy": "Plain",
              "Partial Mode": "Partial",
              "Parent Relationship": "Outer",
              "Parallel Aware": false,
              "Startup Cost": 44637.76,
              "Total Cost": 44637.77,
              "Plan Rows": 1,
              "Plan Width": 8,
              "Actual Startup Time": 144.555,
              "Actual Total Time": 144.557,
              "Actual Rows": 1,
              "Actual Loops": 4,
              "Plans": [
                {
                  "Node Type": "Seq Scan",
                  "Parent Relationship": "Outer",
                  "Parallel Aware": true,
                  "Relation Name": "movie_keyword",
                  "Alias": "mk",
                  "Startup Cost": 0.0,
                  "Total Cost": 42695.65,
                  "Plan Rows": 776842,
                  "Plan Width": 0,
                  "Actual Startup Time": 0.495,
                  "Actual Total Time": 116.896,
                  "Actual Rows": 601270,
                  "Actual Loops": 4,
                  "Filter": "(keyword_id > 3875)",
                  "Rows Removed by Filter": 529713
                }
              ]
            }
          ]
        }
      ]
    },
    "Planning Time": 0.185,
    "Triggers": [],
    "Execution Time": 161.165
  }
]