[
  {
    "Plan": {
      "Node Type": "Aggregate",
      "Strategy": "Plain",
      "Partial Mode": "Finalize",
      "Parallel Aware": false,
      "Startup Cost": 105409.24,
      "Total Cost": 105409.25,
      "Plan Rows": 1,
      "Plan Width": 8,
      "Actual Startup Time": 362.804,
      "Actual Total Time": 416.821,
      "Actual Rows": 1,
      "Actual Loops": 1,
      "Plans": [
        {
          "Node Type": "Gather",
          "Parent Relationship": "Outer",
          "Parallel Aware": false,
          "Startup Cost": 105408.93,
          "Total Cost": 105409.24,
          "Plan Rows": 3,
          "Plan Width": 8,
          "Actual Startup Time": 362.209,
          "Actual Total Time": 416.812,
          "Actual Rows": 4,
          "Actual Loops": 1,
          "Workers Planned": 3,
          "Workers Launched": 3,
          "Single Copy": false,
          "Plans": [
            {
              "Node Type": "Aggregate",
              "Strategy": "Plain",
              "Partial Mode": "Partial",
              "Parent Relationship": "Outer",
              "Parallel Aware": false,
              "Startup Cost": 104408.93,
              "Total Cost": 104408.94,
              "Plan Rows": 1,
              "Plan Width": 8,
              "Actual Startup Time": 352.592,
              "Actual Total Time": 352.596,
              "Actual Rows": 1,
              "Actual Loops": 4,
              "Plans": [
                {
                  "Node Type": "Nested Loop",
                  "Parent Relationship": "Outer",
                  "Parallel Aware": false,
                  "Join Type": "Inner",
                  "Startup Cost": 49408.13,
                  "Total Cost": 104254.77,
                  "Plan Rows": 61661,
                  "Plan Width": 0,
                  "Actual Startup Time": 118.621,
                  "Actual Total Time": 347.071,
                  "Actual Rows": 85906,
                  "Actual Loops": 4,
                  "Inner Unique": false,
                  "Join Filter": "(t.id = ci.movie_id)",
                  "Rows Removed by Join Filter": 0,
                  "Plans": [
                    {
                      "Node Type": "Hash Join",
                      "Parent Relationship": "Outer",
                      "Parallel Aware": true,
                      "Join Type": "Inner",
                      "Startup Cost": 49407.56,
                      "Total Cost": 69336.13,
                      "Plan Rows": 4303,
                      "Plan Width": 8,
                      "Actual Startup Time": 118.521,
                      "Actual Total Time": 145.739,
                      "Actual Rows": 3138,
                      "Actual Loops": 4,
                      "Inner Unique": true,
                      "Hash Cond": "(mc.movie_id = t.id)",
                      "Plans": [
                        {
                          "Node Type": "Bitmap Heap Scan",
                          "Parent Relationship": "Outer",
                          "Parallel Aware": true,
                          "Relation Name": "movie_companies",
                          "Alias": "mc",
                          "Startup Cost": 5056.97,
                          "Total Cost": 24787.94,
                          "Plan Rows": 75277,
                          "Plan Width": 4,
                          "Actual Startup Time": 11.968,
                          "Actual Total Time": 22.789,
                          "Actual Rows": 57780,
                          "Actual Loops": 4,
                          "Recheck Cond": "(company_id > 105137)",
                          "Rows Removed by Index Recheck": 0,
                          "Exact Heap Blocks": 2097,
                          "Lossy Heap Blocks": 0,
                          "Plans": [
                            {
                              "Node Type": "Bitmap Index Scan",
                              "Parent Relationship": "Outer",
                              "Parallel Aware": false,
                              "Index Name": "company_id_movie_companies",
                              "Startup Cost": 0.0,
                              "Total Cost": 4998.63,
                              "Plan Rows": 233360,
                              "Plan Width": 0,
                              "Actual Startup Time": 11.222,
                              "Actual Total Time": 11.222,
                              "Actual Rows": 231120,
                              "Actual Loops": 1,
                              "Index Cond": "(company_id > 105137)"
                            }
                          ]
                        },
                        {
                          "Node Type": "Hash",
                          "Parent Relationship": "Inner",
                          "Parallel Aware": true,
                          "Startup Cost": 43898.92,
                          "Total Cost": 43898.92,
                          "Plan Rows": 36134,
                          "Plan Width": 4,
                          "Actual Startup Time": 104.333,
                          "Actual Total Time": 104.334,
                          "Actual Rows": 35426,
                          "Actual Loops": 4,
                          "Hash Buckets": 262144,
                          "Original Hash Buckets": 262144,
                          "Hash Batches": 1,
                          "Original Hash Batches": 1,
                          "Peak Memory Usage": 7648,
                          "Plans": [
                            {
                              "Node Type": "Seq Scan",
                              "Parent Relationship": "Outer",
                              "Parallel Aware": true,
                              "Relation Name": "title",
                              "Alias": "t",
                              "Startup Cost": 0.0,
                              "Total Cost": 43898.92,
                              "Plan Rows": 36134,
                              "Plan Width": 4,
                              "Actual Startup Time": 0.037,
                              "Actual Total Time": 90.97,
                              "Actual Rows": 35426,
                              "Actual Loops": 4,
                              "Filter": "(production_year = 2010)",
                              "Rows Removed by Filter": 596652
                            }
                          ]
                        }
                      ]
                    },
                    {
                      "Node Type": "Index Only Scan",
                      "Parent Relationship": "Inner",
                      "Parallel Aware": false,
                      "Scan Direction": "Forward",
                      "Index Name": "movie_id_cast_info",
                      "Relation Name": "cast_info",
                      "Alias": "ci",
                      "Startup Cost": 0.56,
                      "Total Cost": 7.65,
                      "Plan Rows": 37,
                      "Plan Width": 4,
                      "Actual Startup Time": 0.008,
                      "Actual Total Time": 0.061,
                      "Actual Rows": 27,
                      "Actual Loops": 12551,
                      "Index Cond": "(movie_id = mc.movie_id)",
                      "Rows Removed by Index Recheck": 0,
                      "Heap Fetches": 343623
                    }
                  ]
                }
              ]
            }
          ]
        }
      ]
    },
    "Planning Time": 1.373,
    "Triggers": [],
    "Execution Time": 416.951
  }
]