[
  {
    "Plan": {
      "Node Type": "Aggregate",
      "Strategy": "Plain",
      "Partial Mode": "Finalize",
      "Parallel Aware": false,
      "Startup Cost": 44732.71,
      "Total Cost": 44732.72,
      "Plan Rows": 1,
      "Plan Width": 8,
      "Actual Startup Time": 125.809,
      "Actual Total Time": 135.182,
      "Actual Rows": 1,
      "Actual Loops": 1,
      "Plans": [
        {
          "Node Type": "Gather",
          "Parent Relationship": "Outer",
          "Parallel Aware": false,
          "Startup Cost": 44732.39,
          "Total Cost": 44732.7,
          "Plan Rows": 3,
          "Plan Width": 8,
          "Actual Startup Time": 125.679,
          "Actual Total Time": 135.174,
          "Actual Rows": 4,
          "Actual Loops": 1,
          "Workers Planned": 3,
          "Workers Launched": 3,
          "Single Copy": false,
          "Plans": [
            {
              "Node Type": "Aggregate",
              "Strategy": "Plain",
              "Partial Mode": "Partial",
              "Parent Relationship": "Outer",
              "Parallel Aware": false,
              "Startup Cost": 43732.39,
              "Total Cost": 43732.4,
              "Plan Rows": 1,
              "Plan Width": 8,
              "Actual Startup Time": 120.306,
              "Actual Total Time": 120.307,
              "Actual Rows": 1,
              "Actual Loops": 4,
              "Plans": [
                {
                  "Node Type": "Seq Scan",
                  "Parent Relationship": "Outer",
                  "Parallel Aware": true,
                  "Relation Name": "movie_keyword",
                  "Alias": "mk",
                  "Startup Cost": 0.0,
                  "Total Cost": 42695.65,
                  "Plan Rows": 414695,
                  "Plan Width": 0,
                  "Actual Startup Time": 1.994,
                  "Actual Total Time": 104.84,
                  "Actual Rows": 323513,
                  "Actual Loops": 4,
                  "Filter": "(keyword_id > 13645)",
                  "Rows Removed by Filter": 807470
                }
              ]
            }
          ]
        }
      ]
    },
    "Planning Time": 0.138,
    "Triggers": [],
    "Execution Time": 135.225
  }
]