[
  {
    "Plan": {
      "Node Type": "Aggregate",
      "Strategy": "Plain",
      "Partial Mode": "Finalize",
      "Parallel Aware": false,
      "Startup Cost": 331166.22,
      "Total Cost": 331166.23,
      "Plan Rows": 1,
      "Plan Width": 8,
      "Actual Startup Time": 658.777,
      "Actual Total Time": 706.842,
      "Actual Rows": 1,
      "Actual Loops": 1,
      "Plans": [
        {
          "Node Type": "Gather",
          "Parent Relationship": "Outer",
          "Parallel Aware": false,
          "Startup Cost": 331165.59,
          "Total Cost": 331166.2,
          "Plan Rows": 6,
          "Plan Width": 8,
          "Actual Startup Time": 658.563,
          "Actual Total Time": 706.824,
          "Actual Rows": 7,
          "Actual Loops": 1,
          "Workers Planned": 6,
          "Workers Launched": 6,
          "Single Copy": false,
          "Plans": [
            {
              "Node Type": "Aggregate",
              "Strategy": "Plain",
              "Partial Mode": "Partial",
              "Parent Relationship": "Outer",
              "Parallel Aware": false,
              "Startup Cost": 330165.59,
              "Total Cost": 330165.6,
              "Plan Rows": 1,
              "Plan Width": 8,
              "Actual Startup Time": 652.16,
              "Actual Total Time": 652.163,
              "Actual Rows": 1,
              "Actual Loops": 7,
              "Plans": [
                {
                  "Node Type": "Seq Scan",
                  "Parent Relationship": "Outer",
                  "Parallel Aware": true,
                  "Relation Name": "cast_info",
                  "Alias": "ci",
                  "Startup Cost": 0.0,
                  "Total Cost": 328211.39,
                  "Plan Rows": 781681,
                  "Plan Width": 0,
                  "Actual Startup Time": 0.04,
                  "Actual Total Time": 614.367,
                  "Actual Rows": 694783,
                  "Actual Loops": 7,
                  "Filter": "(person_id < 472179)",
                  "Rows Removed by Filter": 4482981
                }
              ]
            }
          ]
        }
      ]
    },
    "Planning Time": 0.088,
    "Triggers": [],
    "Execution Time": 706.882
  }
]