[
  {
    "Plan": {
      "Node Type": "Aggregate",
      "Strategy": "Plain",
      "Partial Mode": "Finalize",
      "Parallel Aware": false,
      "Startup Cost": 331130.78,
      "Total Cost": 331130.79,
      "Plan Rows": 1,
      "Plan Width": 8,
      "Actual Startup Time": 566.841,
      "Actual Total Time": 629.78,
      "Actual Rows": 1,
      "Actual Loops": 1,
      "Plans": [
        {
          "Node Type": "Gather",
          "Parent Relationship": "Outer",
          "Parallel Aware": false,
          "Startup Cost": 331130.16,
          "Total Cost": 331130.77,
          "Plan Rows": 6,
          "Plan Width": 8,
          "Actual Startup Time": 566.702,
          "Actual Total Time": 629.77,
          "Actual Rows": 7,
          "Actual Loops": 1,
          "Workers Planned": 6,
          "Workers Launched": 6,
          "Single Copy": false,
          "Plans": [
            {
              "Node Type": "Aggregate",
              "Strategy": "Plain",
              "Partial Mode": "Partial",
              "Parent Relationship": "Outer",
              "Parallel Aware": false,
              "Startup Cost": 330130.16,
              "Total Cost": 330130.17,
              "Plan Rows": 1,
              "Plan Width": 8,
              "Actual Startup Time": 557.48,
              "Actual Total Time": 557.481,
              "Actual Rows": 1,
              "Actual Loops": 7,
              "Plans": [
                {
                  "Node Type": "Seq Scan",
                  "Parent Relationship": "Outer",
                  "Parallel Aware": true,
                  "Relation Name": "cast_info",
                  "Alias": "ci",
                  "Startup Cost": 0.0,
                  "Total Cost": 328162.03,
                  "Plan Rows": 787253,
                  "Plan Width": 0,
                  "Actual Startup Time": 0.047,
                  "Actual Total Time": 525.159,
                  "Actual Rows": 694783,
                  "Actual Loops": 7,
                  "Filter": "(person_id < 472179)",
                  "Rows Removed by Filter": 4482981
                }
              ]
            }
          ]
        }
      ]
    },
    "Planning Time": 0.131,
    "Triggers": [],
    "Execution Time": 629.837
  }
]