[
  {
    "Plan": {
      "Node Type": "Aggregate",
      "Strategy": "Plain",
      "Partial Mode": "Finalize",
      "Parallel Aware": false,
      "Startup Cost": 338398.28,
      "Total Cost": 338398.29,
      "Plan Rows": 1,
      "Plan Width": 8,
      "Actual Startup Time": 888.751,
      "Actual Total Time": 939.385,
      "Actual Rows": 1,
      "Actual Loops": 1,
      "Plans": [
        {
          "Node Type": "Gather",
          "Parent Relationship": "Outer",
          "Parallel Aware": false,
          "Startup Cost": 338397.66,
          "Total Cost": 338398.27,
          "Plan Rows": 6,
          "Plan Width": 8,
          "Actual Startup Time": 888.582,
          "Actual Total Time": 939.367,
          "Actual Rows": 7,
          "Actual Loops": 1,
          "Workers Planned": 6,
          "Workers Launched": 6,
          "Single Copy": false,
          "Plans": [
            {
              "Node Type": "Aggregate",
              "Strategy": "Plain",
              "Partial Mode": "Partial",
              "Parent Relationship": "Outer",
              "Parallel Aware": false,
              "Startup Cost": 337397.66,
              "Total Cost": 337397.67,
              "Plan Rows": 1,
              "Plan Width": 8,
              "Actual Startup Time": 878.588,
              "Actual Total Time": 878.59,
              "Actual Rows": 1,
              "Actual Loops": 7,
              "Plans": [
                {
                  "Node Type": "Seq Scan",
                  "Parent Relationship": "Outer",
                  "Parallel Aware": true,
                  "Relation Name": "cast_info",
                  "Alias": "ci",
                  "Startup Cost": 0.0,
                  "Total Cost": 328211.39,
                  "Plan Rows": 3674506,
                  "Plan Width": 0,
                  "Actual Startup Time": 0.064,
                  "Actual Total Time": 696.048,
                  "Actual Rows": 3190171,
                  "Actual Loops": 7,
                  "Filter": "(person_id < 2276162)",
                  "Rows Removed by Filter": 1987592
                }
              ]
            }
          ]
        }
      ]
    },
    "Planning Time": 0.082,
    "Triggers": [],
    "Execution Time": 939.432
  }
]