[
  {
    "Plan": {
      "Node Type": "Aggregate",
      "Strategy": "Plain",
      "Partial Mode": "Finalize",
      "Parallel Aware": false,
      "Startup Cost": 122356.4,
      "Total Cost": 122356.41,
      "Plan Rows": 1,
      "Plan Width": 8,
      "Actual Startup Time": 207.32,
      "Actual Total Time": 217.73,
      "Actual Rows": 1,
      "Actual Loops": 1,
      "Plans": [
        {
          "Node Type": "Gather",
          "Parent Relationship": "Outer",
          "Parallel Aware": false,
          "Startup Cost": 122355.88,
          "Total Cost": 122356.39,
          "Plan Rows": 5,
          "Plan Width": 8,
          "Actual Startup Time": 207.191,
          "Actual Total Time": 217.721,
          "Actual Rows": 6,
          "Actual Loops": 1,
          "Workers Planned": 5,
          "Workers Launched": 5,
          "Single Copy": false,
          "Plans": [
            {
              "Node Type": "Aggregate",
              "Strategy": "Plain",
              "Partial Mode": "Partial",
              "Parent Relationship": "Outer",
              "Parallel Aware": false,
              "Startup Cost": 121355.88,
              "Total Cost": 121355.89,
              "Plan Rows": 1,
              "Plan Width": 8,
              "Actual Startup Time": 196.992,
              "Actual Total Time": 196.993,
              "Actual Rows": 1,
              "Actual Loops": 6,
              "Plans": [
                {
                  "Node Type": "Index Scan",
                  "Parent Relationship": "Outer",
                  "Parallel Aware": true,
                  "Scan Direction": "Forward",
                  "Index Name": "role_id_cast_info",
                  "Relation Name": "cast_info",
                  "Alias": "ci",
                  "Startup Cost": 0.56,
                  "Total Cost": 119623.46,
                  "Plan Rows": 692971,
                  "Plan Width": 0,
                  "Actual Startup Time": 0.304,
                  "Actual Total Time": 164.796,
                  "Actual Rows": 670054,
                  "Actual Loops": 6,
                  "Index Cond": "(role_id = 10)",
                  "Rows Removed by Index Recheck": 0,
                  "Filter": "(person_id > 757104)",
                  "Rows Removed by Filter": 50448
                }
              ]
            }
          ]
        }
      ]
    },
    "Planning Time": 0.263,
    "Triggers": [],
    "Execution Time": 217.792
  }
]