{
  "Plan": {
    "Node Type": "Aggregate",
    "Strategy": "Plain",
    "Partial Mode": "Finalize",
    "Parallel Aware": false,
    "Startup Cost": 6961463.42,
    "Total Cost": 6961463.43,
    "Plan Rows": 1,
    "Plan Width": 96,
    "Actual Startup Time": 98874.889,
    "Actual Total Time": 99005.311,
    "Actual Rows": 1,
    "Actual Loops": 1,
    "Plans": [
      {
        "Node Type": "Gather",
        "Parent Relationship": "Outer",
        "Parallel Aware": false,
        "Startup Cost": 6961462.98,
        "Total Cost": 6961463.39,
        "Plan Rows": 4,
        "Plan Width": 96,
        "Actual Startup Time": 98376.317,
        "Actual Total Time": 99005.288,
        "Actual Rows": 5,
        "Actual Loops": 1,
        "Workers Planned": 4,
        "Workers Launched": 4,
        "Single Copy": false,
        "Plans": [
          {
            "Node Type": "Aggregate",
            "Strategy": "Plain",
            "Partial Mode": "Partial",
            "Parent Relationship": "Outer",
            "Parallel Aware": false,
            "Startup Cost": 6960462.98,
            "Total Cost": 6960462.99,
            "Plan Rows": 1,
            "Plan Width": 96,
            "Actual Startup Time": 98365.129,
            "Actual Total Time": 98365.148,
            "Actual Rows": 1,
            "Actual Loops": 5,
            "Plans": [
              {
                "Node Type": "Hash Join",
                "Parent Relationship": "Outer",
                "Parallel Aware": true,
                "Join Type": "Inner",
                "Startup Cost": 6916114.34,
                "Total Cost": 6960462.97,
                "Plan Rows": 1,
                "Plan Width": 48,
                "Actual Startup Time": 98362.751,
                "Actual Total Time": 98365.136,
                "Actual Rows": 1,
                "Actual Loops": 5,
                "Inner Unique": false,
                "Hash Cond": "(t.id = mk.movie_id)",
                "Plans": [
                  {
                    "Node Type": "Seq Scan",
                    "Parent Relationship": "Outer",
                    "Parallel Aware": true,
                    "Relation Name": "title",
                    "Alias": "t",
                    "Startup Cost": 0.0,
                    "Total Cost": 43899.59,
                    "Plan Rows": 119740,
                    "Plan Width": 21,
                    "Actual Startup Time": 0.066,
                    "Actual Total Time": 129.223,
                    "Actual Rows": 95920,
                    "Actual Loops": 5,
                    "Filter": "(production_year < 1978)",
                    "Rows Removed by Filter": 409742
                  },
                  {
                    "Node Type": "Hash",
                    "Parent Relationship": "Inner",
                    "Parallel Aware": true,
                    "Startup Cost": 6916114.33,
                    "Total Cost": 6916114.33,
                    "Plan Rows": 1,
                    "Plan Width": 39,
                    "Actual Startup Time": 98225.871,
                    "Actual Total Time": 98225.885,
                    "Actual Rows": 22,
                    "Actual Loops": 5,
                    "Hash Buckets": 1024,
                    "Original Hash Buckets": 1024,
                    "Hash Batches": 1,
                    "Original Hash Batches": 1,
                    "Peak Memory Usage": 72,
                    "Plans": [
                      {
                        "Node Type": "Hash Join",
                        "Parent Relationship": "Outer",
                        "Parallel Aware": false,
                        "Join Type": "Inner",
                        "Startup Cost": 6847476.06,
                        "Total Cost": 6916114.33,
                        "Plan Rows": 1,
                        "Plan Width": 39,
                        "Actual Startup Time": 39456.686,
                        "Actual Total Time": 39456.726,
                        "Actual Rows": 22,
                        "Actual Loops": 5,
                        "Inner Unique": false,
                        "Hash Cond": "(n.id = ci.person_id)",
                        "Plans": [
                          {
                            "Node Type": "Seq Scan",
                            "Parent Relationship": "Outer",
                            "Parallel Aware": true,
                            "Relation Name": "name",
                            "Alias": "n",
                            "Startup Cost": 0.0,
                            "Total Cost": 68636.05,
                            "Plan Rows": 104,
                            "Plan Width": 19,
                            "Actual Startup Time": 210.383,
                            "Actual Total Time": 210.394,
                            "Actual Rows": 0,
                            "Actual Loops": 5,
                            "Filter": "(name ~~ '%Downey%Robert%'::text)",
                            "Rows Removed by Filter": 833498
                          },
                          {
                            "Node Type": "Hash",
                            "Parent Relationship": "Inner",
                            "Parallel Aware": false,
                            "Startup Cost": 6847349.99,
                            "Total Cost": 6847349.99,
                            "Plan Rows": 10085,
                            "Plan Width": 28,
                            "Actual Startup Time": 98115.58,
                            "Actual Total Time": 98115.586,
                            "Actual Rows": 1564305,
                            "Actual Loops": 2,
                            "Hash Buckets": 2097152,
                            "Original Hash Buckets": 16384,
                            "Hash Batches": 1,
                            "Original Hash Batches": 1,
                            "Peak Memory Usage": 96736,
                            "Plans": [
                              {
                                "Node Type": "Hash Join",
                                "Parent Relationship": "Outer",
                                "Parallel Aware": false,
                                "Join Type": "Inner",
                                "Startup Cost": 5990036.06,
                                "Total Cost": 6847349.99,
                                "Plan Rows": 10085,
                                "Plan Width": 28,
                                "Actual Startup Time": 80511.241,
                                "Actual Total Time": 97770.272,
                                "Actual Rows": 1564305,
                                "Actual Loops": 2,
                                "Inner Unique": false,
                                "Hash Cond": "(k.id = mk.keyword_id)",
                                "Plans": [
                                  {
                                    "Node Type": "Seq Scan",
                                    "Parent Relationship": "Outer",
                                    "Parallel Aware": false,
                                    "Relation Name": "keyword",
                                    "Alias": "k",
                                    "Startup Cost": 0.0,
                                    "Total Cost": 3632.4,
                                    "Plan Rows": 8,
                                    "Plan Width": 20,
                                    "Actual Startup Time": 0.161,
                                    "Actual Total Time": 22.747,
                                    "Actual Rows": 8,
                                    "Actual Loops": 2,
                                    "Filter": "(keyword = ANY ('{superhero,sequel,second-part,marvel-comics,based-on-comic,tv-special,fight,violence}'::text[]))",
                                    "Rows Removed by Filter": 134162
                                  },
                                  {
                                    "Node Type": "Hash",
                                    "Parent Relationship": "Inner",
                                    "Parallel Aware": false,
                                    "Startup Cost": 3050043.88,
                                    "Total Cost": 3050043.88,
                                    "Plan Rows": 169132095,
                                    "Plan Width": 16,
                                    "Actual Startup Time": 80074.734,
                                    "Actual Total Time": 80074.738,
                                    "Actual Rows": 215765477,
                                    "Actual Loops": 2,
                                    "Hash Buckets": 67108864,
                                    "Original Hash Buckets": 67108864,
                                    "Hash Batches": 4,
                                    "Original Hash Batches": 4,
                                    "Peak Memory Usage": 2974980,
                                    "Plans": [
                                      {
                                        "Node Type": "Hash Join",
                                        "Parent Relationship": "Outer",
                                        "Parallel Aware": false,
                                        "Join Type": "Inner",
                                        "Startup Cost": 1068488.04,
                                        "Total Cost": 3050043.88,
                                        "Plan Rows": 169132095,
                                        "Plan Width": 16,
                                        "Actual Startup Time": 16103.068,
                                        "Actual Total Time": 43064.76,
                                        "Actual Rows": 215765477,
                                        "Actual Loops": 2,
                                        "Inner Unique": false,
                                        "Hash Cond": "(mk.movie_id = ci.movie_id)",
                                        "Plans": [
                                          {
                                            "Node Type": "Seq Scan",
                                            "Parent Relationship": "Outer",
                                            "Parallel Aware": false,
                                            "Relation Name": "movie_keyword",
                                            "Alias": "mk",
                                            "Startup Cost": 0.0,
                                            "Total Cost": 69693.3,
                                            "Plan Rows": 4523930,
                                            "Plan Width": 8,
                                            "Actual Startup Time": 0.065,
                                            "Actual Total Time": 666.605,
                                            "Actual Rows": 4523930,
                                            "Actual Loops": 2
                                          },
                                          {
                                            "Node Type": "Hash",
                                            "Parent Relationship": "Inner",
                                            "Parallel Aware": false,
                                            "Startup Cost": 615265.24,
                                            "Total Cost": 615265.24,
                                            "Plan Rows": 36257824,
                                            "Plan Width": 8,
                                            "Actual Startup Time": 15713.296,
                                            "Actual Total Time": 15713.298,
                                            "Actual Rows": 36244344,
                                            "Actual Loops": 2,
                                            "Hash Buckets": 67108864,
                                            "Original Hash Buckets": 67108864,
                                            "Hash Batches": 1,
                                            "Original Hash Batches": 1,
                                            "Peak Memory Usage": 1940083,
                                            "Plans": [
                                              {
                                                "Node Type": "Seq Scan",
                                                "Parent Relationship": "Outer",
                                                "Parallel Aware": false,
                                                "Relation Name": "cast_info",
                                                "Alias": "ci",
                                                "Startup Cost": 0.0,
                                                "Total Cost": 615265.24,
                                                "Plan Rows": 36257824,
                                                "Plan Width": 8,
                                                "Actual Startup Time": 0.087,
                                                "Actual Total Time": 3882.789,
                                                "Actual Rows": 36244344,
                                                "Actual Loops": 2
                                              }
                                            ]
                                          }
                                        ]
                                      }
                                    ]
                                  }
                                ]
                              }
                            ]
                          }
                        ]
                      }
                    ]
                  }
                ]
              }
            ]
          }
        ]
      }
    ]
  },
  "Planning Time": 7.769,
  "Triggers": [],
  "Execution Time": 99005.974
}