[
  {
    "Plan": {
      "Node Type": "Aggregate",
      "Strategy": "Plain",
      "Partial Mode": "Finalize",
      "Parallel Aware": false,
      "Startup Cost": 268995.35,
      "Total Cost": 268995.36,
      "Plan Rows": 1,
      "Plan Width": 8,
      "Actual Startup Time": 72.592,
      "Actual Total Time": 79.175,
      "Actual Rows": 1,
      "Actual Loops": 1,
      "Plans": [
        {
          "Node Type": "Gather",
          "Parent Relationship": "Outer",
          "Parallel Aware": false,
          "Startup Cost": 268994.72,
          "Total Cost": 268995.33,
          "Plan Rows": 6,
          "Plan Width": 8,
          "Actual Startup Time": 72.381,
          "Actual Total Time": 79.167,
          "Actual Rows": 7,
          "Actual Loops": 1,
          "Workers Planned": 6,
          "Workers Launched": 6,
          "Single Copy": false,
          "Plans": [
            {
              "Node Type": "Aggregate",
              "Strategy": "Plain",
              "Partial Mode": "Partial",
              "Parent Relationship": "Outer",
              "Parallel Aware": false,
              "Startup Cost": 267994.72,
              "Total Cost": 267994.73,
              "Plan Rows": 1,
              "Plan Width": 8,
              "Actual Startup Time": 65.143,
              "Actual Total Time": 65.144,
              "Actual Rows": 1,
              "Actual Loops": 7,
              "Plans": [
                {
                  "Node Type": "Bitmap Heap Scan",
                  "Parent Relationship": "Outer",
                  "Parallel Aware": true,
                  "Relation Name": "cast_info",
                  "Alias": "ci",
                  "Startup Cost": 13750.85,
                  "Total Cost": 267735.24,
                  "Plan Rows": 103791,
                  "Plan Width": 0,
                  "Actual Startup Time": 24.881,
                  "Actual Total Time": 57.714,
                  "Actual Rows": 93187,
                  "Actual Loops": 7,
                  "Recheck Cond": "(person_id < 69770)",
                  "Rows Removed by Index Recheck": 0,
                  "Exact Heap Blocks": 2426,
                  "Lossy Heap Blocks": 0,
                  "Plans": [
                    {
                      "Node Type": "Bitmap Index Scan",
                      "Parent Relationship": "Outer",
                      "Parallel Aware": false,
                      "Index Name": "person_id_cast_info",
                      "Startup Cost": 0.0,
                      "Total Cost": 13595.17,
                      "Plan Rows": 622747,
                      "Plan Width": 0,
                      "Actual Startup Time": 30.541,
                      "Actual Total Time": 30.542,
                      "Actual Rows": 652311,
                      "Actual Loops": 1,
                      "Index Cond": "(person_id < 69770)"
                    }
                  ]
                }
              ]
            }
          ]
        }
      ]
    },
    "Planning Time": 0.142,
    "Triggers": [],
    "Execution Time": 79.218
  }
]