[
  {
    "Plan": {
      "Node Type": "Aggregate",
      "Strategy": "Plain",
      "Partial Mode": "Finalize",
      "Parallel Aware": false,
      "Startup Cost": 46522.37,
      "Total Cost": 46522.38,
      "Plan Rows": 1,
      "Plan Width": 8,
      "Actual Startup Time": 93.573,
      "Actual Total Time": 105.221,
      "Actual Rows": 1,
      "Actual Loops": 1,
      "Plans": [
        {
          "Node Type": "Gather",
          "Parent Relationship": "Outer",
          "Parallel Aware": false,
          "Startup Cost": 46521.95,
          "Total Cost": 46522.36,
          "Plan Rows": 4,
          "Plan Width": 8,
          "Actual Startup Time": 93.453,
          "Actual Total Time": 105.213,
          "Actual Rows": 5,
          "Actual Loops": 1,
          "Workers Planned": 4,
          "Workers Launched": 4,
          "Single Copy": false,
          "Plans": [
            {
              "Node Type": "Aggregate",
              "Strategy": "Plain",
              "Partial Mode": "Partial",
              "Parent Relationship": "Outer",
              "Parallel Aware": false,
              "Startup Cost": 45521.95,
              "Total Cost": 45521.96,
              "Plan Rows": 1,
              "Plan Width": 8,
              "Actual Startup Time": 85.521,
              "Actual Total Time": 85.522,
              "Actual Rows": 1,
              "Actual Loops": 5,
              "Plans": [
                {
                  "Node Type": "Seq Scan",
                  "Parent Relationship": "Outer",
                  "Parallel Aware": true,
                  "Relation Name": "title",
                  "Alias": "t",
                  "Startup Cost": 0.0,
                  "Total Cost": 45479.1,
                  "Plan Rows": 17140,
                  "Plan Width": 0,
                  "Actual Startup Time": 0.038,
                  "Actual Total Time": 84.221,
                  "Actual Rows": 14994,
                  "Actual Loops": 5,
                  "Filter": "((kind_id > 4) AND (production_year = 2006))",
                  "Rows Removed by Filter": 490668
                }
              ]
            }
          ]
        }
      ]
    },
    "Planning Time": 0.12,
    "Triggers": [],
    "Execution Time": 105.263
  }
]