[
  {
    "Plan": {
      "Node Type": "Aggregate",
      "Strategy": "Plain",
      "Partial Mode": "Finalize",
      "Parallel Aware": false,
      "Startup Cost": 349537.84,
      "Total Cost": 349537.85,
      "Plan Rows": 1,
      "Plan Width": 8,
      "Actual Startup Time": 800.073,
      "Actual Total Time": 861.311,
      "Actual Rows": 1,
      "Actual Loops": 1,
      "Plans": [
        {
          "Node Type": "Gather",
          "Parent Relationship": "Outer",
          "Parallel Aware": false,
          "Startup Cost": 349537.22,
          "Total Cost": 349537.83,
          "Plan Rows": 6,
          "Plan Width": 8,
          "Actual Startup Time": 799.976,
          "Actual Total Time": 861.302,
          "Actual Rows": 7,
          "Actual Loops": 1,
          "Workers Planned": 6,
          "Workers Launched": 6,
          "Single Copy": false,
          "Plans": [
            {
              "Node Type": "Aggregate",
              "Strategy": "Plain",
              "Partial Mode": "Partial",
              "Parent Relationship": "Outer",
              "Parallel Aware": false,
              "Startup Cost": 348537.22,
              "Total Cost": 348537.23,
              "Plan Rows": 1,
              "Plan Width": 8,
              "Actual Startup Time": 789.624,
              "Actual Total Time": 789.625,
              "Actual Rows": 1,
              "Actual Loops": 7,
              "Plans": [
                {
                  "Node Type": "Seq Scan",
                  "Parent Relationship": "Outer",
                  "Parallel Aware": true,
                  "Relation Name": "cast_info",
                  "Alias": "ci",
                  "Startup Cost": 0.0,
                  "Total Cost": 343257.03,
                  "Plan Rows": 2112076,
                  "Plan Width": 0,
                  "Actual Startup Time": 216.797,
                  "Actual Total Time": 677.803,
                  "Actual Rows": 2691552,
                  "Actual Loops": 7,
                  "Filter": "((person_id > 1674767) AND (role_id > 1))",
                  "Rows Removed by Filter": 2486211
                }
              ]
            }
          ]
        }
      ]
    },
    "Planning Time": 0.205,
    "Triggers": [],
    "Execution Time": 861.384
  }
]