[
  {
    "Plan": {
      "Node Type": "Aggregate",
      "Strategy": "Plain",
      "Partial Mode": "Finalize",
      "Parallel Aware": false,
      "Startup Cost": 47147.24,
      "Total Cost": 47147.25,
      "Plan Rows": 1,
      "Plan Width": 8,
      "Actual Startup Time": 201.541,
      "Actual Total Time": 211.155,
      "Actual Rows": 1,
      "Actual Loops": 1,
      "Plans": [
        {
          "Node Type": "Gather",
          "Parent Relationship": "Outer",
          "Parallel Aware": false,
          "Startup Cost": 47146.92,
          "Total Cost": 47147.23,
          "Plan Rows": 3,
          "Plan Width": 8,
          "Actual Startup Time": 201.402,
          "Actual Total Time": 211.144,
          "Actual Rows": 4,
          "Actual Loops": 1,
          "Workers Planned": 3,
          "Workers Launched": 3,
          "Single Copy": false,
          "Plans": [
            {
              "Node Type": "Aggregate",
              "Strategy": "Plain",
              "Partial Mode": "Partial",
              "Parent Relationship": "Outer",
              "Parallel Aware": false,
              "Startup Cost": 46146.92,
              "Total Cost": 46146.93,
              "Plan Rows": 1,
              "Plan Width": 8,
              "Actual Startup Time": 194.446,
              "Actual Total Time": 194.447,
              "Actual Rows": 1,
              "Actual Loops": 4,
              "Plans": [
                {
                  "Node Type": "Seq Scan",
                  "Parent Relationship": "Outer",
                  "Parallel Aware": true,
                  "Relation Name": "movie_keyword",
                  "Alias": "mk",
                  "Startup Cost": 0.0,
                  "Total Cost": 42695.65,
                  "Plan Rows": 1380507,
                  "Plan Width": 0,
                  "Actual Startup Time": 0.049,
                  "Actual Total Time": 138.244,
                  "Actual Rows": 1069115,
                  "Actual Loops": 4,
                  "Filter": "(keyword_id < 60866)",
                  "Rows Removed by Filter": 61867
                }
              ]
            }
          ]
        }
      ]
    },
    "Planning Time": 0.181,
    "Triggers": [],
    "Execution Time": 211.21
  }
]