[
  {
    "Plan": {
      "Node Type": "Aggregate",
      "Strategy": "Plain",
      "Partial Mode": "Finalize",
      "Parallel Aware": false,
      "Startup Cost": 33219.45,
      "Total Cost": 33219.46,
      "Plan Rows": 1,
      "Plan Width": 8,
      "Actual Startup Time": 93.231,
      "Actual Total Time": 100.404,
      "Actual Rows": 1,
      "Actual Loops": 1,
      "Plans": [
        {
          "Node Type": "Gather",
          "Parent Relationship": "Outer",
          "Parallel Aware": false,
          "Startup Cost": 33219.13,
          "Total Cost": 33219.44,
          "Plan Rows": 3,
          "Plan Width": 8,
          "Actual Startup Time": 93.115,
          "Actual Total Time": 100.396,
          "Actual Rows": 4,
          "Actual Loops": 1,
          "Workers Planned": 3,
          "Workers Launched": 3,
          "Single Copy": false,
          "Plans": [
            {
              "Node Type": "Aggregate",
              "Strategy": "Plain",
              "Partial Mode": "Partial",
              "Parent Relationship": "Outer",
              "Parallel Aware": false,
              "Startup Cost": 32219.13,
              "Total Cost": 32219.14,
              "Plan Rows": 1,
              "Plan Width": 8,
              "Actual Startup Time": 85.782,
              "Actual Total Time": 85.783,
              "Actual Rows": 1,
              "Actual Loops": 4,
              "Plans": [
                {
                  "Node Type": "Seq Scan",
                  "Parent Relationship": "Outer",
                  "Parallel Aware": true,
                  "Relation Name": "movie_companies",
                  "Alias": "mc",
                  "Startup Cost": 0.0,
                  "Total Cost": 31414.82,
                  "Plan Rows": 321725,
                  "Plan Width": 0,
                  "Actual Startup Time": 45.497,
                  "Actual Total Time": 78.583,
                  "Actual Rows": 175707,
                  "Actual Loops": 4,
                  "Filter": "((company_id < 54509) AND (company_type_id = 2))",
                  "Rows Removed by Filter": 476575
                }
              ]
            }
          ]
        }
      ]
    },
    "Planning Time": 0.228,
    "Triggers": [],
    "Execution Time": 100.459
  }
]