[
  {
    "Plan": {
      "Node Type": "Aggregate",
      "Strategy": "Plain",
      "Partial Mode": "Finalize",
      "Parallel Aware": false,
      "Startup Cost": 33222.07,
      "Total Cost": 33222.08,
      "Plan Rows": 1,
      "Plan Width": 8,
      "Actual Startup Time": 87.271,
      "Actual Total Time": 94.733,
      "Actual Rows": 1,
      "Actual Loops": 1,
      "Plans": [
        {
          "Node Type": "Gather",
          "Parent Relationship": "Outer",
          "Parallel Aware": false,
          "Startup Cost": 33221.75,
          "Total Cost": 33222.06,
          "Plan Rows": 3,
          "Plan Width": 8,
          "Actual Startup Time": 87.146,
          "Actual Total Time": 94.726,
          "Actual Rows": 4,
          "Actual Loops": 1,
          "Workers Planned": 3,
          "Workers Launched": 3,
          "Single Copy": false,
          "Plans": [
            {
              "Node Type": "Aggregate",
              "Strategy": "Plain",
              "Partial Mode": "Partial",
              "Parent Relationship": "Outer",
              "Parallel Aware": false,
              "Startup Cost": 32221.75,
              "Total Cost": 32221.76,
              "Plan Rows": 1,
              "Plan Width": 8,
              "Actual Startup Time": 81.035,
              "Actual Total Time": 81.036,
              "Actual Rows": 1,
              "Actual Loops": 4,
              "Plans": [
                {
                  "Node Type": "Seq Scan",
                  "Parent Relationship": "Outer",
                  "Parallel Aware": true,
                  "Relation Name": "movie_companies",
                  "Alias": "mc",
                  "Startup Cost": 0.0,
                  "Total Cost": 31414.82,
                  "Plan Rows": 322772,
                  "Plan Width": 0,
                  "Actual Startup Time": 42.164,
                  "Actual Total Time": 74.061,
                  "Actual Rows": 175707,
                  "Actual Loops": 4,
                  "Filter": "((company_id < 54509) AND (company_type_id = 2))",
                  "Rows Removed by Filter": 476575
                }
              ]
            }
          ]
        }
      ]
    },
    "Planning Time": 0.128,
    "Triggers": [],
    "Execution Time": 94.769
  }
]