[
  {
    "Plan": {
      "Node Type": "Aggregate",
      "Strategy": "Plain",
      "Partial Mode": "Finalize",
      "Parallel Aware": false,
      "Startup Cost": 95075.62,
      "Total Cost": 95075.63,
      "Plan Rows": 1,
      "Plan Width": 8,
      "Actual Startup Time": 520.74,
      "Actual Total Time": 544.017,
      "Actual Rows": 1,
      "Actual Loops": 1,
      "Plans": [
        {
          "Node Type": "Gather",
          "Parent Relationship": "Outer",
          "Parallel Aware": false,
          "Startup Cost": 95075.31,
          "Total Cost": 95075.62,
          "Plan Rows": 3,
          "Plan Width": 8,
          "Actual Startup Time": 516.13,
          "Actual Total Time": 544.007,
          "Actual Rows": 4,
          "Actual Loops": 1,
          "Workers Planned": 3,
          "Workers Launched": 3,
          "Single Copy": false,
          "Plans": [
            {
              "Node Type": "Aggregate",
              "Strategy": "Plain",
              "Partial Mode": "Partial",
              "Parent Relationship": "Outer",
              "Parallel Aware": false,
              "Startup Cost": 94075.31,
              "Total Cost": 94075.32,
              "Plan Rows": 1,
              "Plan Width": 8,
              "Actual Startup Time": 507.314,
              "Actual Total Time": 507.318,
              "Actual Rows": 1,
              "Actual Loops": 4,
              "Plans": [
                {
                  "Node Type": "Hash Join",
                  "Parent Relationship": "Outer",
                  "Parallel Aware": true,
                  "Join Type": "Inner",
                  "Startup Cost": 46894.1,
                  "Total Cost": 92885.6,
                  "Plan Rows": 475884,
                  "Plan Width": 0,
                  "Actual Startup Time": 209.729,
                  "Actual Total Time": 482.921,
                  "Actual Rows": 496785,
                  "Actual Loops": 4,
                  "Inner Unique": true,
                  "Hash Cond": "(mk.movie_id = t.id)",
                  "Plans": [
                    {
                      "Node Type": "Seq Scan",
                      "Parent Relationship": "Outer",
                      "Parallel Aware": true,
                      "Relation Name": "movie_keyword",
                      "Alias": "mk",
                      "Startup Cost": 0.0,
                      "Total Cost": 42695.65,
                      "Plan Rows": 1255560,
                      "Plan Width": 4,
                      "Actual Startup Time": 0.036,
                      "Actual Total Time": 129.87,
                      "Actual Rows": 970916,
                      "Actual Loops": 4,
                      "Filter": "(keyword_id < 29032)",
                      "Rows Removed by Filter": 160066
                    },
                    {
                      "Node Type": "Hash",
                      "Parent Relationship": "Inner",
                      "Parallel Aware": true,
                      "Startup Cost": 43899.32,
                      "Total Cost": 43899.32,
                      "Plan Rows": 239582,
                      "Plan Width": 4,
                      "Actual Startup Time": 206.802,
                      "Actual Total Time": 206.803,
                      "Actual Rows": 242797,
                      "Actual Loops": 4,
                      "Hash Buckets": 1048576,
                      "Original Hash Buckets": 1048576,
                      "Hash Batches": 1,
                      "Original Hash Batches": 1,
                      "Peak Memory Usage": 46208,
                      "Plans": [
                        {
                          "Node Type": "Seq Scan",
                          "Parent Relationship": "Outer",
                          "Parallel Aware": true,
                          "Relation Name": "title",
                          "Alias": "t",
                          "Startup Cost": 0.0,
                          "Total Cost": 43899.32,
                          "Plan Rows": 239582,
                          "Plan Width": 4,
                          "Actual Startup Time": 0.041,
                          "Actual Total Time": 116.281,
                          "Actual Rows": 242797,
                          "Actual Loops": 4,
                          "Filter": "(production_year < 1999)",
                          "Rows Removed by Filter": 389281
                        }
                      ]
                    }
                  ]
                }
              ]
            }
          ]
        }
      ]
    },
    "Planning Time": 0.233,
    "Triggers": [],
    "Execution Time": 544.054
  }
]