[
  {
    "Plan": {
      "Node Type": "Aggregate",
      "Strategy": "Plain",
      "Partial Mode": "Finalize",
      "Parallel Aware": false,
      "Startup Cost": 391986.13,
      "Total Cost": 391986.14,
      "Plan Rows": 1,
      "Plan Width": 8,
      "Actual Startup Time": 2041.208,
      "Actual Total Time": 2088.984,
      "Actual Rows": 1,
      "Actual Loops": 1,
      "Plans": [
        {
          "Node Type": "Gather",
          "Parent Relationship": "Outer",
          "Parallel Aware": false,
          "Startup Cost": 391985.5,
          "Total Cost": 391986.11,
          "Plan Rows": 6,
          "Plan Width": 8,
          "Actual Startup Time": 2035.389,
          "Actual Total Time": 2088.974,
          "Actual Rows": 7,
          "Actual Loops": 1,
          "Workers Planned": 6,
          "Workers Launched": 6,
          "Single Copy": false,
          "Plans": [
            {
              "Node Type": "Aggregate",
              "Strategy": "Plain",
              "Partial Mode": "Partial",
              "Parent Relationship": "Outer",
              "Parallel Aware": false,
              "Startup Cost": 390985.5,
              "Total Cost": 390985.51,
              "Plan Rows": 1,
              "Plan Width": 8,
              "Actual Startup Time": 2026.016,
              "Actual Total Time": 2026.02,
              "Actual Rows": 1,
              "Actual Loops": 7,
              "Plans": [
                {
                  "Node Type": "Hash Join",
                  "Parent Relationship": "Outer",
                  "Parallel Aware": true,
                  "Join Type": "Inner",
                  "Startup Cost": 48329.82,
                  "Total Cost": 387292.04,
                  "Plan Rows": 1477383,
                  "Plan Width": 0,
                  "Actual Startup Time": 286.504,
                  "Actual Total Time": 1946.428,
                  "Actual Rows": 1488324,
                  "Actual Loops": 7,
                  "Inner Unique": true,
                  "Hash Cond": "(ci.movie_id = t.id)",
                  "Plans": [
                    {
                      "Node Type": "Seq Scan",
                      "Parent Relationship": "Outer",
                      "Parallel Aware": true,
                      "Relation Name": "cast_info",
                      "Alias": "ci",
                      "Startup Cost": 0.0,
                      "Total Cost": 328211.39,
                      "Plan Rows": 4095545,
                      "Plan Width": 4,
                      "Actual Startup Time": 141.701,
                      "Actual Total Time": 687.458,
                      "Actual Rows": 3494132,
                      "Actual Loops": 7,
                      "Filter": "(person_id > 1158106)",
                      "Rows Removed by Filter": 1683631
                    },
                    {
                      "Node Type": "Hash",
                      "Parent Relationship": "Inner",
                      "Parallel Aware": true,
                      "Startup Cost": 45479.59,
                      "Total Cost": 45479.59,
                      "Plan Rows": 228019,
                      "Plan Width": 4,
                      "Actual Startup Time": 142.445,
                      "Actual Total Time": 142.446,
                      "Actual Rows": 141725,
                      "Actual Loops": 7,
                      "Hash Buckets": 1048576,
                      "Original Hash Buckets": 1048576,
                      "Hash Batches": 1,
                      "Original Hash Batches": 1,
                      "Peak Memory Usage": 47072,
                      "Plans": [
                        {
                          "Node Type": "Seq Scan",
                          "Parent Relationship": "Outer",
                          "Parallel Aware": true,
                          "Relation Name": "title",
                          "Alias": "t",
                          "Startup Cost": 0.0,
                          "Total Cost": 45479.59,
                          "Plan Rows": 228019,
                          "Plan Width": 4,
                          "Actual Startup Time": 0.039,
                          "Actual Total Time": 81.058,
                          "Actual Rows": 141725,
                          "Actual Loops": 7,
                          "Filter": "((production_year > 1998) AND (kind_id = 7))",
                          "Rows Removed by Filter": 219463
                        }
                      ]
                    }
                  ]
                }
              ]
            }
          ]
        }
      ]
    },
    "Planning Time": 0.297,
    "Triggers": [],
    "Execution Time": 2089.033
  }
]