{
  "Plan": {
    "Node Type": "Aggregate",
    "Strategy": "Plain",
    "Partial Mode": "Finalize",
    "Parallel Aware": false,
    "Startup Cost": 340258.67,
    "Total Cost": 340258.68,
    "Plan Rows": 1,
    "Plan Width": 8,
    "Actual Startup Time": 3653.846,
    "Actual Total Time": 3684.372,
    "Actual Rows": 1,
    "Actual Loops": 1,
    "Plans": [
      {
        "Node Type": "Gather",
        "Parent Relationship": "Outer",
        "Parallel Aware": false,
        "Startup Cost": 340258.56,
        "Total Cost": 340258.67,
        "Plan Rows": 1,
        "Plan Width": 8,
        "Actual Startup Time": 3645.598,
        "Actual Total Time": 3684.363,
        "Actual Rows": 2,
        "Actual Loops": 1,
        "Workers Planned": 1,
        "Workers Launched": 1,
        "Single Copy": false,
        "Plans": [
          {
            "Node Type": "Aggregate",
            "Strategy": "Plain",
            "Partial Mode": "Partial",
            "Parent Relationship": "Outer",
            "Parallel Aware": false,
            "Startup Cost": 339258.56,
            "Total Cost": 339258.57,
            "Plan Rows": 1,
            "Plan Width": 8,
            "Actual Startup Time": 3638.154,
            "Actual Total Time": 3638.492,
            "Actual Rows": 1,
            "Actual Loops": 2,
            "Plans": [
              {
                "Node Type": "Hash Join",
                "Parent Relationship": "Outer",
                "Parallel Aware": true,
                "Join Type": "Inner",
                "Startup Cost": 268661.9,
                "Total Cost": 336409.7,
                "Plan Rows": 1139542,
                "Plan Width": 0,
                "Actual Startup Time": 974.451,
                "Actual Total Time": 2772.842,
                "Actual Rows": 22010165,
                "Actual Loops": 2,
                "Inner Unique": false,
                "Hash Cond": "(mk.movie_id = t.id)",
                "Plans": [
                  {
                    "Node Type": "Seq Scan",
                    "Parent Relationship": "Outer",
                    "Parallel Aware": true,
                    "Relation Name": "movie_keyword",
                    "Alias": "mk",
                    "Startup Cost": 0.0,
                    "Total Cost": 51065.35,
                    "Plan Rows": 2661135,
                    "Plan Width": 4,
                    "Actual Startup Time": 0.015,
                    "Actual Total Time": 153.358,
                    "Actual Rows": 2261965,
                    "Actual Loops": 2
                  },
                  {
                    "Node Type": "Hash",
                    "Parent Relationship": "Inner",
                    "Parallel Aware": true,
                    "Startup Cost": 260701.19,
                    "Total Cost": 260701.19,
                    "Plan Rows": 636857,
                    "Plan Width": 8,
                    "Actual Startup Time": 959.795,
                    "Actual Total Time": 960.131,
                    "Actual Rows": 513108,
                    "Actual Loops": 2,
                    "Hash Buckets": 2097152,
                    "Original Hash Buckets": 2097152,
                    "Hash Batches": 1,
                    "Original Hash Batches": 1,
                    "Peak Memory Usage": 56576,
                    "Plans": [
                      {
                        "Node Type": "Hash Join",
                        "Parent Relationship": "Outer",
                        "Parallel Aware": true,
                        "Join Type": "Inner",
                        "Startup Cost": 89075.73,
                        "Total Cost": 260701.19,
                        "Plan Rows": 636857,
                        "Plan Width": 8,
                        "Actual Startup Time": 562.302,
                        "Actual Total Time": 830.224,
                        "Actual Rows": 513108,
                        "Actual Loops": 2,
                        "Inner Unique": true,
                        "Hash Cond": "(mi.movie_id = t.id)",
                        "Plans": [
                          {
                            "Node Type": "Bitmap Heap Scan",
                            "Parent Relationship": "Outer",
                            "Parallel Aware": true,
                            "Relation Name": "movie_info",
                            "Alias": "mi",
                            "Startup Cost": 19615.03,
                            "Total Cost": 189568.74,
                            "Plan Rows": 636857,
                            "Plan Width": 4,
                            "Actual Startup Time": 37.866,
                            "Actual Total Time": 129.699,
                            "Actual Rows": 513108,
                            "Actual Loops": 2,
                            "Recheck Cond": "(info_type_id > 84)",
                            "Rows Removed by Index Recheck": 0,
                            "Exact Heap Blocks": 18440,
                            "Lossy Heap Blocks": 0,
                            "Plans": [
                              {
                                "Node Type": "Bitmap Index Scan",
                                "Parent Relationship": "Outer",
                                "Parallel Aware": false,
                                "Index Name": "info_type_id_movie_info",
                                "Startup Cost": 0.0,
                                "Total Cost": 19344.36,
                                "Plan Rows": 1082657,
                                "Plan Width": 0,
                                "Actual Startup Time": 32.296,
                                "Actual Total Time": 32.296,
                                "Actual Rows": 1026216,
                                "Actual Loops": 1,
                                "Index Cond": "(info_type_id > 84)"
                              }
                            ]
                          },
                          {
                            "Node Type": "Hash",
                            "Parent Relationship": "Inner",
                            "Parallel Aware": true,
                            "Startup Cost": 50870.31,
                            "Total Cost": 50870.31,
                            "Plan Rows": 1487231,
                            "Plan Width": 4,
                            "Actual Startup Time": 510.925,
                            "Actual Total Time": 510.925,
                            "Actual Rows": 1264156,
                            "Actual Loops": 2,
                            "Hash Buckets": 4194304,
                            "Original Hash Buckets": 4194304,
                            "Hash Batches": 1,
                            "Original Hash Batches": 1,
                            "Peak Memory Usage": 131712,
                            "Plans": [
                              {
                                "Node Type": "Seq Scan",
                                "Parent Relationship": "Outer",
                                "Parallel Aware": true,
                                "Relation Name": "title",
                                "Alias": "t",
                                "Startup Cost": 0.0,
                                "Total Cost": 50870.31,
                                "Plan Rows": 1487231,
                                "Plan Width": 4,
                                "Actual Startup Time": 0.036,
                                "Actual Total Time": 153.316,
                                "Actual Rows": 1264156,
                                "Actual Loops": 2
                              }
                            ]
                          }
                        ]
                      }
                    ]
                  }
                ]
              }
            ]
          }
        ]
      }
    ]
  },
  "Planning Time": 0.896,
  "Triggers": [],
  "Execution Time": 3684.471
}