{
  "Plan": {
    "Node Type": "Aggregate",
    "Strategy": "Plain",
    "Partial Mode": "Finalize",
    "Parallel Aware": false,
    "Startup Cost": 107694.07,
    "Total Cost": 107694.08,
    "Plan Rows": 1,
    "Plan Width": 8,
    "Actual Startup Time": 404.779,
    "Actual Total Time": 436.018,
    "Actual Rows": 1,
    "Actual Loops": 1,
    "Plans": [
      {
        "Node Type": "Gather",
        "Parent Relationship": "Outer",
        "Parallel Aware": false,
        "Startup Cost": 107693.96,
        "Total Cost": 107694.07,
        "Plan Rows": 1,
        "Plan Width": 8,
        "Actual Startup Time": 404.577,
        "Actual Total Time": 436.01,
        "Actual Rows": 2,
        "Actual Loops": 1,
        "Workers Planned": 1,
        "Workers Launched": 1,
        "Single Copy": false,
        "Plans": [
          {
            "Node Type": "Aggregate",
            "Strategy": "Plain",
            "Partial Mode": "Partial",
            "Parent Relationship": "Outer",
            "Parallel Aware": false,
            "Startup Cost": 106693.96,
            "Total Cost": 106693.97,
            "Plan Rows": 1,
            "Plan Width": 8,
            "Actual Startup Time": 398.561,
            "Actual Total Time": 398.565,
            "Actual Rows": 1,
            "Actual Loops": 2,
            "Plans": [
              {
                "Node Type": "Nested Loop",
                "Parent Relationship": "Outer",
                "Parallel Aware": false,
                "Join Type": "Inner",
                "Startup Cost": 58406.55,
                "Total Cost": 106687.62,
                "Plan Rows": 2536,
                "Plan Width": 0,
                "Actual Startup Time": 214.262,
                "Actual Total Time": 398.336,
                "Actual Rows": 2439,
                "Actual Loops": 2,
                "Inner Unique": false,
                "Join Filter": "(t.id = mi.movie_id)",
                "Rows Removed by Join Filter": 0,
                "Plans": [
                  {
                    "Node Type": "Hash Join",
                    "Parent Relationship": "Outer",
                    "Parallel Aware": true,
                    "Join Type": "Inner",
                    "Startup Cost": 58406.12,
                    "Total Cost": 98426.45,
                    "Plan Rows": 4177,
                    "Plan Width": 8,
                    "Actual Startup Time": 213.671,
                    "Actual Total Time": 349.147,
                    "Actual Rows": 3404,
                    "Actual Loops": 2,
                    "Inner Unique": true,
                    "Hash Cond": "(mc.movie_id = t.id)",
                    "Plans": [
                      {
                        "Node Type": "Seq Scan",
                        "Parent Relationship": "Outer",
                        "Parallel Aware": true,
                        "Relation Name": "movie_companies",
                        "Alias": "mc",
                        "Startup Cost": 0.0,
                        "Total Cost": 37974.77,
                        "Plan Rows": 779260,
                        "Plan Width": 4,
                        "Actual Startup Time": 53.527,
                        "Actual Total Time": 127.019,
                        "Actual Rows": 667442,
                        "Actual Loops": 2,
                        "Filter": "(company_type_id = 2)",
                        "Rows Removed by Filter": 637123
                      },
                      {
                        "Node Type": "Hash",
                        "Parent Relationship": "Inner",
                        "Parallel Aware": true,
                        "Startup Cost": 58306.47,
                        "Total Cost": 58306.47,
                        "Plan Rows": 7972,
                        "Plan Width": 4,
                        "Actual Startup Time": 159.102,
                        "Actual Total Time": 159.103,
                        "Actual Rows": 7720,
                        "Actual Loops": 2,
                        "Hash Buckets": 16384,
                        "Original Hash Buckets": 16384,
                        "Hash Batches": 1,
                        "Original Hash Batches": 1,
                        "Peak Memory Usage": 768,
                        "Plans": [
                          {
                            "Node Type": "Seq Scan",
                            "Parent Relationship": "Outer",
                            "Parallel Aware": true,
                            "Relation Name": "title",
                            "Alias": "t",
                            "Startup Cost": 0.0,
                            "Total Cost": 58306.47,
                            "Plan Rows": 7972,
                            "Plan Width": 4,
                            "Actual Startup Time": 0.107,
                            "Actual Total Time": 155.956,
                            "Actual Rows": 7720,
                            "Actual Loops": 2,
                            "Filter": "((kind_id > 1) AND (production_year = 1987))",
                            "Rows Removed by Filter": 1256436
                          }
                        ]
                      }
                    ]
                  },
                  {
                    "Node Type": "Index Scan",
                    "Parent Relationship": "Inner",
                    "Parallel Aware": false,
                    "Scan Direction": "Forward",
                    "Index Name": "movie_id_movie_info",
                    "Relation Name": "movie_info",
                    "Alias": "mi",
                    "Startup Cost": 0.43,
                    "Total Cost": 1.93,
                    "Plan Rows": 4,
                    "Plan Width": 4,
                    "Actual Startup Time": 0.014,
                    "Actual Total Time": 0.014,
                    "Actual Rows": 1,
                    "Actual Loops": 6807,
                    "Index Cond": "(movie_id = mc.movie_id)",
                    "Rows Removed by Index Recheck": 0,
                    "Filter": "(info_type_id = 3)",
                    "Rows Removed by Filter": 9
                  }
                ]
              }
            ]
          }
        ]
      }
    ]
  },
  "Planning Time": 1.046,
  "Triggers": [],
  "Execution Time": 436.105
}