[
  {
    "Plan": {
      "Node Type": "Aggregate",
      "Strategy": "Plain",
      "Partial Mode": "Finalize",
      "Parallel Aware": false,
      "Startup Cost": 282956.43,
      "Total Cost": 282956.44,
      "Plan Rows": 1,
      "Plan Width": 8,
      "Actual Startup Time": 133.589,
      "Actual Total Time": 141.751,
      "Actual Rows": 1,
      "Actual Loops": 1,
      "Plans": [
        {
          "Node Type": "Gather",
          "Parent Relationship": "Outer",
          "Parallel Aware": false,
          "Startup Cost": 282955.8,
          "Total Cost": 282956.41,
          "Plan Rows": 6,
          "Plan Width": 8,
          "Actual Startup Time": 133.088,
          "Actual Total Time": 141.735,
          "Actual Rows": 7,
          "Actual Loops": 1,
          "Workers Planned": 6,
          "Workers Launched": 6,
          "Single Copy": false,
          "Plans": [
            {
              "Node Type": "Aggregate",
              "Strategy": "Plain",
              "Partial Mode": "Partial",
              "Parent Relationship": "Outer",
              "Parallel Aware": false,
              "Startup Cost": 281955.8,
              "Total Cost": 281955.81,
              "Plan Rows": 1,
              "Plan Width": 8,
              "Actual Startup Time": 125.018,
              "Actual Total Time": 125.022,
              "Actual Rows": 1,
              "Actual Loops": 7,
              "Plans": [
                {
                  "Node Type": "Bitmap Heap Scan",
                  "Parent Relationship": "Outer",
                  "Parallel Aware": true,
                  "Relation Name": "cast_info",
                  "Alias": "ci",
                  "Startup Cost": 25904.64,
                  "Total Cost": 281528.96,
                  "Plan Rows": 170737,
                  "Plan Width": 0,
                  "Actual Startup Time": 51.202,
                  "Actual Total Time": 113.99,
                  "Actual Rows": 166199,
                  "Actual Loops": 7,
                  "Recheck Cond": "(person_id < 122699)",
                  "Rows Removed by Index Recheck": 0,
                  "Filter": "(role_id < 10)",
                  "Rows Removed by Filter": 6997,
                  "Exact Heap Blocks": 3339,
                  "Lossy Heap Blocks": 0,
                  "Plans": [
                    {
                      "Node Type": "Bitmap Index Scan",
                      "Parent Relationship": "Outer",
                      "Parallel Aware": false,
                      "Index Name": "person_id_cast_info",
                      "Startup Cost": 0.0,
                      "Total Cost": 25648.53,
                      "Plan Rows": 1174929,
                      "Plan Width": 0,
                      "Actual Startup Time": 56.579,
                      "Actual Total Time": 56.584,
                      "Actual Rows": 1212372,
                      "Actual Loops": 1,
                      "Index Cond": "(person_id < 122699)"
                    }
                  ]
                }
              ]
            }
          ]
        }
      ]
    },
    "Planning Time": 0.147,
    "Triggers": [],
    "Execution Time": 141.802
  }
]