{
  "Plan": {
    "Node Type": "Aggregate",
    "Strategy": "Plain",
    "Partial Mode": "Finalize",
    "Parallel Aware": false,
    "Startup Cost": 348722.2,
    "Total Cost": 348722.21,
    "Plan Rows": 1,
    "Plan Width": 8,
    "Actual Startup Time": 1758.541,
    "Actual Total Time": 1795.871,
    "Actual Rows": 1,
    "Actual Loops": 1,
    "Plans": [
      {
        "Node Type": "Gather",
        "Parent Relationship": "Outer",
        "Parallel Aware": false,
        "Startup Cost": 348722.09,
        "Total Cost": 348722.2,
        "Plan Rows": 1,
        "Plan Width": 8,
        "Actual Startup Time": 1757.663,
        "Actual Total Time": 1795.864,
        "Actual Rows": 2,
        "Actual Loops": 1,
        "Workers Planned": 1,
        "Workers Launched": 1,
        "Single Copy": false,
        "Plans": [
          {
            "Node Type": "Aggregate",
            "Strategy": "Plain",
            "Partial Mode": "Partial",
            "Parent Relationship": "Outer",
            "Parallel Aware": false,
            "Startup Cost": 347722.09,
            "Total Cost": 347722.1,
            "Plan Rows": 1,
            "Plan Width": 8,
            "Actual Startup Time": 1751.88,
            "Actual Total Time": 1751.884,
            "Actual Rows": 1,
            "Actual Loops": 2,
            "Plans": [
              {
                "Node Type": "Hash Join",
                "Parent Relationship": "Outer",
                "Parallel Aware": true,
                "Join Type": "Inner",
                "Startup Cost": 60633.42,
                "Total Cost": 345976.12,
                "Plan Rows": 698386,
                "Plan Width": 0,
                "Actual Startup Time": 199.493,
                "Actual Total Time": 1681.43,
                "Actual Rows": 1796650,
                "Actual Loops": 2,
                "Inner Unique": true,
                "Hash Cond": "(mi.movie_id = t.id)",
                "Plans": [
                  {
                    "Node Type": "Seq Scan",
                    "Parent Relationship": "Outer",
                    "Parallel Aware": true,
                    "Relation Name": "movie_info",
                    "Alias": "mi",
                    "Startup Cost": 0.0,
                    "Total Cost": 270696.42,
                    "Plan Rows": 5579529,
                    "Plan Width": 4,
                    "Actual Startup Time": 0.01,
                    "Actual Total Time": 683.461,
                    "Actual Rows": 4782576,
                    "Actual Loops": 2,
                    "Filter": "(info_type_id < 16)",
                    "Rows Removed by Filter": 2635284
                  },
                  {
                    "Node Type": "Hash",
                    "Parent Relationship": "Inner",
                    "Parallel Aware": true,
                    "Startup Cost": 58306.47,
                    "Total Cost": 58306.47,
                    "Plan Rows": 186156,
                    "Plan Width": 4,
                    "Actual Startup Time": 191.725,
                    "Actual Total Time": 191.725,
                    "Actual Rows": 216680,
                    "Actual Loops": 2,
                    "Hash Buckets": 524288,
                    "Original Hash Buckets": 524288,
                    "Hash Batches": 1,
                    "Original Hash Batches": 1,
                    "Peak Memory Usage": 21088,
                    "Plans": [
                      {
                        "Node Type": "Seq Scan",
                        "Parent Relationship": "Outer",
                        "Parallel Aware": true,
                        "Relation Name": "title",
                        "Alias": "t",
                        "Startup Cost": 0.0,
                        "Total Cost": 58306.47,
                        "Plan Rows": 186156,
                        "Plan Width": 4,
                        "Actual Startup Time": 0.051,
                        "Actual Total Time": 143.424,
                        "Actual Rows": 216680,
                        "Actual Loops": 2,
                        "Filter": "((kind_id < 7) AND (production_year < 1995))",
                        "Rows Removed by Filter": 1047476
                      }
                    ]
                  }
                ]
              }
            ]
          }
        ]
      }
    ]
  },
  "Planning Time": 0.607,
  "Triggers": [],
  "Execution Time": 1795.949
}