[
  {
    "Plan": {
      "Node Type": "Aggregate",
      "Strategy": "Plain",
      "Partial Mode": "Finalize",
      "Parallel Aware": false,
      "Startup Cost": 33270.71,
      "Total Cost": 33270.72,
      "Plan Rows": 1,
      "Plan Width": 8,
      "Actual Startup Time": 97.734,
      "Actual Total Time": 106.197,
      "Actual Rows": 1,
      "Actual Loops": 1,
      "Plans": [
        {
          "Node Type": "Gather",
          "Parent Relationship": "Outer",
          "Parallel Aware": false,
          "Startup Cost": 33270.39,
          "Total Cost": 33270.7,
          "Plan Rows": 3,
          "Plan Width": 8,
          "Actual Startup Time": 97.599,
          "Actual Total Time": 106.19,
          "Actual Rows": 4,
          "Actual Loops": 1,
          "Workers Planned": 3,
          "Workers Launched": 3,
          "Single Copy": false,
          "Plans": [
            {
              "Node Type": "Aggregate",
              "Strategy": "Plain",
              "Partial Mode": "Partial",
              "Parent Relationship": "Outer",
              "Parallel Aware": false,
              "Startup Cost": 32270.39,
              "Total Cost": 32270.4,
              "Plan Rows": 1,
              "Plan Width": 8,
              "Actual Startup Time": 89.009,
              "Actual Total Time": 89.01,
              "Actual Rows": 1,
              "Actual Loops": 4,
              "Plans": [
                {
                  "Node Type": "Seq Scan",
                  "Parent Relationship": "Outer",
                  "Parallel Aware": true,
                  "Relation Name": "movie_companies",
                  "Alias": "mc",
                  "Startup Cost": 0.0,
                  "Total Cost": 31414.82,
                  "Plan Rows": 342229,
                  "Plan Width": 0,
                  "Actual Startup Time": 48.108,
                  "Actual Total Time": 81.119,
                  "Actual Rows": 201256,
                  "Actual Loops": 4,
                  "Filter": "((company_id < 72735) AND (company_type_id = 2))",
                  "Rows Removed by Filter": 451027
                }
              ]
            }
          ]
        }
      ]
    },
    "Planning Time": 0.195,
    "Triggers": [],
    "Execution Time": 106.249
  }
]