{
  "Plan": {
    "Node Type": "Aggregate",
    "Strategy": "Plain",
    "Partial Mode": "Simple",
    "Parallel Aware": false,
    "Startup Cost": 690272253.59,
    "Total Cost": 690272253.6,
    "Plan Rows": 1,
    "Plan Width": 96,
    "Actual Startup Time": 6296.4,
    "Actual Total Time": 6320.172,
    "Actual Rows": 1,
    "Actual Loops": 1,
    "Plans": [
      {
        "Node Type": "Hash Join",
        "Parent Relationship": "Outer",
        "Parallel Aware": false,
        "Join Type": "Inner",
        "Startup Cost": 690194385.05,
        "Total Cost": 690272253.58,
        "Plan Rows": 1,
        "Plan Width": 48,
        "Actual Startup Time": 6195.214,
        "Actual Total Time": 6318.33,
        "Actual Rows": 16308,
        "Actual Loops": 1,
        "Inner Unique": false,
        "Hash Cond": "(t.id = mi.movie_id)",
        "Plans": [
          {
            "Node Type": "Seq Scan",
            "Parent Relationship": "Outer",
            "Parallel Aware": false,
            "Relation Name": "title",
            "Alias": "t",
            "Startup Cost": 0.0,
            "Total Cost": 73925.64,
            "Plan Rows": 1051436,
            "Plan Width": 21,
            "Actual Startup Time": 0.044,
            "Actual Total Time": 413.855,
            "Actual Rows": 1042800,
            "Actual Loops": 1,
            "Filter": "((production_year >= 2000) AND (production_year <= 2010))",
            "Rows Removed by Filter": 1485512
          },
          {
            "Node Type": "Hash",
            "Parent Relationship": "Inner",
            "Parallel Aware": false,
            "Startup Cost": 690194385.04,
            "Total Cost": 690194385.04,
            "Plan Rows": 1,
            "Plan Width": 51,
            "Actual Startup Time": 5812.15,
            "Actual Total Time": 5835.919,
            "Actual Rows": 16368,
            "Actual Loops": 1,
            "Hash Buckets": 16384,
            "Original Hash Buckets": 1024,
            "Hash Batches": 1,
            "Original Hash Batches": 1,
            "Peak Memory Usage": 1362,
            "Plans": [
              {
                "Node Type": "Hash Join",
                "Parent Relationship": "Outer",
                "Parallel Aware": false,
                "Join Type": "Inner",
                "Startup Cost": 690194378.46,
                "Total Cost": 690194385.04,
                "Plan Rows": 1,
                "Plan Width": 51,
                "Actual Startup Time": 5801.104,
                "Actual Total Time": 5832.133,
                "Actual Rows": 16368,
                "Actual Loops": 1,
                "Inner Unique": false,
                "Hash Cond": "(mi.movie_id = mc.movie_id)",
                "Plans": [
                  {
                    "Node Type": "Hash Join",
                    "Parent Relationship": "Outer",
                    "Parallel Aware": false,
                    "Join Type": "Inner",
                    "Startup Cost": 690035117.85,
                    "Total Cost": 690035124.42,
                    "Plan Rows": 1,
                    "Plan Width": 39,
                    "Actual Startup Time": 4571.374,
                    "Actual Total Time": 4601.062,
                    "Actual Rows": 32202,
                    "Actual Loops": 1,
                    "Inner Unique": false,
                    "Hash Cond": "(n.id = ci.person_id)",
                    "Plans": [
                      {
                        "Node Type": "Hash Join",
                        "Parent Relationship": "Outer",
                        "Parallel Aware": false,
                        "Join Type": "Inner",
                        "Startup Cost": 133457.69,
                        "Total Cost": 133462.49,
                        "Plan Rows": 61,
                        "Plan Width": 23,
                        "Actual Startup Time": 612.053,
                        "Actual Total Time": 614.218,
                        "Actual Rows": 10064,
                        "Actual Loops": 1,
                        "Inner Unique": false,
                        "Hash Cond": "(it3.id = pi.info_type_id)",
                        "Plans": [
                          {
                            "Node Type": "Seq Scan",
                            "Parent Relationship": "Outer",
                            "Parallel Aware": false,
                            "Relation Name": "info_type",
                            "Alias": "it3",
                            "Startup Cost": 0.0,
                            "Total Cost": 2.41,
                            "Plan Rows": 1,
                            "Plan Width": 4,
                            "Actual Startup Time": 0.049,
                            "Actual Total Time": 0.06,
                            "Actual Rows": 1,
                            "Actual Loops": 1,
                            "Filter": "((info)::text = 'trivia'::text)",
                            "Rows Removed by Filter": 112
                          },
                          {
                            "Node Type": "Hash",
                            "Parent Relationship": "Inner",
                            "Parallel Aware": false,
                            "Startup Cost": 133371.61,
                            "Total Cost": 133371.61,
                            "Plan Rows": 6886,
                            "Plan Width": 27,
                            "Actual Startup Time": 611.934,
                            "Actual Total Time": 612.671,
                            "Actual Rows": 46248,
                            "Actual Loops": 1,
                            "Hash Buckets": 65536,
                            "Original Hash Buckets": 8192,
                            "Hash Batches": 1,
                            "Original Hash Batches": 1,
                            "Peak Memory Usage": 3286,
                            "Plans": [
                              {
                                "Node Type": "Gather",
                                "Parent Relationship": "Outer",
                                "Parallel Aware": false,
                                "Startup Cost": 72270.9,
                                "Total Cost": 133371.61,
                                "Plan Rows": 6886,
                                "Plan Width": 27,
                                "Actual Startup Time": 276.388,
                                "Actual Total Time": 603.657,
                                "Actual Rows": 46248,
                                "Actual Loops": 1,
                                "Workers Planned": 4,
                                "Workers Launched": 4,
                                "Single Copy": false,
                                "Plans": [
                                  {
                                    "Node Type": "Hash Join",
                                    "Parent Relationship": "Outer",
                                    "Parallel Aware": true,
                                    "Join Type": "Inner",
                                    "Startup Cost": 71270.9,
                                    "Total Cost": 131683.01,
                                    "Plan Rows": 1722,
                                    "Plan Width": 27,
                                    "Actual Startup Time": 266.203,
                                    "Actual Total Time": 594.275,
                                    "Actual Rows": 9250,
                                    "Actual Loops": 5,
                                    "Inner Unique": true,
                                    "Hash Cond": "(pi.person_id = n.id)",
                                    "Plans": [
                                      {
                                        "Node Type": "Seq Scan",
                                        "Parent Relationship": "Outer",
                                        "Parallel Aware": true,
                                        "Relation Name": "person_info",
                                        "Alias": "pi",
                                        "Startup Cost": 0.0,
                                        "Total Cost": 58465.74,
                                        "Plan Rows": 741474,
                                        "Plan Width": 8,
                                        "Actual Startup Time": 0.083,
                                        "Actual Total Time": 257.687,
                                        "Actual Rows": 592733,
                                        "Actual Loops": 5
                                      },
                                      {
                                        "Node Type": "Hash",
                                        "Parent Relationship": "Inner",
                                        "Parallel Aware": true,
                                        "Startup Cost": 71240.66,
                                        "Total Cost": 71240.66,
                                        "Plan Rows": 2419,
                                        "Plan Width": 19,
                                        "Actual Startup Time": 264.862,
                                        "Actual Total Time": 264.863,
                                        "Actual Rows": 10002,
                                        "Actual Loops": 5,
                                        "Hash Buckets": 65536,
                                        "Original Hash Buckets": 16384,
                                        "Hash Batches": 1,
                                        "Original Hash Batches": 1,
                                        "Peak Memory Usage": 3744,
                                        "Plans": [
                                          {
                                            "Node Type": "Seq Scan",
                                            "Parent Relationship": "Outer",
                                            "Parallel Aware": true,
                                            "Relation Name": "name",
                                            "Alias": "n",
                                            "Startup Cost": 0.0,
                                            "Total Cost": 71240.66,
                                            "Plan Rows": 2419,
                                            "Plan Width": 19,
                                            "Actual Startup Time": 121.274,
                                            "Actual Total Time": 253.477,
                                            "Actual Rows": 10002,
                                            "Actual Loops": 5,
                                            "Filter": "((name ~~ '%An%'::text) AND ((gender)::text = 'f'::text))",
                                            "Rows Removed by Filter": 823496
                                          }
                                        ]
                                      }
                                    ]
                                  }
                                ]
                              }
                            ]
                          }
                        ]
                      },
                      {
                        "Node Type": "Hash",
                        "Parent Relationship": "Inner",
                        "Parallel Aware": false,
                        "Startup Cost": 689901648.92,
                        "Total Cost": 689901648.92,
                        "Plan Rows": 899,
                        "Plan Width": 32,
                        "Actual Startup Time": 3959.278,
                        "Actual Total Time": 3982.228,
                        "Actual Rows": 265553,
                        "Actual Loops": 1,
                        "Hash Buckets": 524288,
                        "Original Hash Buckets": 1024,
                        "Hash Batches": 1,
                        "Original Hash Batches": 1,
                        "Peak Memory Usage": 19987,
                        "Plans": [
                          {
                            "Node Type": "Hash Join",
                            "Parent Relationship": "Outer",
                            "Parallel Aware": false,
                            "Join Type": "Inner",
                            "Startup Cost": 689900855.29,
                            "Total Cost": 689901648.92,
                            "Plan Rows": 899,
                            "Plan Width": 32,
                            "Actual Startup Time": 3764.402,
                            "Actual Total Time": 3925.016,
                            "Actual Rows": 265553,
                            "Actual Loops": 1,
                            "Inner Unique": false,
                            "Hash Cond": "(mi.movie_id = ci.movie_id)",
                            "Plans": [
                              {
                                "Node Type": "Hash Join",
                                "Parent Relationship": "Outer",
                                "Parallel Aware": false,
                                "Join Type": "Inner",
                                "Startup Cost": 268791.88,
                                "Total Cost": 269522.36,
                                "Plan Rows": 4814,
                                "Plan Width": 4,
                                "Actual Startup Time": 1233.085,
                                "Actual Total Time": 1263.731,
                                "Actual Rows": 451039,
                                "Actual Loops": 1,
                                "Inner Unique": false,
                                "Hash Cond": "(it.id = mi.info_type_id)",
                                "Plans": [
                                  {
                                    "Node Type": "Seq Scan",
                                    "Parent Relationship": "Outer",
                                    "Parallel Aware": false,
                                    "Relation Name": "info_type",
                                    "Alias": "it",
                                    "Startup Cost": 0.0,
                                    "Total Cost": 2.41,
                                    "Plan Rows": 1,
                                    "Plan Width": 4,
                                    "Actual Startup Time": 0.021,
                                    "Actual Total Time": 0.035,
                                    "Actual Rows": 1,
                                    "Actual Loops": 1,
                                    "Filter": "((info)::text = 'release dates'::text)",
                                    "Rows Removed by Filter": 112
                                  },
                                  {
                                    "Node Type": "Hash",
                                    "Parent Relationship": "Inner",
                                    "Parallel Aware": false,
                                    "Startup Cost": 261992.62,
                                    "Total Cost": 261992.62,
                                    "Plan Rows": 543941,
                                    "Plan Width": 8,
                                    "Actual Startup Time": 1227.43,
                                    "Actual Total Time": 1227.496,
                                    "Actual Rows": 451104,
                                    "Actual Loops": 1,
                                    "Hash Buckets": 1048576,
                                    "Original Hash Buckets": 1048576,
                                    "Hash Batches": 1,
                                    "Original Hash Batches": 1,
                                    "Peak Memory Usage": 25814,
                                    "Plans": [
                                      {
                                        "Node Type": "Gather",
                                        "Parent Relationship": "Outer",
                                        "Parallel Aware": false,
                                        "Startup Cost": 1000.0,
                                        "Total Cost": 261992.62,
                                        "Plan Rows": 543941,
                                        "Plan Width": 8,
                                        "Actual Startup Time": 134.02,
                                        "Actual Total Time": 1175.796,
                                        "Actual Rows": 451104,
                                        "Actual Loops": 1,
                                        "Workers Planned": 5,
                                        "Workers Launched": 3,
                                        "Single Copy": false,
                                        "Plans": [
                                          {
                                            "Node Type": "Seq Scan",
                                            "Parent Relationship": "Outer",
                                            "Parallel Aware": true,
                                            "Relation Name": "movie_info",
                                            "Alias": "mi",
                                            "Startup Cost": 0.0,
                                            "Total Cost": 206598.52,
                                            "Plan Rows": 108788,
                                            "Plan Width": 8,
                                            "Actual Startup Time": 124.248,
                                            "Actual Total Time": 1149.92,
                                            "Actual Rows": 112776,
                                            "Actual Loops": 4,
                                            "Filter": "((info IS NOT NULL) AND ((info ~~ 'Japan:%200%'::text) OR (info ~~ 'USA:%200%'::text)))",
                                            "Rows Removed by Filter": 3596154
                                          }
                                        ]
                                      }
                                    ]
                                  }
                                ]
                              },
                              {
                                "Node Type": "Hash",
                                "Parent Relationship": "Inner",
                                "Parallel Aware": false,
                                "Startup Cost": 689629798.71,
                                "Total Cost": 689629798.71,
                                "Plan Rows": 181176,
                                "Plan Width": 28,
                                "Actual Startup Time": 2529.955,
                                "Actual Total Time": 2552.834,
                                "Actual Rows": 483319,
                                "Actual Loops": 1,
                                "Hash Buckets": 524288,
                                "Original Hash Buckets": 262144,
                                "Hash Batches": 1,
                                "Original Hash Batches": 1,
                                "Peak Memory Usage": 30418,
                                "Plans": [
                                  {
                                    "Node Type": "Hash Join",
                                    "Parent Relationship": "Outer",
                                    "Parallel Aware": false,
                                    "Join Type": "Inner",
                                    "Startup Cost": 689625268.17,
                                    "Total Cost": 689629798.71,
                                    "Plan Rows": 181176,
                                    "Plan Width": 28,
                                    "Actual Startup Time": 2373.073,
                                    "Actual Total Time": 2446.072,
                                    "Actual Rows": 483319,
                                    "Actual Loops": 1,
                                    "Inner Unique": false,
                                    "Hash Cond": "(rt.id = ci.role_id)",
                                    "Plans": [
                                      {
                                        "Node Type": "Seq Scan",
                                        "Parent Relationship": "Outer",
                                        "Parallel Aware": false,
                                        "Relation Name": "role_type",
                                        "Alias": "rt",
                                        "Startup Cost": 0.0,
                                        "Total Cost": 1.15,
                                        "Plan Rows": 1,
                                        "Plan Width": 4,
                                        "Actual Startup Time": 0.035,
                                        "Actual Total Time": 0.045,
                                        "Actual Rows": 1,
                                        "Actual Loops": 1,
                                        "Filter": "((role)::text = 'actress'::text)",
                                        "Rows Removed by Filter": 11
                                      },
                                      {
                                        "Node Type": "Hash",
                                        "Parent Relationship": "Inner",
                                        "Parallel Aware": false,
                                        "Startup Cost": 689598091.83,
                                        "Total Cost": 689598091.83,
                                        "Plan Rows": 2174107,
                                        "Plan Width": 32,
                                        "Actual Startup Time": 2355.029,
                                        "Actual Total Time": 2377.905,
                                        "Actual Rows": 1732265,
                                        "Actual Loops": 1,
                                        "Hash Buckets": 4194304,
                                        "Original Hash Buckets": 4194304,
                                        "Hash Batches": 1,
                                        "Original Hash Batches": 1,
                                        "Peak Memory Usage": 134049,
                                        "Plans": [
                                          {
                                            "Node Type": "Gather",
                                            "Parent Relationship": "Outer",
                                            "Parallel Aware": false,
                                            "Startup Cost": 1103179.22,
                                            "Total Cost": 689598091.83,
                                            "Plan Rows": 2174107,
                                            "Plan Width": 32,
                                            "Actual Startup Time": 1638.634,
                                            "Actual Total Time": 2146.351,
                                            "Actual Rows": 1732265,
                                            "Actual Loops": 1,
                                            "Workers Planned": 4,
                                            "Workers Launched": 4,
                                            "Single Copy": false,
                                            "Plans": [
                                              {
                                                "Node Type": "Hash Join",
                                                "Parent Relationship": "Outer",
                                                "Parallel Aware": true,
                                                "Join Type": "Inner",
                                                "Startup Cost": 1102179.22,
                                                "Total Cost": 689379681.13,
                                                "Plan Rows": 543527,
                                                "Plan Width": 32,
                                                "Actual Startup Time": 1621.988,
                                                "Actual Total Time": 2074.104,
                                                "Actual Rows": 346453,
                                                "Actual Loops": 5,
                                                "Inner Unique": false,
                                                "Hash Cond": "(chn.id = ci.person_role_id)",
                                                "Plans": [
                                                  {
                                                    "Node Type": "Seq Scan",
                                                    "Parent Relationship": "Outer",
                                                    "Parallel Aware": true,
                                                    "Relation Name": "char_name",
                                                    "Alias": "chn",
                                                    "Startup Cost": 0.0,
                                                    "Total Cost": 44298.63,
                                                    "Plan Rows": 785063,
                                                    "Plan Width": 20,
                                                    "Actual Startup Time": 0.043,
                                                    "Actual Total Time": 182.58,
                                                    "Actual Rows": 628068,
                                                    "Actual Loops": 5
                                                  },
                                                  {
                                                    "Node Type": "Hash",
                                                    "Parent Relationship": "Inner",
                                                    "Parallel Aware": true,
                                                    "Startup Cost": 1093412.66,
                                                    "Total Cost": 1093412.66,
                                                    "Plan Rows": 701325,
                                                    "Plan Width": 20,
                                                    "Actual Startup Time": 1614.42,
                                                    "Actual Total Time": 1614.926,
                                                    "Actual Rows": 361321,
                                                    "Actual Loops": 5,
                                                    "Hash Buckets": 4194304,
                                                    "Original Hash Buckets": 4194304,
                                                    "Hash Batches": 1,
                                                    "Original Hash Batches": 1,
                                                    "Peak Memory Usage": 127744,
                                                    "Plans": [
                                                      {
                                                        "Node Type": "Hash Join",
                                                        "Parent Relationship": "Outer",
                                                        "Parallel Aware": true,
                                                        "Join Type": "Inner",
                                                        "Startup Cost": 345235.1,
                                                        "Total Cost": 1093412.66,
                                                        "Plan Rows": 701325,
                                                        "Plan Width": 20,
                                                        "Actual Startup Time": 1323.893,
                                                        "Actual Total Time": 1472.131,
                                                        "Actual Rows": 361321,
                                                        "Actual Loops": 5,
                                                        "Inner Unique": false,
                                                        "Hash Cond": "(an.person_id = ci.person_id)",
                                                        "Plans": [
                                                          {
                                                            "Node Type": "Seq Scan",
                                                            "Parent Relationship": "Outer",
                                                            "Parallel Aware": true,
                                                            "Relation Name": "aka_name",
                                                            "Alias": "an",
                                                            "Startup Cost": 0.0,
                                                            "Total Cost": 14303.56,
                                                            "Plan Rows": 290756,
                                                            "Plan Width": 4,
                                                            "Actual Startup Time": 0.027,
                                                            "Actual Total Time": 53.454,
                                                            "Actual Rows": 180269,
                                                            "Actual Loops": 5
                                                          },
                                                          {
                                                            "Node Type": "Hash",
                                                            "Parent Relationship": "Inner",
                                                            "Parallel Aware": true,
                                                            "Startup Cost": 343331.56,
                                                            "Total Cost": 343331.56,
                                                            "Plan Rows": 152283,
                                                            "Plan Width": 16,
                                                            "Actual Startup Time": 1322.322,
                                                            "Actual Total Time": 1322.324,
                                                            "Actual Rows": 173495,
                                                            "Actual Loops": 5,
                                                            "Hash Buckets": 1048576,
                                                            "Original Hash Buckets": 1048576,
                                                            "Hash Batches": 1,
                                                            "Original Hash Batches": 1,
                                                            "Peak Memory Usage": 48960,
                                                            "Plans": [
                                                              {
                                                                "Node Type": "Seq Scan",
                                                                "Parent Relationship": "Outer",
                                                                "Parallel Aware": true,
                                                                "Relation Name": "cast_info",
                                                                "Alias": "ci",
                                                                "Startup Cost": 0.0,
                                                                "Total Cost": 343331.56,
                                                                "Plan Rows": 152283,
                                                                "Plan Width": 16,
                                                                "Actual Startup Time": 0.132,
                                                                "Actual Total Time": 1247.655,
                                                                "Actual Rows": 173495,
                                                                "Actual Loops": 5,
                                                                "Filter": "(note = ANY ('{(voice),\"(voice: Japanese version)\",\"(voice) (uncredited)\",\"(voice: English version)\"}'::text[]))",
                                                                "Rows Removed by Filter": 7075373
                                                              }
                                                            ]
                                                          }
                                                        ]
                                                      }
                                                    ]
                                                  }
                                                ]
                                              }
                                            ]
                                          }
                                        ]
                                      }
                                    ]
                                  }
                                ]
                              }
                            ]
                          }
                        ]
                      }
                    ]
                  },
                  {
                    "Node Type": "Hash",
                    "Parent Relationship": "Inner",
                    "Parallel Aware": false,
                    "Startup Cost": 159260.6,
                    "Total Cost": 159260.6,
                    "Plan Rows": 1,
                    "Plan Width": 12,
                    "Actual Startup Time": 1227.938,
                    "Actual Total Time": 1228.014,
                    "Actual Rows": 129,
                    "Actual Loops": 1,
                    "Hash Buckets": 1024,
                    "Original Hash Buckets": 1024,
                    "Hash Batches": 1,
                    "Original Hash Batches": 1,
                    "Peak Memory Usage": 14,
                    "Plans": [
                      {
                        "Node Type": "Hash Join",
                        "Parent Relationship": "Outer",
                        "Parallel Aware": false,
                        "Join Type": "Inner",
                        "Startup Cost": 103952.39,
                        "Total Cost": 159260.6,
                        "Plan Rows": 1,
                        "Plan Width": 12,
                        "Actual Startup Time": 635.64,
                        "Actual Total Time": 1227.937,
                        "Actual Rows": 129,
                        "Actual Loops": 1,
                        "Inner Unique": false,
                        "Hash Cond": "(mc.movie_id = mk.movie_id)",
                        "Plans": [
                          {
                            "Node Type": "Hash Join",
                            "Parent Relationship": "Outer",
                            "Parallel Aware": false,
                            "Join Type": "Inner",
                            "Startup Cost": 7006.6,
                            "Total Cost": 58736.98,
                            "Plan Rows": 954076,
                            "Plan Width": 4,
                            "Actual Startup Time": 48.645,
                            "Actual Total Time": 698.322,
                            "Actual Rows": 1153798,
                            "Actual Loops": 1,
                            "Inner Unique": true,
                            "Hash Cond": "(mc.company_id = cn.id)",
                            "Plans": [
                              {
                                "Node Type": "Seq Scan",
                                "Parent Relationship": "Outer",
                                "Parallel Aware": false,
                                "Relation Name": "movie_companies",
                                "Alias": "mc",
                                "Startup Cost": 0.0,
                                "Total Cost": 44881.29,
                                "Plan Rows": 2609129,
                                "Plan Width": 8,
                                "Actual Startup Time": 0.036,
                                "Actual Total Time": 303.078,
                                "Actual Rows": 2609129,
                                "Actual Loops": 1
                              },
                              {
                                "Node Type": "Hash",
                                "Parent Relationship": "Inner",
                                "Parallel Aware": false,
                                "Startup Cost": 5932.46,
                                "Total Cost": 5932.46,
                                "Plan Rows": 85931,
                                "Plan Width": 4,
                                "Actual Startup Time": 48.091,
                                "Actual Total Time": 48.092,
                                "Actual Rows": 84843,
                                "Actual Loops": 1,
                                "Hash Buckets": 131072,
                                "Original Hash Buckets": 131072,
                                "Hash Batches": 1,
                                "Original Hash Batches": 1,
                                "Peak Memory Usage": 4007,
                                "Plans": [
                                  {
                                    "Node Type": "Seq Scan",
                                    "Parent Relationship": "Outer",
                                    "Parallel Aware": false,
                                    "Relation Name": "company_name",
                                    "Alias": "cn",
                                    "Startup Cost": 0.0,
                                    "Total Cost": 5932.46,
                                    "Plan Rows": 85931,
                                    "Plan Width": 4,
                                    "Actual Startup Time": 0.037,
                                    "Actual Total Time": 34.646,
                                    "Actual Rows": 84843,
                                    "Actual Loops": 1,
                                    "Filter": "((country_code)::text = '[us]'::text)",
                                    "Rows Removed by Filter": 150154
                                  }
                                ]
                              }
                            ]
                          },
                          {
                            "Node Type": "Hash",
                            "Parent Relationship": "Inner",
                            "Parallel Aware": false,
                            "Startup Cost": 96945.75,
                            "Total Cost": 96945.75,
                            "Plan Rows": 3,
                            "Plan Width": 8,
                            "Actual Startup Time": 472.705,
                            "Actual Total Time": 472.776,
                            "Actual Rows": 23,
                            "Actual Loops": 1,
                            "Hash Buckets": 1024,
                            "Original Hash Buckets": 1024,
                            "Hash Batches": 1,
                            "Original Hash Batches": 1,
                            "Peak Memory Usage": 9,
                            "Plans": [
                              {
                                "Node Type": "Hash Join",
                                "Parent Relationship": "Outer",
                                "Parallel Aware": false,
                                "Join Type": "Inner",
                                "Startup Cost": 94311.56,
                                "Total Cost": 96945.75,
                                "Plan Rows": 3,
                                "Plan Width": 8,
                                "Actual Startup Time": 458.949,
                                "Actual Total Time": 472.754,
                                "Actual Rows": 23,
                                "Actual Loops": 1,
                                "Inner Unique": false,
                                "Hash Cond": "(k.id = mk.keyword_id)",
                                "Plans": [
                                  {
                                    "Node Type": "Seq Scan",
                                    "Parent Relationship": "Outer",
                                    "Parallel Aware": false,
                                    "Relation Name": "keyword",
                                    "Alias": "k",
                                    "Startup Cost": 0.0,
                                    "Total Cost": 2626.12,
                                    "Plan Rows": 1,
                                    "Plan Width": 4,
                                    "Actual Startup Time": 0.076,
                                    "Actual Total Time": 13.804,
                                    "Actual Rows": 1,
                                    "Actual Loops": 1,
                                    "Filter": "(keyword = 'computer-animation'::text)",
                                    "Rows Removed by Filter": 134169
                                  },
                                  {
                                    "Node Type": "Hash",
                                    "Parent Relationship": "Inner",
                                    "Parallel Aware": false,
                                    "Startup Cost": 89415.2,
                                    "Total Cost": 89415.2,
                                    "Plan Rows": 391709,
                                    "Plan Width": 12,
                                    "Actual Startup Time": 456.635,
                                    "Actual Total Time": 456.702,
                                    "Actual Rows": 742266,
                                    "Actual Loops": 1,
                                    "Hash Buckets": 1048576,
                                    "Original Hash Buckets": 524288,
                                    "Hash Batches": 1,
                                    "Original Hash Batches": 1,
                                    "Peak Memory Usage": 40087,
                                    "Plans": [
                                      {
                                        "Node Type": "Gather",
                                        "Parent Relationship": "Outer",
                                        "Parallel Aware": false,
                                        "Startup Cost": 4460.9,
                                        "Total Cost": 89415.2,
                                        "Plan Rows": 391709,
                                        "Plan Width": 12,
                                        "Actual Startup Time": 54.028,
                                        "Actual Total Time": 325.304,
                                        "Actual Rows": 742266,
                                        "Actual Loops": 1,
                                        "Workers Planned": 3,
                                        "Workers Launched": 3,
                                        "Single Copy": false,
                                        "Plans": [
                                          {
                                            "Node Type": "Hash Join",
                                            "Parent Relationship": "Outer",
                                            "Parallel Aware": false,
                                            "Join Type": "Inner",
                                            "Startup Cost": 3460.9,
                                            "Total Cost": 49244.3,
                                            "Plan Rows": 126358,
                                            "Plan Width": 12,
                                            "Actual Startup Time": 67.11,
                                            "Actual Total Time": 319.774,
                                            "Actual Rows": 185566,
                                            "Actual Loops": 4,
                                            "Inner Unique": false,
                                            "Hash Cond": "(mk.movie_id = cc.movie_id)",
                                            "Plans": [
                                              {
                                                "Node Type": "Seq Scan",
                                                "Parent Relationship": "Outer",
                                                "Parallel Aware": true,
                                                "Relation Name": "movie_keyword",
                                                "Alias": "mk",
                                                "Startup Cost": 0.0,
                                                "Total Cost": 39047.32,
                                                "Plan Rows": 1459332,
                                                "Plan Width": 8,
                                                "Actual Startup Time": 0.07,
                                                "Actual Total Time": 138.239,
                                                "Actual Rows": 1130982,
                                                "Actual Loops": 4
                                              },
                                              {
                                                "Node Type": "Hash",
                                                "Parent Relationship": "Inner",
                                                "Parallel Aware": false,
                                                "Startup Cost": 3355.36,
                                                "Total Cost": 3355.36,
                                                "Plan Rows": 8443,
                                                "Plan Width": 4,
                                                "Actual Startup Time": 65.8,
                                                "Actual Total Time": 65.806,
                                                "Actual Rows": 17879,
                                                "Actual Loops": 4,
                                                "Hash Buckets": 32768,
                                                "Original Hash Buckets": 16384,
                                                "Hash Batches": 1,
                                                "Original Hash Batches": 1,
                                                "Peak Memory Usage": 885,
                                                "Plans": [
                                                  {
                                                    "Node Type": "Hash Join",
                                                    "Parent Relationship": "Outer",
                                                    "Parallel Aware": false,
                                                    "Join Type": "Inner",
                                                    "Startup Cost": 3235.39,
                                                    "Total Cost": 3355.36,
                                                    "Plan Rows": 8443,
                                                    "Plan Width": 4,
                                                    "Actual Startup Time": 61.196,
                                                    "Actual Total Time": 62.91,
                                                    "Actual Rows": 17879,
                                                    "Actual Loops": 4,
                                                    "Inner Unique": false,
                                                    "Hash Cond": "(cct2.id = cc.status_id)",
                                                    "Plans": [
                                                      {
                                                        "Node Type": "Seq Scan",
                                                        "Parent Relationship": "Outer",
                                                        "Parallel Aware": false,
                                                        "Relation Name": "comp_cast_type",
                                                        "Alias": "cct2",
                                                        "Startup Cost": 0.0,
                                                        "Total Cost": 1.05,
                                                        "Plan Rows": 1,
                                                        "Plan Width": 4,
                                                        "Actual Startup Time": 0.081,
                                                        "Actual Total Time": 0.083,
                                                        "Actual Rows": 1,
                                                        "Actual Loops": 4,
                                                        "Filter": "((kind)::text = 'complete+verified'::text)",
                                                        "Rows Removed by Filter": 3
                                                      },
                                                      {
                                                        "Node Type": "Hash",
                                                        "Parent Relationship": "Inner",
                                                        "Parallel Aware": false,
                                                        "Startup Cost": 2813.24,
                                                        "Total Cost": 2813.24,
                                                        "Plan Rows": 33772,
                                                        "Plan Width": 8,
                                                        "Actual Startup Time": 60.415,
                                                        "Actual Total Time": 60.418,
                                                        "Actual Rows": 85941,
                                                        "Actual Loops": 4,
                                                        "Hash Buckets": 131072,
                                                        "Original Hash Buckets": 65536,
                                                        "Hash Batches": 1,
                                                        "Original Hash Batches": 1,
                                                        "Peak Memory Usage": 4382,
                                                        "Plans": [
                                                          {
                                                            "Node Type": "Hash Join",
                                                            "Parent Relationship": "Outer",
                                                            "Parallel Aware": false,
                                                            "Join Type": "Inner",
                                                            "Startup Cost": 1.06,
                                                            "Total Cost": 2813.24,
                                                            "Plan Rows": 33772,
                                                            "Plan Width": 8,
                                                            "Actual Startup Time": 0.149,
                                                            "Actual Total Time": 42.969,
                                                            "Actual Rows": 85941,
                                                            "Actual Loops": 4,
                                                            "Inner Unique": true,
                                                            "Hash Cond": "(cc.subject_id = cct1.id)",
                                                            "Plans": [
                                                              {
                                                                "Node Type": "Seq Scan",
                                                                "Parent Relationship": "Outer",
                                                                "Parallel Aware": false,
                                                                "Relation Name": "complete_cast",
                                                                "Alias": "cc",
                                                                "Startup Cost": 0.0,
                                                                "Total Cost": 2081.86,
                                                                "Plan Rows": 135086,
                                                                "Plan Width": 12,
                                                                "Actual Startup Time": 0.072,
                                                                "Actual Total Time": 19.42,
                                                                "Actual Rows": 135086,
                                                                "Actual Loops": 4
                                                              },
                                                              {
                                                                "Node Type": "Hash",
                                                                "Parent Relationship": "Inner",
                                                                "Parallel Aware": false,
                                                                "Startup Cost": 1.05,
                                                                "Total Cost": 1.05,
                                                                "Plan Rows": 1,
                                                                "Plan Width": 4,
                                                                "Actual Startup Time": 0.033,
                                                                "Actual Total Time": 0.034,
                                                                "Actual Rows": 1,
                                                                "Actual Loops": 4,
                                                                "Hash Buckets": 1024,
                                                                "Original Hash Buckets": 1024,
                                                                "Hash Batches": 1,
                                                                "Original Hash Batches": 1,
                                                                "Peak Memory Usage": 9,
                                                                "Plans": [
                                                                  {
                                                                    "Node Type": "Seq Scan",
                                                                    "Parent Relationship": "Outer",
                                                                    "Parallel Aware": false,
                                                                    "Relation Name": "comp_cast_type",
                                                                    "Alias": "cct1",
                                                                    "Startup Cost": 0.0,
                                                                    "Total Cost": 1.05,
                                                                    "Plan Rows": 1,
                                                                    "Plan Width": 4,
                                                                    "Actual Startup Time": 0.01,
                                                                    "Actual Total Time": 0.014,
                                                                    "Actual Rows": 1,
                                                                    "Actual Loops": 4,
                                                                    "Filter": "((kind)::text = 'cast'::text)",
                                                                    "Rows Removed by Filter": 3
                                                                  }
                                                                ]
                                                              }
                                                            ]
                                                          }
                                                        ]
                                                      }
                                                    ]
                                                  }
                                                ]
                                              }
                                            ]
                                          }
                                        ]
                                      }
                                    ]
                                  }
                                ]
                              }
                            ]
                          }
                        ]
                      }
                    ]
                  }
                ]
              }
            ]
          }
        ]
      }
    ]
  },
  "Planning Time": 3396.906,
  "Triggers": [],
  "Execution Time": 6327.321
}