[
    {
        "Bao": {
            "Bao prediction": "NaN",
            "Bao recommended hint": "(no hint)"
        }
    },
    {
        "Plan": {
            "Node Type": "Aggregate",
            "Strategy": "Plain",
            "Partial Mode": "Simple",
            "Parallel Aware": false,
            "Startup Cost": 21561.64,
            "Total Cost": 21561.65,
            "Plan Rows": 1,
            "Plan Width": 8,
            "Actual Startup Time": 29.708,
            "Actual Total Time": 29.71,
            "Actual Rows": 1,
            "Actual Loops": 1,
            "Output": [
                "count(*)"
            ],
            "Plans": [
                {
                    "Node Type": "Bitmap Heap Scan",
                    "Parent Relationship": "Outer",
                    "Parallel Aware": false,
                    "Relation Name": "movie_companies",
                    "Schema": "public",
                    "Alias": "mc",
                    "Startup Cost": 1579.26,
                    "Total Cost": 21468.25,
                    "Plan Rows": 37353,
                    "Plan Width": 0,
                    "Actual Startup Time": 4.446,
                    "Actual Total Time": 24.933,
                    "Actual Rows": 74926,
                    "Actual Loops": 1,
                    "Recheck Cond": "(mc.company_id > 173281)",
                    "Rows Removed by Index Recheck": 0,
                    "Filter": "(mc.company_type_id > 1)",
                    "Rows Removed by Filter": 0,
                    "Exact Heap Blocks": 2579,
                    "Lossy Heap Blocks": 0,
                    "Plans": [
                        {
                            "Node Type": "Bitmap Index Scan",
                            "Parent Relationship": "Outer",
                            "Parallel Aware": false,
                            "Index Name": "company_id_movie_companies",
                            "Startup Cost": 0.0,
                            "Total Cost": 1569.92,
                            "Plan Rows": 73266,
                            "Plan Width": 0,
                            "Actual Startup Time": 4.031,
                            "Actual Total Time": 4.031,
                            "Actual Rows": 74926,
                            "Actual Loops": 1,
                            "Index Cond": "(mc.company_id > 173281)"
                        }
                    ]
                }
            ]
        },
        "Planning Time": 295.093,
        "Triggers": [],
        "Execution Time": 29.764
    }
]