[
  {
    "Plan": {
      "Node Type": "Aggregate",
      "Strategy": "Plain",
      "Partial Mode": "Finalize",
      "Parallel Aware": false,
      "Startup Cost": 205941.3,
      "Total Cost": 205941.31,
      "Plan Rows": 1,
      "Plan Width": 8,
      "Actual Startup Time": 305.773,
      "Actual Total Time": 327.517,
      "Actual Rows": 1,
      "Actual Loops": 1,
      "Plans": [
        {
          "Node Type": "Gather",
          "Parent Relationship": "Outer",
          "Parallel Aware": false,
          "Startup Cost": 205940.67,
          "Total Cost": 205941.28,
          "Plan Rows": 6,
          "Plan Width": 8,
          "Actual Startup Time": 305.656,
          "Actual Total Time": 327.503,
          "Actual Rows": 7,
          "Actual Loops": 1,
          "Workers Planned": 6,
          "Workers Launched": 6,
          "Single Copy": false,
          "Plans": [
            {
              "Node Type": "Aggregate",
              "Strategy": "Plain",
              "Partial Mode": "Partial",
              "Parent Relationship": "Outer",
              "Parallel Aware": false,
              "Startup Cost": 204940.67,
              "Total Cost": 204940.68,
              "Plan Rows": 1,
              "Plan Width": 8,
              "Actual Startup Time": 295.725,
              "Actual Total Time": 295.727,
              "Actual Rows": 1,
              "Actual Loops": 7,
              "Plans": [
                {
                  "Node Type": "Index Scan",
                  "Parent Relationship": "Outer",
                  "Parallel Aware": true,
                  "Scan Direction": "Forward",
                  "Index Name": "role_id_cast_info",
                  "Relation Name": "cast_info",
                  "Alias": "ci",
                  "Startup Cost": 0.56,
                  "Total Cost": 201884.69,
                  "Plan Rows": 1222393,
                  "Plan Width": 0,
                  "Actual Startup Time": 0.144,
                  "Actual Total Time": 243.773,
                  "Actual Rows": 1064568,
                  "Actual Loops": 7,
                  "Index Cond": "(role_id = 2)",
                  "Rows Removed by Index Recheck": 0,
                  "Filter": "(person_id < 3902639)",
                  "Rows Removed by Filter": 0
                }
              ]
            }
          ]
        }
      ]
    },
    "Planning Time": 0.205,
    "Triggers": [],
    "Execution Time": 327.585
  }
]